Warning: you requested the nanomsg event logger, but bmv2 was compiled without -DBMELOG, and the event logger cannot be activated
Calling target program-options parser
[07:37:44.323] [bmv2] [D] [thread 11963] Set default default entry for table 'tbl_repeater56': repeater56 - 
[07:37:44.323] [bmv2] [D] [thread 11963] Set default default entry for table 'tbl_repeater58': repeater58 - 
Adding interface s1-eth1 as port 1
[07:37:44.324] [bmv2] [D] [thread 11963] Adding interface s1-eth1 as port 1
Adding interface s1-eth2 as port 2
[07:37:44.367] [bmv2] [D] [thread 11963] Adding interface s1-eth2 as port 2
[07:37:44.427] [bmv2] [I] [thread 11963] Starting Thrift server on port 9090
[07:37:44.428] [bmv2] [I] [thread 11963] Thrift server was started
[07:37:44.499] [bmv2] [D] [thread 11969] [0.0] [cxt 0] Processing packet received on port 2
[07:37:44.499] [bmv2] [D] [thread 11969] [0.0] [cxt 0] Parser 'parser': start
[07:37:44.499] [bmv2] [D] [thread 11969] [0.0] [cxt 0] Parser 'parser' entering state 'start'
[07:37:44.499] [bmv2] [D] [thread 11969] [0.0] [cxt 0] Parser state 'start' has no switch, going to default next state
[07:37:44.499] [bmv2] [T] [thread 11969] [0.0] [cxt 0] Bytes parsed: 0
[07:37:44.499] [bmv2] [D] [thread 11969] [0.0] [cxt 0] Parser 'parser': end
[07:37:44.499] [bmv2] [D] [thread 11969] [0.0] [cxt 0] Pipeline 'ingress': start
[07:37:44.499] [bmv2] [T] [thread 11969] [0.0] [cxt 0] repeater.p4(55) Condition "standard_metadata.ingress_port==1" (node_2) is false
[07:37:44.499] [bmv2] [T] [thread 11969] [0.0] [cxt 0] Applying table 'tbl_repeater58'
[07:37:44.499] [bmv2] [D] [thread 11969] [0.0] [cxt 0] Looking up key:

[07:37:44.499] [bmv2] [D] [thread 11969] [0.0] [cxt 0] Table 'tbl_repeater58': miss
[07:37:44.499] [bmv2] [D] [thread 11969] [0.0] [cxt 0] Action entry is repeater58 - 
[07:37:44.499] [bmv2] [T] [thread 11969] [0.0] [cxt 0] Action repeater58
[07:37:44.499] [bmv2] [T] [thread 11969] [0.0] [cxt 0] repeater.p4(58) Primitive standard_metadata.egress_spec=1
[07:37:44.499] [bmv2] [D] [thread 11969] [0.0] [cxt 0] Pipeline 'ingress': end
[07:37:44.499] [bmv2] [D] [thread 11969] [0.0] [cxt 0] Egress port is 1
[07:37:44.499] [bmv2] [D] [thread 11971] [0.0] [cxt 0] Pipeline 'egress': start
[07:37:44.499] [bmv2] [D] [thread 11971] [0.0] [cxt 0] Pipeline 'egress': end
[07:37:44.499] [bmv2] [D] [thread 11971] [0.0] [cxt 0] Deparser 'deparser': start
[07:37:44.499] [bmv2] [D] [thread 11971] [0.0] [cxt 0] Deparser 'deparser': end
[07:37:44.500] [bmv2] [D] [thread 11974] [0.0] [cxt 0] Transmitting packet of size 78 out of port 1
[07:37:44.929] [bmv2] [D] [thread 11969] [1.0] [cxt 0] Processing packet received on port 2
[07:37:44.929] [bmv2] [D] [thread 11969] [1.0] [cxt 0] Parser 'parser': start
[07:37:44.929] [bmv2] [D] [thread 11969] [1.0] [cxt 0] Parser 'parser' entering state 'start'
[07:37:44.929] [bmv2] [D] [thread 11969] [1.0] [cxt 0] Parser state 'start' has no switch, going to default next state
[07:37:44.929] [bmv2] [T] [thread 11969] [1.0] [cxt 0] Bytes parsed: 0
[07:37:44.930] [bmv2] [D] [thread 11969] [1.0] [cxt 0] Parser 'parser': end
[07:37:44.930] [bmv2] [D] [thread 11969] [1.0] [cxt 0] Pipeline 'ingress': start
[07:37:44.930] [bmv2] [T] [thread 11969] [1.0] [cxt 0] repeater.p4(55) Condition "standard_metadata.ingress_port==1" (node_2) is false
[07:37:44.930] [bmv2] [T] [thread 11969] [1.0] [cxt 0] Applying table 'tbl_repeater58'
[07:37:44.930] [bmv2] [D] [thread 11969] [1.0] [cxt 0] Looking up key:

[07:37:44.930] [bmv2] [D] [thread 11969] [1.0] [cxt 0] Table 'tbl_repeater58': miss
[07:37:44.930] [bmv2] [D] [thread 11969] [1.0] [cxt 0] Action entry is repeater58 - 
[07:37:44.930] [bmv2] [T] [thread 11969] [1.0] [cxt 0] Action repeater58
[07:37:44.930] [bmv2] [T] [thread 11969] [1.0] [cxt 0] repeater.p4(58) Primitive standard_metadata.egress_spec=1
[07:37:44.930] [bmv2] [D] [thread 11969] [1.0] [cxt 0] Pipeline 'ingress': end
[07:37:44.930] [bmv2] [D] [thread 11969] [1.0] [cxt 0] Egress port is 1
[07:37:44.930] [bmv2] [D] [thread 11971] [1.0] [cxt 0] Pipeline 'egress': start
[07:37:44.930] [bmv2] [D] [thread 11971] [1.0] [cxt 0] Pipeline 'egress': end
[07:37:44.930] [bmv2] [D] [thread 11971] [1.0] [cxt 0] Deparser 'deparser': start
[07:37:44.930] [bmv2] [D] [thread 11971] [1.0] [cxt 0] Deparser 'deparser': end
[07:37:44.931] [bmv2] [D] [thread 11974] [1.0] [cxt 0] Transmitting packet of size 90 out of port 1
[07:37:45.053] [bmv2] [D] [thread 11969] [2.0] [cxt 0] Processing packet received on port 1
[07:37:45.054] [bmv2] [D] [thread 11969] [2.0] [cxt 0] Parser 'parser': start
[07:37:45.054] [bmv2] [D] [thread 11969] [2.0] [cxt 0] Parser 'parser' entering state 'start'
[07:37:45.054] [bmv2] [D] [thread 11969] [2.0] [cxt 0] Parser state 'start' has no switch, going to default next state
[07:37:45.054] [bmv2] [T] [thread 11969] [2.0] [cxt 0] Bytes parsed: 0
[07:37:45.054] [bmv2] [D] [thread 11969] [2.0] [cxt 0] Parser 'parser': end
[07:37:45.054] [bmv2] [D] [thread 11969] [2.0] [cxt 0] Pipeline 'ingress': start
[07:37:45.054] [bmv2] [T] [thread 11969] [2.0] [cxt 0] repeater.p4(55) Condition "standard_metadata.ingress_port==1" (node_2) is true
[07:37:45.054] [bmv2] [T] [thread 11969] [2.0] [cxt 0] Applying table 'tbl_repeater56'
[07:37:45.054] [bmv2] [D] [thread 11969] [2.0] [cxt 0] Looking up key:

[07:37:45.054] [bmv2] [D] [thread 11969] [2.0] [cxt 0] Table 'tbl_repeater56': miss
[07:37:45.054] [bmv2] [D] [thread 11969] [2.0] [cxt 0] Action entry is repeater56 - 
[07:37:45.054] [bmv2] [T] [thread 11969] [2.0] [cxt 0] Action repeater56
[07:37:45.054] [bmv2] [T] [thread 11969] [2.0] [cxt 0] repeater.p4(56) Primitive standard_metadata.egress_spec=2
[07:37:45.054] [bmv2] [D] [thread 11969] [2.0] [cxt 0] Pipeline 'ingress': end
[07:37:45.054] [bmv2] [D] [thread 11969] [2.0] [cxt 0] Egress port is 2
[07:37:45.054] [bmv2] [D] [thread 11972] [2.0] [cxt 0] Pipeline 'egress': start
[07:37:45.055] [bmv2] [D] [thread 11972] [2.0] [cxt 0] Pipeline 'egress': end
[07:37:45.055] [bmv2] [D] [thread 11972] [2.0] [cxt 0] Deparser 'deparser': start
[07:37:45.055] [bmv2] [D] [thread 11972] [2.0] [cxt 0] Deparser 'deparser': end
[07:37:45.055] [bmv2] [D] [thread 11974] [2.0] [cxt 0] Transmitting packet of size 78 out of port 2
[07:37:45.216] [bmv2] [D] [thread 11969] [3.0] [cxt 0] Processing packet received on port 1
[07:37:45.216] [bmv2] [D] [thread 11969] [3.0] [cxt 0] Parser 'parser': start
[07:37:45.216] [bmv2] [D] [thread 11969] [3.0] [cxt 0] Parser 'parser' entering state 'start'
[07:37:45.216] [bmv2] [D] [thread 11969] [3.0] [cxt 0] Parser state 'start' has no switch, going to default next state
[07:37:45.216] [bmv2] [T] [thread 11969] [3.0] [cxt 0] Bytes parsed: 0
[07:37:45.216] [bmv2] [D] [thread 11969] [3.0] [cxt 0] Parser 'parser': end
[07:37:45.216] [bmv2] [D] [thread 11969] [3.0] [cxt 0] Pipeline 'ingress': start
[07:37:45.216] [bmv2] [T] [thread 11969] [3.0] [cxt 0] repeater.p4(55) Condition "standard_metadata.ingress_port==1" (node_2) is true
[07:37:45.216] [bmv2] [T] [thread 11969] [3.0] [cxt 0] Applying table 'tbl_repeater56'
[07:37:45.216] [bmv2] [D] [thread 11969] [3.0] [cxt 0] Looking up key:

[07:37:45.216] [bmv2] [D] [thread 11969] [3.0] [cxt 0] Table 'tbl_repeater56': miss
[07:37:45.216] [bmv2] [D] [thread 11969] [3.0] [cxt 0] Action entry is repeater56 - 
[07:37:45.216] [bmv2] [T] [thread 11969] [3.0] [cxt 0] Action repeater56
[07:37:45.217] [bmv2] [T] [thread 11969] [3.0] [cxt 0] repeater.p4(56) Primitive standard_metadata.egress_spec=2
[07:37:45.217] [bmv2] [D] [thread 11969] [3.0] [cxt 0] Pipeline 'ingress': end
[07:37:45.217] [bmv2] [D] [thread 11969] [3.0] [cxt 0] Egress port is 2
[07:37:45.217] [bmv2] [D] [thread 11972] [3.0] [cxt 0] Pipeline 'egress': start
[07:37:45.217] [bmv2] [D] [thread 11972] [3.0] [cxt 0] Pipeline 'egress': end
[07:37:45.217] [bmv2] [D] [thread 11972] [3.0] [cxt 0] Deparser 'deparser': start
[07:37:45.217] [bmv2] [D] [thread 11972] [3.0] [cxt 0] Deparser 'deparser': end
[07:37:45.217] [bmv2] [D] [thread 11974] [3.0] [cxt 0] Transmitting packet of size 90 out of port 2
[07:38:54.509] [bmv2] [T] [thread 12221] bm_get_config
[07:41:05.948] [bmv2] [D] [thread 11969] [4.0] [cxt 0] Processing packet received on port 1
[07:41:05.948] [bmv2] [D] [thread 11969] [4.0] [cxt 0] Parser 'parser': start
[07:41:05.948] [bmv2] [D] [thread 11969] [4.0] [cxt 0] Parser 'parser' entering state 'start'
[07:41:05.948] [bmv2] [D] [thread 11969] [4.0] [cxt 0] Parser state 'start' has no switch, going to default next state
[07:41:05.948] [bmv2] [T] [thread 11969] [4.0] [cxt 0] Bytes parsed: 0
[07:41:05.948] [bmv2] [D] [thread 11969] [4.0] [cxt 0] Parser 'parser': end
[07:41:05.948] [bmv2] [D] [thread 11969] [4.0] [cxt 0] Pipeline 'ingress': start
[07:41:05.948] [bmv2] [T] [thread 11969] [4.0] [cxt 0] repeater.p4(55) Condition "standard_metadata.ingress_port==1" (node_2) is true
[07:41:05.948] [bmv2] [T] [thread 11969] [4.0] [cxt 0] Applying table 'tbl_repeater56'
[07:41:05.948] [bmv2] [D] [thread 11969] [4.0] [cxt 0] Looking up key:

[07:41:05.948] [bmv2] [D] [thread 11969] [4.0] [cxt 0] Table 'tbl_repeater56': miss
[07:41:05.948] [bmv2] [D] [thread 11969] [4.0] [cxt 0] Action entry is repeater56 - 
[07:41:05.948] [bmv2] [T] [thread 11969] [4.0] [cxt 0] Action repeater56
[07:41:05.948] [bmv2] [T] [thread 11969] [4.0] [cxt 0] repeater.p4(56) Primitive standard_metadata.egress_spec=2
[07:41:05.948] [bmv2] [D] [thread 11969] [4.0] [cxt 0] Pipeline 'ingress': end
[07:41:05.948] [bmv2] [D] [thread 11969] [4.0] [cxt 0] Egress port is 2
[07:41:05.948] [bmv2] [D] [thread 11972] [4.0] [cxt 0] Pipeline 'egress': start
[07:41:05.948] [bmv2] [D] [thread 11972] [4.0] [cxt 0] Pipeline 'egress': end
[07:41:05.948] [bmv2] [D] [thread 11972] [4.0] [cxt 0] Deparser 'deparser': start
[07:41:05.948] [bmv2] [D] [thread 11972] [4.0] [cxt 0] Deparser 'deparser': end
[07:41:05.948] [bmv2] [D] [thread 11974] [4.0] [cxt 0] Transmitting packet of size 39 out of port 2
[07:41:05.949] [bmv2] [D] [thread 11969] [5.0] [cxt 0] Processing packet received on port 2
[07:41:05.949] [bmv2] [D] [thread 11969] [5.0] [cxt 0] Parser 'parser': start
[07:41:05.949] [bmv2] [D] [thread 11969] [5.0] [cxt 0] Parser 'parser' entering state 'start'
[07:41:05.950] [bmv2] [D] [thread 11969] [5.0] [cxt 0] Parser state 'start' has no switch, going to default next state
[07:41:05.950] [bmv2] [T] [thread 11969] [5.0] [cxt 0] Bytes parsed: 0
[07:41:05.950] [bmv2] [D] [thread 11969] [5.0] [cxt 0] Parser 'parser': end
[07:41:05.950] [bmv2] [D] [thread 11969] [5.0] [cxt 0] Pipeline 'ingress': start
[07:41:05.950] [bmv2] [T] [thread 11969] [5.0] [cxt 0] repeater.p4(55) Condition "standard_metadata.ingress_port==1" (node_2) is false
[07:41:05.950] [bmv2] [T] [thread 11969] [5.0] [cxt 0] Applying table 'tbl_repeater58'
[07:41:05.950] [bmv2] [D] [thread 11969] [5.0] [cxt 0] Looking up key:

[07:41:05.950] [bmv2] [D] [thread 11969] [5.0] [cxt 0] Table 'tbl_repeater58': miss
[07:41:05.950] [bmv2] [D] [thread 11969] [5.0] [cxt 0] Action entry is repeater58 - 
[07:41:05.950] [bmv2] [T] [thread 11969] [5.0] [cxt 0] Action repeater58
[07:41:05.950] [bmv2] [T] [thread 11969] [5.0] [cxt 0] repeater.p4(58) Primitive standard_metadata.egress_spec=1
[07:41:05.950] [bmv2] [D] [thread 11969] [5.0] [cxt 0] Pipeline 'ingress': end
[07:41:05.950] [bmv2] [D] [thread 11969] [5.0] [cxt 0] Egress port is 1
[07:41:05.950] [bmv2] [D] [thread 11971] [5.0] [cxt 0] Pipeline 'egress': start
[07:41:05.950] [bmv2] [D] [thread 11971] [5.0] [cxt 0] Pipeline 'egress': end
[07:41:05.950] [bmv2] [D] [thread 11971] [5.0] [cxt 0] Deparser 'deparser': start
[07:41:05.950] [bmv2] [D] [thread 11971] [5.0] [cxt 0] Deparser 'deparser': end
[07:41:05.950] [bmv2] [D] [thread 11974] [5.0] [cxt 0] Transmitting packet of size 67 out of port 1
