Warning: you requested the nanomsg event logger, but bmv2 was compiled without -DBMELOG, and the event logger cannot be activated
Calling target program-options parser
[09:44:40.898] [bmv2] [D] [thread 3640] Set default default entry for table 'MyIngress.myTable': NoAction - 
Adding interface s1-eth1 as port 1
[09:44:40.898] [bmv2] [D] [thread 3640] Adding interface s1-eth1 as port 1
Adding interface s1-eth2 as port 2
[09:44:40.920] [bmv2] [D] [thread 3640] Adding interface s1-eth2 as port 2
[09:44:40.944] [bmv2] [I] [thread 3640] Starting Thrift server on port 9090
[09:44:40.945] [bmv2] [I] [thread 3640] Thrift server was started
[09:44:41.081] [bmv2] [D] [thread 3646] [0.0] [cxt 0] Processing packet received on port 1
[09:44:41.081] [bmv2] [D] [thread 3646] [0.0] [cxt 0] Parser 'parser': start
[09:44:41.081] [bmv2] [D] [thread 3646] [0.0] [cxt 0] Parser 'parser' entering state 'start'
[09:44:41.082] [bmv2] [D] [thread 3646] [0.0] [cxt 0] Parser state 'start' has no switch, going to default next state
[09:44:41.082] [bmv2] [T] [thread 3646] [0.0] [cxt 0] Bytes parsed: 0
[09:44:41.082] [bmv2] [D] [thread 3646] [0.0] [cxt 0] Parser 'parser': end
[09:44:41.082] [bmv2] [D] [thread 3646] [0.0] [cxt 0] Pipeline 'ingress': start
[09:44:41.082] [bmv2] [T] [thread 3646] [0.0] [cxt 0] Applying table 'MyIngress.myTable'
[09:44:41.082] [bmv2] [D] [thread 3646] [0.0] [cxt 0] Looking up key:
* standard_metadata.ingress_port: 0001

[09:44:41.082] [bmv2] [D] [thread 3646] [0.0] [cxt 0] Table 'MyIngress.myTable': miss
[09:44:41.082] [bmv2] [D] [thread 3646] [0.0] [cxt 0] Action entry is NoAction - 
[09:44:41.082] [bmv2] [T] [thread 3646] [0.0] [cxt 0] Action NoAction
[09:44:41.082] [bmv2] [D] [thread 3646] [0.0] [cxt 0] Pipeline 'ingress': end
[09:44:41.082] [bmv2] [D] [thread 3646] [0.0] [cxt 0] Egress port is 0
[09:44:41.083] [bmv2] [D] [thread 3647] [0.0] [cxt 0] Pipeline 'egress': start
[09:44:41.083] [bmv2] [D] [thread 3647] [0.0] [cxt 0] Pipeline 'egress': end
[09:44:41.083] [bmv2] [D] [thread 3647] [0.0] [cxt 0] Deparser 'deparser': start
[09:44:41.083] [bmv2] [D] [thread 3647] [0.0] [cxt 0] Deparser 'deparser': end
[09:44:41.083] [bmv2] [D] [thread 3651] [0.0] [cxt 0] Transmitting packet of size 78 out of port 0
[09:44:41.281] [bmv2] [D] [thread 3646] [1.0] [cxt 0] Processing packet received on port 2
[09:44:41.281] [bmv2] [D] [thread 3646] [1.0] [cxt 0] Parser 'parser': start
[09:44:41.281] [bmv2] [D] [thread 3646] [1.0] [cxt 0] Parser 'parser' entering state 'start'
[09:44:41.281] [bmv2] [D] [thread 3646] [1.0] [cxt 0] Parser state 'start' has no switch, going to default next state
[09:44:41.281] [bmv2] [T] [thread 3646] [1.0] [cxt 0] Bytes parsed: 0
[09:44:41.281] [bmv2] [D] [thread 3646] [1.0] [cxt 0] Parser 'parser': end
[09:44:41.281] [bmv2] [D] [thread 3646] [1.0] [cxt 0] Pipeline 'ingress': start
[09:44:41.281] [bmv2] [T] [thread 3646] [1.0] [cxt 0] Applying table 'MyIngress.myTable'
[09:44:41.281] [bmv2] [D] [thread 3646] [1.0] [cxt 0] Looking up key:
* standard_metadata.ingress_port: 0002

[09:44:41.281] [bmv2] [D] [thread 3646] [1.0] [cxt 0] Table 'MyIngress.myTable': miss
[09:44:41.281] [bmv2] [D] [thread 3646] [1.0] [cxt 0] Action entry is NoAction - 
[09:44:41.281] [bmv2] [T] [thread 3646] [1.0] [cxt 0] Action NoAction
[09:44:41.281] [bmv2] [D] [thread 3646] [1.0] [cxt 0] Pipeline 'ingress': end
[09:44:41.281] [bmv2] [D] [thread 3646] [1.0] [cxt 0] Egress port is 0
[09:44:41.282] [bmv2] [D] [thread 3647] [1.0] [cxt 0] Pipeline 'egress': start
[09:44:41.282] [bmv2] [D] [thread 3647] [1.0] [cxt 0] Pipeline 'egress': end
[09:44:41.282] [bmv2] [D] [thread 3647] [1.0] [cxt 0] Deparser 'deparser': start
[09:44:41.282] [bmv2] [D] [thread 3647] [1.0] [cxt 0] Deparser 'deparser': end
[09:44:41.282] [bmv2] [D] [thread 3651] [1.0] [cxt 0] Transmitting packet of size 78 out of port 0
[09:44:41.441] [bmv2] [D] [thread 3646] [2.0] [cxt 0] Processing packet received on port 1
[09:44:41.441] [bmv2] [D] [thread 3646] [2.0] [cxt 0] Parser 'parser': start
[09:44:41.441] [bmv2] [D] [thread 3646] [2.0] [cxt 0] Parser 'parser' entering state 'start'
[09:44:41.441] [bmv2] [D] [thread 3646] [2.0] [cxt 0] Parser state 'start' has no switch, going to default next state
[09:44:41.441] [bmv2] [T] [thread 3646] [2.0] [cxt 0] Bytes parsed: 0
[09:44:41.441] [bmv2] [D] [thread 3646] [2.0] [cxt 0] Parser 'parser': end
[09:44:41.441] [bmv2] [D] [thread 3646] [2.0] [cxt 0] Pipeline 'ingress': start
[09:44:41.442] [bmv2] [T] [thread 3646] [2.0] [cxt 0] Applying table 'MyIngress.myTable'
[09:44:41.442] [bmv2] [D] [thread 3646] [2.0] [cxt 0] Looking up key:
* standard_metadata.ingress_port: 0001

[09:44:41.442] [bmv2] [D] [thread 3646] [2.0] [cxt 0] Table 'MyIngress.myTable': miss
[09:44:41.442] [bmv2] [D] [thread 3646] [2.0] [cxt 0] Action entry is NoAction - 
[09:44:41.442] [bmv2] [T] [thread 3646] [2.0] [cxt 0] Action NoAction
[09:44:41.442] [bmv2] [D] [thread 3646] [2.0] [cxt 0] Pipeline 'ingress': end
[09:44:41.442] [bmv2] [D] [thread 3646] [2.0] [cxt 0] Egress port is 0
[09:44:41.442] [bmv2] [D] [thread 3647] [2.0] [cxt 0] Pipeline 'egress': start
[09:44:41.442] [bmv2] [D] [thread 3647] [2.0] [cxt 0] Pipeline 'egress': end
[09:44:41.442] [bmv2] [D] [thread 3647] [2.0] [cxt 0] Deparser 'deparser': start
[09:44:41.442] [bmv2] [D] [thread 3647] [2.0] [cxt 0] Deparser 'deparser': end
[09:44:41.443] [bmv2] [D] [thread 3651] [2.0] [cxt 0] Transmitting packet of size 90 out of port 0
[09:44:41.473] [bmv2] [D] [thread 3646] [3.0] [cxt 0] Processing packet received on port 2
[09:44:41.473] [bmv2] [D] [thread 3646] [3.0] [cxt 0] Parser 'parser': start
[09:44:41.473] [bmv2] [D] [thread 3646] [3.0] [cxt 0] Parser 'parser' entering state 'start'
[09:44:41.473] [bmv2] [D] [thread 3646] [3.0] [cxt 0] Parser state 'start' has no switch, going to default next state
[09:44:41.473] [bmv2] [T] [thread 3646] [3.0] [cxt 0] Bytes parsed: 0
[09:44:41.473] [bmv2] [D] [thread 3646] [3.0] [cxt 0] Parser 'parser': end
[09:44:41.473] [bmv2] [D] [thread 3646] [3.0] [cxt 0] Pipeline 'ingress': start
[09:44:41.473] [bmv2] [T] [thread 3646] [3.0] [cxt 0] Applying table 'MyIngress.myTable'
[09:44:41.474] [bmv2] [D] [thread 3646] [3.0] [cxt 0] Looking up key:
* standard_metadata.ingress_port: 0002

[09:44:41.474] [bmv2] [D] [thread 3646] [3.0] [cxt 0] Table 'MyIngress.myTable': miss
[09:44:41.474] [bmv2] [D] [thread 3646] [3.0] [cxt 0] Action entry is NoAction - 
[09:44:41.474] [bmv2] [T] [thread 3646] [3.0] [cxt 0] Action NoAction
[09:44:41.474] [bmv2] [D] [thread 3646] [3.0] [cxt 0] Pipeline 'ingress': end
[09:44:41.474] [bmv2] [D] [thread 3646] [3.0] [cxt 0] Egress port is 0
[09:44:41.474] [bmv2] [D] [thread 3647] [3.0] [cxt 0] Pipeline 'egress': start
[09:44:41.474] [bmv2] [D] [thread 3647] [3.0] [cxt 0] Pipeline 'egress': end
[09:44:41.474] [bmv2] [D] [thread 3647] [3.0] [cxt 0] Deparser 'deparser': start
[09:44:41.474] [bmv2] [D] [thread 3647] [3.0] [cxt 0] Deparser 'deparser': end
[09:44:41.474] [bmv2] [D] [thread 3651] [3.0] [cxt 0] Transmitting packet of size 90 out of port 0
[09:45:09.642] [bmv2] [T] [thread 3699] bm_get_config
[09:45:33.355] [bmv2] [T] [thread 3699] bm_table_add_entry
[09:45:33.363] [bmv2] [D] [thread 3699] Entry 0 added to table 'MyIngress.myTable'
[09:45:33.363] [bmv2] [D] [thread 3699] Dumping entry 0
Match key:
* standard_metadata.ingress_port: EXACT     0001
Action entry: MyIngress.setEgressSpec - 2,

[09:45:41.180] [bmv2] [T] [thread 3699] bm_table_add_entry
[09:45:41.189] [bmv2] [D] [thread 3699] Entry 1 added to table 'MyIngress.myTable'
[09:45:41.189] [bmv2] [D] [thread 3699] Dumping entry 1
Match key:
* standard_metadata.ingress_port: EXACT     0002
Action entry: MyIngress.setEgressSpec - 1,

[09:46:44.929] [bmv2] [D] [thread 3646] [4.0] [cxt 0] Processing packet received on port 1
[09:46:44.929] [bmv2] [D] [thread 3646] [4.0] [cxt 0] Parser 'parser': start
[09:46:44.929] [bmv2] [D] [thread 3646] [4.0] [cxt 0] Parser 'parser' entering state 'start'
[09:46:44.929] [bmv2] [D] [thread 3646] [4.0] [cxt 0] Parser state 'start' has no switch, going to default next state
[09:46:44.929] [bmv2] [T] [thread 3646] [4.0] [cxt 0] Bytes parsed: 0
[09:46:44.929] [bmv2] [D] [thread 3646] [4.0] [cxt 0] Parser 'parser': end
[09:46:44.929] [bmv2] [D] [thread 3646] [4.0] [cxt 0] Pipeline 'ingress': start
[09:46:44.929] [bmv2] [T] [thread 3646] [4.0] [cxt 0] Applying table 'MyIngress.myTable'
[09:46:44.929] [bmv2] [D] [thread 3646] [4.0] [cxt 0] Looking up key:
* standard_metadata.ingress_port: 0001

[09:46:44.929] [bmv2] [D] [thread 3646] [4.0] [cxt 0] Table 'MyIngress.myTable': hit with handle 0
[09:46:44.929] [bmv2] [D] [thread 3646] [4.0] [cxt 0] Dumping entry 0
Match key:
* standard_metadata.ingress_port: EXACT     0001
Action entry: MyIngress.setEgressSpec - 2,

[09:46:44.929] [bmv2] [D] [thread 3646] [4.0] [cxt 0] Action entry is MyIngress.setEgressSpec - 2,
[09:46:44.929] [bmv2] [T] [thread 3646] [4.0] [cxt 0] Action MyIngress.setEgressSpec
[09:46:44.929] [bmv2] [T] [thread 3646] [4.0] [cxt 0] repeater.p4(48) Primitive standard_metadata.egress_spec = param
[09:46:44.929] [bmv2] [D] [thread 3646] [4.0] [cxt 0] Pipeline 'ingress': end
[09:46:44.929] [bmv2] [D] [thread 3646] [4.0] [cxt 0] Egress port is 2
[09:46:44.929] [bmv2] [D] [thread 3649] [4.0] [cxt 0] Pipeline 'egress': start
[09:46:44.929] [bmv2] [D] [thread 3649] [4.0] [cxt 0] Pipeline 'egress': end
[09:46:44.929] [bmv2] [D] [thread 3649] [4.0] [cxt 0] Deparser 'deparser': start
[09:46:44.929] [bmv2] [D] [thread 3649] [4.0] [cxt 0] Deparser 'deparser': end
[09:46:44.929] [bmv2] [D] [thread 3651] [4.0] [cxt 0] Transmitting packet of size 49 out of port 2
[09:46:44.930] [bmv2] [D] [thread 3646] [5.0] [cxt 0] Processing packet received on port 2
[09:46:44.930] [bmv2] [D] [thread 3646] [5.0] [cxt 0] Parser 'parser': start
[09:46:44.930] [bmv2] [D] [thread 3646] [5.0] [cxt 0] Parser 'parser' entering state 'start'
[09:46:44.930] [bmv2] [D] [thread 3646] [5.0] [cxt 0] Parser state 'start' has no switch, going to default next state
[09:46:44.930] [bmv2] [T] [thread 3646] [5.0] [cxt 0] Bytes parsed: 0
[09:46:44.930] [bmv2] [D] [thread 3646] [5.0] [cxt 0] Parser 'parser': end
[09:46:44.930] [bmv2] [D] [thread 3646] [5.0] [cxt 0] Pipeline 'ingress': start
[09:46:44.930] [bmv2] [T] [thread 3646] [5.0] [cxt 0] Applying table 'MyIngress.myTable'
[09:46:44.930] [bmv2] [D] [thread 3646] [5.0] [cxt 0] Looking up key:
* standard_metadata.ingress_port: 0002

[09:46:44.930] [bmv2] [D] [thread 3646] [5.0] [cxt 0] Table 'MyIngress.myTable': hit with handle 1
[09:46:44.930] [bmv2] [D] [thread 3646] [5.0] [cxt 0] Dumping entry 1
Match key:
* standard_metadata.ingress_port: EXACT     0002
Action entry: MyIngress.setEgressSpec - 1,

[09:46:44.930] [bmv2] [D] [thread 3646] [5.0] [cxt 0] Action entry is MyIngress.setEgressSpec - 1,
[09:46:44.930] [bmv2] [T] [thread 3646] [5.0] [cxt 0] Action MyIngress.setEgressSpec
[09:46:44.930] [bmv2] [T] [thread 3646] [5.0] [cxt 0] repeater.p4(48) Primitive standard_metadata.egress_spec = param
[09:46:44.930] [bmv2] [D] [thread 3646] [5.0] [cxt 0] Pipeline 'ingress': end
[09:46:44.930] [bmv2] [D] [thread 3646] [5.0] [cxt 0] Egress port is 1
[09:46:44.930] [bmv2] [D] [thread 3648] [5.0] [cxt 0] Pipeline 'egress': start
[09:46:44.930] [bmv2] [D] [thread 3648] [5.0] [cxt 0] Pipeline 'egress': end
[09:46:44.930] [bmv2] [D] [thread 3648] [5.0] [cxt 0] Deparser 'deparser': start
[09:46:44.930] [bmv2] [D] [thread 3648] [5.0] [cxt 0] Deparser 'deparser': end
[09:46:44.931] [bmv2] [D] [thread 3651] [5.0] [cxt 0] Transmitting packet of size 77 out of port 1
open: No such file or directory
