Warning: you requested the nanomsg event logger, but bmv2 was compiled without -DBMELOG, and the event logger cannot be activated
Calling target program-options parser
[07:52:09.221] [bmv2] [D] [thread 13379] Set default default entry for table 'MyIngress.ipv4_lpm': MyIngress.drop - 
[07:52:09.221] [bmv2] [D] [thread 13379] Set default default entry for table 'MyIngress.ecmp_group_to_nhop': MyIngress.drop - 
Adding interface s1-eth1 as port 1
[07:52:09.225] [bmv2] [D] [thread 13379] Adding interface s1-eth1 as port 1
Adding interface s1-eth2 as port 2
[07:52:09.250] [bmv2] [D] [thread 13379] Adding interface s1-eth2 as port 2
Adding interface s1-eth3 as port 3
[07:52:09.258] [bmv2] [D] [thread 13379] Adding interface s1-eth3 as port 3
Adding interface s1-eth4 as port 4
[07:52:09.282] [bmv2] [D] [thread 13379] Adding interface s1-eth4 as port 4
Adding interface s1-eth5 as port 5
[07:52:09.314] [bmv2] [D] [thread 13379] Adding interface s1-eth5 as port 5
[07:52:09.330] [bmv2] [I] [thread 13379] Starting Thrift server on port 9090
[07:52:09.331] [bmv2] [I] [thread 13379] Thrift server was started
[07:52:09.334] [bmv2] [D] [thread 13559] [0.0] [cxt 0] Processing packet received on port 3
[07:52:09.334] [bmv2] [D] [thread 13559] [0.0] [cxt 0] Parser 'parser': start
[07:52:09.334] [bmv2] [D] [thread 13559] [0.0] [cxt 0] Parser 'parser' entering state 'start'
[07:52:09.334] [bmv2] [D] [thread 13559] [0.0] [cxt 0] Extracting header 'ethernet'
[07:52:09.334] [bmv2] [D] [thread 13559] [0.0] [cxt 0] Parser state 'start': key is 86dd
[07:52:09.334] [bmv2] [T] [thread 13559] [0.0] [cxt 0] Bytes parsed: 14
[07:52:09.334] [bmv2] [D] [thread 13559] [0.0] [cxt 0] Parser 'parser': end
[07:52:09.335] [bmv2] [D] [thread 13559] [0.0] [cxt 0] Pipeline 'ingress': start
[07:52:09.335] [bmv2] [T] [thread 13559] [0.0] [cxt 0] p4src/ecmp.p4(76) Condition "hdr.ipv4.isValid()" (node_2) is false
[07:52:09.335] [bmv2] [D] [thread 13559] [0.0] [cxt 0] Pipeline 'ingress': end
[07:52:09.335] [bmv2] [D] [thread 13559] [0.0] [cxt 0] Egress port is 0
[07:52:09.335] [bmv2] [D] [thread 13560] [0.0] [cxt 0] Pipeline 'egress': start
[07:52:09.335] [bmv2] [D] [thread 13560] [0.0] [cxt 0] Pipeline 'egress': end
[07:52:09.335] [bmv2] [D] [thread 13560] [0.0] [cxt 0] Deparser 'deparser': start
[07:52:09.335] [bmv2] [T] [thread 13560] [0.0] [cxt 0] Skipping checksum 'cksum' update because condition not met
[07:52:09.335] [bmv2] [D] [thread 13560] [0.0] [cxt 0] Deparsing header 'ethernet'
[07:52:09.335] [bmv2] [D] [thread 13560] [0.0] [cxt 0] Deparser 'deparser': end
[07:52:09.335] [bmv2] [D] [thread 13564] [0.0] [cxt 0] Transmitting packet of size 90 out of port 0
[07:52:09.348] [bmv2] [D] [thread 13559] [1.0] [cxt 0] Processing packet received on port 5
[07:52:09.348] [bmv2] [D] [thread 13559] [1.0] [cxt 0] Parser 'parser': start
[07:52:09.348] [bmv2] [D] [thread 13559] [1.0] [cxt 0] Parser 'parser' entering state 'start'
[07:52:09.349] [bmv2] [D] [thread 13559] [1.0] [cxt 0] Extracting header 'ethernet'
[07:52:09.349] [bmv2] [D] [thread 13559] [1.0] [cxt 0] Parser state 'start': key is 86dd
[07:52:09.349] [bmv2] [T] [thread 13559] [1.0] [cxt 0] Bytes parsed: 14
[07:52:09.349] [bmv2] [D] [thread 13559] [1.0] [cxt 0] Parser 'parser': end
[07:52:09.349] [bmv2] [D] [thread 13559] [1.0] [cxt 0] Pipeline 'ingress': start
[07:52:09.349] [bmv2] [T] [thread 13559] [1.0] [cxt 0] p4src/ecmp.p4(76) Condition "hdr.ipv4.isValid()" (node_2) is false
[07:52:09.349] [bmv2] [D] [thread 13559] [1.0] [cxt 0] Pipeline 'ingress': end
[07:52:09.349] [bmv2] [D] [thread 13559] [1.0] [cxt 0] Egress port is 0
[07:52:09.349] [bmv2] [D] [thread 13560] [1.0] [cxt 0] Pipeline 'egress': start
[07:52:09.349] [bmv2] [D] [thread 13560] [1.0] [cxt 0] Pipeline 'egress': end
[07:52:09.349] [bmv2] [D] [thread 13560] [1.0] [cxt 0] Deparser 'deparser': start
[07:52:09.349] [bmv2] [T] [thread 13560] [1.0] [cxt 0] Skipping checksum 'cksum' update because condition not met
[07:52:09.349] [bmv2] [D] [thread 13560] [1.0] [cxt 0] Deparsing header 'ethernet'
[07:52:09.349] [bmv2] [D] [thread 13560] [1.0] [cxt 0] Deparser 'deparser': end
[07:52:09.349] [bmv2] [D] [thread 13564] [1.0] [cxt 0] Transmitting packet of size 90 out of port 0
[07:52:09.498] [bmv2] [D] [thread 13559] [2.0] [cxt 0] Processing packet received on port 2
[07:52:09.499] [bmv2] [D] [thread 13559] [2.0] [cxt 0] Parser 'parser': start
[07:52:09.499] [bmv2] [D] [thread 13559] [2.0] [cxt 0] Parser 'parser' entering state 'start'
[07:52:09.499] [bmv2] [D] [thread 13559] [2.0] [cxt 0] Extracting header 'ethernet'
[07:52:09.499] [bmv2] [D] [thread 13559] [2.0] [cxt 0] Parser state 'start': key is 86dd
[07:52:09.499] [bmv2] [T] [thread 13559] [2.0] [cxt 0] Bytes parsed: 14
[07:52:09.499] [bmv2] [D] [thread 13559] [2.0] [cxt 0] Parser 'parser': end
[07:52:09.499] [bmv2] [D] [thread 13559] [2.0] [cxt 0] Pipeline 'ingress': start
[07:52:09.499] [bmv2] [T] [thread 13559] [2.0] [cxt 0] p4src/ecmp.p4(76) Condition "hdr.ipv4.isValid()" (node_2) is false
[07:52:09.499] [bmv2] [D] [thread 13559] [2.0] [cxt 0] Pipeline 'ingress': end
[07:52:09.499] [bmv2] [D] [thread 13559] [2.0] [cxt 0] Egress port is 0
[07:52:09.499] [bmv2] [D] [thread 13560] [2.0] [cxt 0] Pipeline 'egress': start
[07:52:09.499] [bmv2] [D] [thread 13560] [2.0] [cxt 0] Pipeline 'egress': end
[07:52:09.499] [bmv2] [D] [thread 13560] [2.0] [cxt 0] Deparser 'deparser': start
[07:52:09.499] [bmv2] [T] [thread 13560] [2.0] [cxt 0] Skipping checksum 'cksum' update because condition not met
[07:52:09.499] [bmv2] [D] [thread 13560] [2.0] [cxt 0] Deparsing header 'ethernet'
[07:52:09.499] [bmv2] [D] [thread 13560] [2.0] [cxt 0] Deparser 'deparser': end
[07:52:09.499] [bmv2] [D] [thread 13564] [2.0] [cxt 0] Transmitting packet of size 78 out of port 0
[07:52:09.573] [bmv2] [D] [thread 13559] [3.0] [cxt 0] Processing packet received on port 5
[07:52:09.573] [bmv2] [D] [thread 13559] [3.0] [cxt 0] Parser 'parser': start
[07:52:09.573] [bmv2] [D] [thread 13559] [3.0] [cxt 0] Parser 'parser' entering state 'start'
[07:52:09.573] [bmv2] [D] [thread 13559] [3.0] [cxt 0] Extracting header 'ethernet'
[07:52:09.573] [bmv2] [D] [thread 13559] [3.0] [cxt 0] Parser state 'start': key is 86dd
[07:52:09.573] [bmv2] [T] [thread 13559] [3.0] [cxt 0] Bytes parsed: 14
[07:52:09.573] [bmv2] [D] [thread 13559] [3.0] [cxt 0] Parser 'parser': end
[07:52:09.574] [bmv2] [D] [thread 13559] [3.0] [cxt 0] Pipeline 'ingress': start
[07:52:09.574] [bmv2] [T] [thread 13559] [3.0] [cxt 0] p4src/ecmp.p4(76) Condition "hdr.ipv4.isValid()" (node_2) is false
[07:52:09.574] [bmv2] [D] [thread 13559] [3.0] [cxt 0] Pipeline 'ingress': end
[07:52:09.574] [bmv2] [D] [thread 13559] [3.0] [cxt 0] Egress port is 0
[07:52:09.574] [bmv2] [D] [thread 13560] [3.0] [cxt 0] Pipeline 'egress': start
[07:52:09.574] [bmv2] [D] [thread 13560] [3.0] [cxt 0] Pipeline 'egress': end
[07:52:09.574] [bmv2] [D] [thread 13560] [3.0] [cxt 0] Deparser 'deparser': start
[07:52:09.574] [bmv2] [T] [thread 13560] [3.0] [cxt 0] Skipping checksum 'cksum' update because condition not met
[07:52:09.574] [bmv2] [D] [thread 13560] [3.0] [cxt 0] Deparsing header 'ethernet'
[07:52:09.574] [bmv2] [D] [thread 13560] [3.0] [cxt 0] Deparser 'deparser': end
[07:52:09.574] [bmv2] [D] [thread 13564] [3.0] [cxt 0] Transmitting packet of size 90 out of port 0
[07:52:09.623] [bmv2] [D] [thread 13559] [4.0] [cxt 0] Processing packet received on port 1
[07:52:09.623] [bmv2] [D] [thread 13559] [4.0] [cxt 0] Parser 'parser': start
[07:52:09.623] [bmv2] [D] [thread 13559] [4.0] [cxt 0] Parser 'parser' entering state 'start'
[07:52:09.623] [bmv2] [D] [thread 13559] [4.0] [cxt 0] Extracting header 'ethernet'
[07:52:09.623] [bmv2] [D] [thread 13559] [4.0] [cxt 0] Parser state 'start': key is 86dd
[07:52:09.623] [bmv2] [T] [thread 13559] [4.0] [cxt 0] Bytes parsed: 14
[07:52:09.623] [bmv2] [D] [thread 13559] [4.0] [cxt 0] Parser 'parser': end
[07:52:09.623] [bmv2] [D] [thread 13559] [4.0] [cxt 0] Pipeline 'ingress': start
[07:52:09.623] [bmv2] [T] [thread 13559] [4.0] [cxt 0] p4src/ecmp.p4(76) Condition "hdr.ipv4.isValid()" (node_2) is false
[07:52:09.623] [bmv2] [D] [thread 13559] [4.0] [cxt 0] Pipeline 'ingress': end
[07:52:09.623] [bmv2] [D] [thread 13559] [4.0] [cxt 0] Egress port is 0
[07:52:09.624] [bmv2] [D] [thread 13560] [4.0] [cxt 0] Pipeline 'egress': start
[07:52:09.624] [bmv2] [D] [thread 13560] [4.0] [cxt 0] Pipeline 'egress': end
[07:52:09.624] [bmv2] [D] [thread 13560] [4.0] [cxt 0] Deparser 'deparser': start
[07:52:09.624] [bmv2] [T] [thread 13560] [4.0] [cxt 0] Skipping checksum 'cksum' update because condition not met
[07:52:09.624] [bmv2] [D] [thread 13560] [4.0] [cxt 0] Deparsing header 'ethernet'
[07:52:09.624] [bmv2] [D] [thread 13560] [4.0] [cxt 0] Deparser 'deparser': end
[07:52:09.624] [bmv2] [D] [thread 13564] [4.0] [cxt 0] Transmitting packet of size 90 out of port 0
[07:52:09.666] [bmv2] [D] [thread 13559] [5.0] [cxt 0] Processing packet received on port 4
[07:52:09.666] [bmv2] [D] [thread 13559] [5.0] [cxt 0] Parser 'parser': start
[07:52:09.666] [bmv2] [D] [thread 13559] [5.0] [cxt 0] Parser 'parser' entering state 'start'
[07:52:09.666] [bmv2] [D] [thread 13559] [5.0] [cxt 0] Extracting header 'ethernet'
[07:52:09.667] [bmv2] [D] [thread 13559] [5.0] [cxt 0] Parser state 'start': key is 86dd
[07:52:09.667] [bmv2] [T] [thread 13559] [5.0] [cxt 0] Bytes parsed: 14
[07:52:09.667] [bmv2] [D] [thread 13559] [5.0] [cxt 0] Parser 'parser': end
[07:52:09.667] [bmv2] [D] [thread 13559] [5.0] [cxt 0] Pipeline 'ingress': start
[07:52:09.667] [bmv2] [T] [thread 13559] [5.0] [cxt 0] p4src/ecmp.p4(76) Condition "hdr.ipv4.isValid()" (node_2) is false
[07:52:09.667] [bmv2] [D] [thread 13559] [5.0] [cxt 0] Pipeline 'ingress': end
[07:52:09.667] [bmv2] [D] [thread 13559] [5.0] [cxt 0] Egress port is 0
[07:52:09.667] [bmv2] [D] [thread 13560] [5.0] [cxt 0] Pipeline 'egress': start
[07:52:09.667] [bmv2] [D] [thread 13560] [5.0] [cxt 0] Pipeline 'egress': end
[07:52:09.667] [bmv2] [D] [thread 13560] [5.0] [cxt 0] Deparser 'deparser': start
[07:52:09.667] [bmv2] [T] [thread 13560] [5.0] [cxt 0] Skipping checksum 'cksum' update because condition not met
[07:52:09.667] [bmv2] [D] [thread 13560] [5.0] [cxt 0] Deparsing header 'ethernet'
[07:52:09.667] [bmv2] [D] [thread 13560] [5.0] [cxt 0] Deparser 'deparser': end
[07:52:09.667] [bmv2] [D] [thread 13564] [5.0] [cxt 0] Transmitting packet of size 78 out of port 0
[07:52:09.724] [bmv2] [D] [thread 13559] [6.0] [cxt 0] Processing packet received on port 5
[07:52:09.724] [bmv2] [D] [thread 13559] [6.0] [cxt 0] Parser 'parser': start
[07:52:09.724] [bmv2] [D] [thread 13559] [6.0] [cxt 0] Parser 'parser' entering state 'start'
[07:52:09.724] [bmv2] [D] [thread 13559] [6.0] [cxt 0] Extracting header 'ethernet'
[07:52:09.724] [bmv2] [D] [thread 13559] [6.0] [cxt 0] Parser state 'start': key is 86dd
[07:52:09.724] [bmv2] [T] [thread 13559] [6.0] [cxt 0] Bytes parsed: 14
[07:52:09.724] [bmv2] [D] [thread 13559] [6.0] [cxt 0] Parser 'parser': end
[07:52:09.724] [bmv2] [D] [thread 13559] [6.0] [cxt 0] Pipeline 'ingress': start
[07:52:09.724] [bmv2] [T] [thread 13559] [6.0] [cxt 0] p4src/ecmp.p4(76) Condition "hdr.ipv4.isValid()" (node_2) is false
[07:52:09.724] [bmv2] [D] [thread 13559] [6.0] [cxt 0] Pipeline 'ingress': end
[07:52:09.724] [bmv2] [D] [thread 13559] [6.0] [cxt 0] Egress port is 0
[07:52:09.724] [bmv2] [D] [thread 13560] [6.0] [cxt 0] Pipeline 'egress': start
[07:52:09.725] [bmv2] [D] [thread 13560] [6.0] [cxt 0] Pipeline 'egress': end
[07:52:09.725] [bmv2] [D] [thread 13560] [6.0] [cxt 0] Deparser 'deparser': start
[07:52:09.725] [bmv2] [T] [thread 13560] [6.0] [cxt 0] Skipping checksum 'cksum' update because condition not met
[07:52:09.725] [bmv2] [D] [thread 13560] [6.0] [cxt 0] Deparsing header 'ethernet'
[07:52:09.725] [bmv2] [D] [thread 13560] [6.0] [cxt 0] Deparser 'deparser': end
[07:52:09.725] [bmv2] [D] [thread 13564] [6.0] [cxt 0] Transmitting packet of size 78 out of port 0
[07:52:09.731] [bmv2] [D] [thread 13559] [7.0] [cxt 0] Processing packet received on port 2
[07:52:09.731] [bmv2] [D] [thread 13559] [7.0] [cxt 0] Parser 'parser': start
[07:52:09.731] [bmv2] [D] [thread 13559] [7.0] [cxt 0] Parser 'parser' entering state 'start'
[07:52:09.731] [bmv2] [D] [thread 13559] [7.0] [cxt 0] Extracting header 'ethernet'
[07:52:09.731] [bmv2] [D] [thread 13559] [7.0] [cxt 0] Parser state 'start': key is 86dd
[07:52:09.731] [bmv2] [T] [thread 13559] [7.0] [cxt 0] Bytes parsed: 14
[07:52:09.731] [bmv2] [D] [thread 13559] [7.0] [cxt 0] Parser 'parser': end
[07:52:09.731] [bmv2] [D] [thread 13559] [7.0] [cxt 0] Pipeline 'ingress': start
[07:52:09.731] [bmv2] [T] [thread 13559] [7.0] [cxt 0] p4src/ecmp.p4(76) Condition "hdr.ipv4.isValid()" (node_2) is false
[07:52:09.732] [bmv2] [D] [thread 13559] [7.0] [cxt 0] Pipeline 'ingress': end
[07:52:09.732] [bmv2] [D] [thread 13559] [7.0] [cxt 0] Egress port is 0
[07:52:09.732] [bmv2] [D] [thread 13560] [7.0] [cxt 0] Pipeline 'egress': start
[07:52:09.732] [bmv2] [D] [thread 13560] [7.0] [cxt 0] Pipeline 'egress': end
[07:52:09.732] [bmv2] [D] [thread 13560] [7.0] [cxt 0] Deparser 'deparser': start
[07:52:09.732] [bmv2] [T] [thread 13560] [7.0] [cxt 0] Skipping checksum 'cksum' update because condition not met
[07:52:09.732] [bmv2] [D] [thread 13560] [7.0] [cxt 0] Deparsing header 'ethernet'
[07:52:09.732] [bmv2] [D] [thread 13560] [7.0] [cxt 0] Deparser 'deparser': end
[07:52:09.732] [bmv2] [D] [thread 13564] [7.0] [cxt 0] Transmitting packet of size 90 out of port 0
[07:52:09.782] [bmv2] [D] [thread 13559] [8.0] [cxt 0] Processing packet received on port 2
[07:52:09.782] [bmv2] [D] [thread 13559] [8.0] [cxt 0] Parser 'parser': start
[07:52:09.782] [bmv2] [D] [thread 13559] [8.0] [cxt 0] Parser 'parser' entering state 'start'
[07:52:09.782] [bmv2] [D] [thread 13559] [8.0] [cxt 0] Extracting header 'ethernet'
[07:52:09.782] [bmv2] [D] [thread 13559] [8.0] [cxt 0] Parser state 'start': key is 86dd
[07:52:09.782] [bmv2] [T] [thread 13559] [8.0] [cxt 0] Bytes parsed: 14
[07:52:09.782] [bmv2] [D] [thread 13559] [8.0] [cxt 0] Parser 'parser': end
[07:52:09.782] [bmv2] [D] [thread 13559] [8.0] [cxt 0] Pipeline 'ingress': start
[07:52:09.782] [bmv2] [T] [thread 13559] [8.0] [cxt 0] p4src/ecmp.p4(76) Condition "hdr.ipv4.isValid()" (node_2) is false
[07:52:09.782] [bmv2] [D] [thread 13559] [8.0] [cxt 0] Pipeline 'ingress': end
[07:52:09.782] [bmv2] [D] [thread 13559] [8.0] [cxt 0] Egress port is 0
[07:52:09.783] [bmv2] [D] [thread 13560] [8.0] [cxt 0] Pipeline 'egress': start
[07:52:09.783] [bmv2] [D] [thread 13560] [8.0] [cxt 0] Pipeline 'egress': end
[07:52:09.783] [bmv2] [D] [thread 13560] [8.0] [cxt 0] Deparser 'deparser': start
[07:52:09.783] [bmv2] [T] [thread 13560] [8.0] [cxt 0] Skipping checksum 'cksum' update because condition not met
[07:52:09.783] [bmv2] [D] [thread 13560] [8.0] [cxt 0] Deparsing header 'ethernet'
[07:52:09.783] [bmv2] [D] [thread 13560] [8.0] [cxt 0] Deparser 'deparser': end
[07:52:09.783] [bmv2] [D] [thread 13564] [8.0] [cxt 0] Transmitting packet of size 90 out of port 0
[07:52:09.786] [bmv2] [D] [thread 13559] [9.0] [cxt 0] Processing packet received on port 3
[07:52:09.786] [bmv2] [D] [thread 13559] [9.0] [cxt 0] Parser 'parser': start
[07:52:09.786] [bmv2] [D] [thread 13559] [9.0] [cxt 0] Parser 'parser' entering state 'start'
[07:52:09.786] [bmv2] [D] [thread 13559] [9.0] [cxt 0] Extracting header 'ethernet'
[07:52:09.786] [bmv2] [D] [thread 13559] [9.0] [cxt 0] Parser state 'start': key is 86dd
[07:52:09.786] [bmv2] [T] [thread 13559] [9.0] [cxt 0] Bytes parsed: 14
[07:52:09.787] [bmv2] [D] [thread 13559] [9.0] [cxt 0] Parser 'parser': end
[07:52:09.787] [bmv2] [D] [thread 13559] [9.0] [cxt 0] Pipeline 'ingress': start
[07:52:09.787] [bmv2] [T] [thread 13559] [9.0] [cxt 0] p4src/ecmp.p4(76) Condition "hdr.ipv4.isValid()" (node_2) is false
[07:52:09.787] [bmv2] [D] [thread 13559] [9.0] [cxt 0] Pipeline 'ingress': end
[07:52:09.787] [bmv2] [D] [thread 13559] [9.0] [cxt 0] Egress port is 0
[07:52:09.787] [bmv2] [D] [thread 13560] [9.0] [cxt 0] Pipeline 'egress': start
[07:52:09.787] [bmv2] [D] [thread 13560] [9.0] [cxt 0] Pipeline 'egress': end
[07:52:09.787] [bmv2] [D] [thread 13560] [9.0] [cxt 0] Deparser 'deparser': start
[07:52:09.787] [bmv2] [T] [thread 13560] [9.0] [cxt 0] Skipping checksum 'cksum' update because condition not met
[07:52:09.787] [bmv2] [D] [thread 13560] [9.0] [cxt 0] Deparsing header 'ethernet'
[07:52:09.787] [bmv2] [D] [thread 13560] [9.0] [cxt 0] Deparser 'deparser': end
[07:52:09.787] [bmv2] [D] [thread 13564] [9.0] [cxt 0] Transmitting packet of size 78 out of port 0
[07:52:09.834] [bmv2] [D] [thread 13559] [10.0] [cxt 0] Processing packet received on port 4
[07:52:09.834] [bmv2] [D] [thread 13559] [10.0] [cxt 0] Parser 'parser': start
[07:52:09.834] [bmv2] [D] [thread 13559] [10.0] [cxt 0] Parser 'parser' entering state 'start'
[07:52:09.834] [bmv2] [D] [thread 13559] [10.0] [cxt 0] Extracting header 'ethernet'
[07:52:09.834] [bmv2] [D] [thread 13559] [10.0] [cxt 0] Parser state 'start': key is 86dd
[07:52:09.835] [bmv2] [T] [thread 13559] [10.0] [cxt 0] Bytes parsed: 14
[07:52:09.835] [bmv2] [D] [thread 13559] [10.0] [cxt 0] Parser 'parser': end
[07:52:09.835] [bmv2] [D] [thread 13559] [10.0] [cxt 0] Pipeline 'ingress': start
[07:52:09.835] [bmv2] [T] [thread 13559] [10.0] [cxt 0] p4src/ecmp.p4(76) Condition "hdr.ipv4.isValid()" (node_2) is false
[07:52:09.835] [bmv2] [D] [thread 13559] [10.0] [cxt 0] Pipeline 'ingress': end
[07:52:09.835] [bmv2] [D] [thread 13559] [10.0] [cxt 0] Egress port is 0
[07:52:09.835] [bmv2] [D] [thread 13560] [10.0] [cxt 0] Pipeline 'egress': start
[07:52:09.835] [bmv2] [D] [thread 13560] [10.0] [cxt 0] Pipeline 'egress': end
[07:52:09.835] [bmv2] [D] [thread 13560] [10.0] [cxt 0] Deparser 'deparser': start
[07:52:09.835] [bmv2] [T] [thread 13560] [10.0] [cxt 0] Skipping checksum 'cksum' update because condition not met
[07:52:09.835] [bmv2] [D] [thread 13560] [10.0] [cxt 0] Deparsing header 'ethernet'
[07:52:09.835] [bmv2] [D] [thread 13560] [10.0] [cxt 0] Deparser 'deparser': end
[07:52:09.835] [bmv2] [D] [thread 13564] [10.0] [cxt 0] Transmitting packet of size 90 out of port 0
[07:52:09.850] [bmv2] [D] [thread 13559] [11.0] [cxt 0] Processing packet received on port 3
[07:52:09.850] [bmv2] [D] [thread 13559] [11.0] [cxt 0] Parser 'parser': start
[07:52:09.850] [bmv2] [D] [thread 13559] [11.0] [cxt 0] Parser 'parser' entering state 'start'
[07:52:09.850] [bmv2] [D] [thread 13559] [11.0] [cxt 0] Extracting header 'ethernet'
[07:52:09.850] [bmv2] [D] [thread 13559] [11.0] [cxt 0] Parser state 'start': key is 86dd
[07:52:09.850] [bmv2] [T] [thread 13559] [11.0] [cxt 0] Bytes parsed: 14
[07:52:09.850] [bmv2] [D] [thread 13559] [11.0] [cxt 0] Parser 'parser': end
[07:52:09.850] [bmv2] [D] [thread 13559] [11.0] [cxt 0] Pipeline 'ingress': start
[07:52:09.850] [bmv2] [T] [thread 13559] [11.0] [cxt 0] p4src/ecmp.p4(76) Condition "hdr.ipv4.isValid()" (node_2) is false
[07:52:09.850] [bmv2] [D] [thread 13559] [11.0] [cxt 0] Pipeline 'ingress': end
[07:52:09.850] [bmv2] [D] [thread 13559] [11.0] [cxt 0] Egress port is 0
[07:52:09.850] [bmv2] [D] [thread 13560] [11.0] [cxt 0] Pipeline 'egress': start
[07:52:09.850] [bmv2] [D] [thread 13560] [11.0] [cxt 0] Pipeline 'egress': end
[07:52:09.850] [bmv2] [D] [thread 13560] [11.0] [cxt 0] Deparser 'deparser': start
[07:52:09.851] [bmv2] [T] [thread 13560] [11.0] [cxt 0] Skipping checksum 'cksum' update because condition not met
[07:52:09.851] [bmv2] [D] [thread 13560] [11.0] [cxt 0] Deparsing header 'ethernet'
[07:52:09.851] [bmv2] [D] [thread 13560] [11.0] [cxt 0] Deparser 'deparser': end
[07:52:09.851] [bmv2] [D] [thread 13564] [11.0] [cxt 0] Transmitting packet of size 78 out of port 0
[07:52:09.855] [bmv2] [D] [thread 13559] [12.0] [cxt 0] Processing packet received on port 4
[07:52:09.855] [bmv2] [D] [thread 13559] [12.0] [cxt 0] Parser 'parser': start
[07:52:09.855] [bmv2] [D] [thread 13559] [12.0] [cxt 0] Parser 'parser' entering state 'start'
[07:52:09.855] [bmv2] [D] [thread 13559] [12.0] [cxt 0] Extracting header 'ethernet'
[07:52:09.855] [bmv2] [D] [thread 13559] [12.0] [cxt 0] Parser state 'start': key is 86dd
[07:52:09.855] [bmv2] [T] [thread 13559] [12.0] [cxt 0] Bytes parsed: 14
[07:52:09.855] [bmv2] [D] [thread 13559] [12.0] [cxt 0] Parser 'parser': end
[07:52:09.855] [bmv2] [D] [thread 13559] [12.0] [cxt 0] Pipeline 'ingress': start
[07:52:09.855] [bmv2] [T] [thread 13559] [12.0] [cxt 0] p4src/ecmp.p4(76) Condition "hdr.ipv4.isValid()" (node_2) is false
[07:52:09.855] [bmv2] [D] [thread 13559] [12.0] [cxt 0] Pipeline 'ingress': end
[07:52:09.855] [bmv2] [D] [thread 13559] [12.0] [cxt 0] Egress port is 0
[07:52:09.855] [bmv2] [D] [thread 13560] [12.0] [cxt 0] Pipeline 'egress': start
[07:52:09.855] [bmv2] [D] [thread 13560] [12.0] [cxt 0] Pipeline 'egress': end
[07:52:09.855] [bmv2] [D] [thread 13560] [12.0] [cxt 0] Deparser 'deparser': start
[07:52:09.855] [bmv2] [T] [thread 13560] [12.0] [cxt 0] Skipping checksum 'cksum' update because condition not met
[07:52:09.855] [bmv2] [D] [thread 13560] [12.0] [cxt 0] Deparsing header 'ethernet'
[07:52:09.855] [bmv2] [D] [thread 13560] [12.0] [cxt 0] Deparser 'deparser': end
[07:52:09.855] [bmv2] [D] [thread 13564] [12.0] [cxt 0] Transmitting packet of size 90 out of port 0
[07:52:10.016] [bmv2] [D] [thread 13559] [13.0] [cxt 0] Processing packet received on port 2
[07:52:10.016] [bmv2] [D] [thread 13559] [13.0] [cxt 0] Parser 'parser': start
[07:52:10.016] [bmv2] [D] [thread 13559] [13.0] [cxt 0] Parser 'parser' entering state 'start'
[07:52:10.016] [bmv2] [D] [thread 13559] [13.0] [cxt 0] Extracting header 'ethernet'
[07:52:10.016] [bmv2] [D] [thread 13559] [13.0] [cxt 0] Parser state 'start': key is 86dd
[07:52:10.016] [bmv2] [T] [thread 13559] [13.0] [cxt 0] Bytes parsed: 14
[07:52:10.017] [bmv2] [D] [thread 13559] [13.0] [cxt 0] Parser 'parser': end
[07:52:10.017] [bmv2] [D] [thread 13559] [13.0] [cxt 0] Pipeline 'ingress': start
[07:52:10.017] [bmv2] [T] [thread 13559] [13.0] [cxt 0] p4src/ecmp.p4(76) Condition "hdr.ipv4.isValid()" (node_2) is false
[07:52:10.017] [bmv2] [D] [thread 13559] [13.0] [cxt 0] Pipeline 'ingress': end
[07:52:10.017] [bmv2] [D] [thread 13559] [13.0] [cxt 0] Egress port is 0
[07:52:10.017] [bmv2] [D] [thread 13560] [13.0] [cxt 0] Pipeline 'egress': start
[07:52:10.017] [bmv2] [D] [thread 13560] [13.0] [cxt 0] Pipeline 'egress': end
[07:52:10.017] [bmv2] [D] [thread 13560] [13.0] [cxt 0] Deparser 'deparser': start
[07:52:10.017] [bmv2] [T] [thread 13560] [13.0] [cxt 0] Skipping checksum 'cksum' update because condition not met
[07:52:10.017] [bmv2] [D] [thread 13560] [13.0] [cxt 0] Deparsing header 'ethernet'
[07:52:10.017] [bmv2] [D] [thread 13560] [13.0] [cxt 0] Deparser 'deparser': end
[07:52:10.017] [bmv2] [D] [thread 13564] [13.0] [cxt 0] Transmitting packet of size 90 out of port 0
[07:52:10.018] [bmv2] [D] [thread 13559] [14.0] [cxt 0] Processing packet received on port 2
[07:52:10.018] [bmv2] [D] [thread 13559] [14.0] [cxt 0] Parser 'parser': start
[07:52:10.018] [bmv2] [D] [thread 13559] [14.0] [cxt 0] Parser 'parser' entering state 'start'
[07:52:10.018] [bmv2] [D] [thread 13559] [14.0] [cxt 0] Extracting header 'ethernet'
[07:52:10.018] [bmv2] [D] [thread 13559] [14.0] [cxt 0] Parser state 'start': key is 86dd
[07:52:10.018] [bmv2] [T] [thread 13559] [14.0] [cxt 0] Bytes parsed: 14
[07:52:10.018] [bmv2] [D] [thread 13559] [14.0] [cxt 0] Parser 'parser': end
[07:52:10.018] [bmv2] [D] [thread 13559] [14.0] [cxt 0] Pipeline 'ingress': start
[07:52:10.018] [bmv2] [T] [thread 13559] [14.0] [cxt 0] p4src/ecmp.p4(76) Condition "hdr.ipv4.isValid()" (node_2) is false
[07:52:10.018] [bmv2] [D] [thread 13559] [14.0] [cxt 0] Pipeline 'ingress': end
[07:52:10.018] [bmv2] [D] [thread 13559] [14.0] [cxt 0] Egress port is 0
[07:52:10.018] [bmv2] [D] [thread 13560] [14.0] [cxt 0] Pipeline 'egress': start
[07:52:10.018] [bmv2] [D] [thread 13560] [14.0] [cxt 0] Pipeline 'egress': end
[07:52:10.018] [bmv2] [D] [thread 13560] [14.0] [cxt 0] Deparser 'deparser': start
[07:52:10.018] [bmv2] [T] [thread 13560] [14.0] [cxt 0] Skipping checksum 'cksum' update because condition not met
[07:52:10.018] [bmv2] [D] [thread 13560] [14.0] [cxt 0] Deparsing header 'ethernet'
[07:52:10.018] [bmv2] [D] [thread 13560] [14.0] [cxt 0] Deparser 'deparser': end
[07:52:10.019] [bmv2] [D] [thread 13564] [14.0] [cxt 0] Transmitting packet of size 70 out of port 0
[07:52:10.111] [bmv2] [D] [thread 13559] [15.0] [cxt 0] Processing packet received on port 5
[07:52:10.111] [bmv2] [D] [thread 13559] [15.0] [cxt 0] Parser 'parser': start
[07:52:10.111] [bmv2] [D] [thread 13559] [15.0] [cxt 0] Parser 'parser' entering state 'start'
[07:52:10.117] [bmv2] [D] [thread 13559] [15.0] [cxt 0] Extracting header 'ethernet'
[07:52:10.117] [bmv2] [D] [thread 13559] [15.0] [cxt 0] Parser state 'start': key is 86dd
[07:52:10.117] [bmv2] [T] [thread 13559] [15.0] [cxt 0] Bytes parsed: 14
[07:52:10.117] [bmv2] [D] [thread 13559] [15.0] [cxt 0] Parser 'parser': end
[07:52:10.117] [bmv2] [D] [thread 13559] [15.0] [cxt 0] Pipeline 'ingress': start
[07:52:10.118] [bmv2] [T] [thread 13559] [15.0] [cxt 0] p4src/ecmp.p4(76) Condition "hdr.ipv4.isValid()" (node_2) is false
[07:52:10.118] [bmv2] [D] [thread 13559] [15.0] [cxt 0] Pipeline 'ingress': end
[07:52:10.118] [bmv2] [D] [thread 13559] [15.0] [cxt 0] Egress port is 0
[07:52:10.118] [bmv2] [D] [thread 13559] [16.0] [cxt 0] Processing packet received on port 5
[07:52:10.118] [bmv2] [D] [thread 13559] [16.0] [cxt 0] Parser 'parser': start
[07:52:10.118] [bmv2] [D] [thread 13559] [16.0] [cxt 0] Parser 'parser' entering state 'start'
[07:52:10.118] [bmv2] [D] [thread 13559] [16.0] [cxt 0] Extracting header 'ethernet'
[07:52:10.118] [bmv2] [D] [thread 13559] [16.0] [cxt 0] Parser state 'start': key is 86dd
[07:52:10.118] [bmv2] [T] [thread 13559] [16.0] [cxt 0] Bytes parsed: 14
[07:52:10.119] [bmv2] [D] [thread 13560] [15.0] [cxt 0] Pipeline 'egress': start
[07:52:10.119] [bmv2] [D] [thread 13560] [15.0] [cxt 0] Pipeline 'egress': end
[07:52:10.119] [bmv2] [D] [thread 13560] [15.0] [cxt 0] Deparser 'deparser': start
[07:52:10.119] [bmv2] [T] [thread 13560] [15.0] [cxt 0] Skipping checksum 'cksum' update because condition not met
[07:52:10.119] [bmv2] [D] [thread 13560] [15.0] [cxt 0] Deparsing header 'ethernet'
[07:52:10.119] [bmv2] [D] [thread 13560] [15.0] [cxt 0] Deparser 'deparser': end
[07:52:10.119] [bmv2] [D] [thread 13564] [15.0] [cxt 0] Transmitting packet of size 90 out of port 0
[07:52:10.120] [bmv2] [D] [thread 13559] [16.0] [cxt 0] Parser 'parser': end
[07:52:10.120] [bmv2] [D] [thread 13559] [16.0] [cxt 0] Pipeline 'ingress': start
[07:52:10.120] [bmv2] [T] [thread 13559] [16.0] [cxt 0] p4src/ecmp.p4(76) Condition "hdr.ipv4.isValid()" (node_2) is false
[07:52:10.120] [bmv2] [D] [thread 13559] [16.0] [cxt 0] Pipeline 'ingress': end
[07:52:10.120] [bmv2] [D] [thread 13559] [16.0] [cxt 0] Egress port is 0
[07:52:10.120] [bmv2] [D] [thread 13560] [16.0] [cxt 0] Pipeline 'egress': start
[07:52:10.120] [bmv2] [D] [thread 13560] [16.0] [cxt 0] Pipeline 'egress': end
[07:52:10.120] [bmv2] [D] [thread 13560] [16.0] [cxt 0] Deparser 'deparser': start
[07:52:10.121] [bmv2] [T] [thread 13560] [16.0] [cxt 0] Skipping checksum 'cksum' update because condition not met
[07:52:10.121] [bmv2] [D] [thread 13560] [16.0] [cxt 0] Deparsing header 'ethernet'
[07:52:10.121] [bmv2] [D] [thread 13560] [16.0] [cxt 0] Deparser 'deparser': end
[07:52:10.121] [bmv2] [D] [thread 13564] [16.0] [cxt 0] Transmitting packet of size 70 out of port 0
[07:52:10.197] [bmv2] [D] [thread 13559] [17.0] [cxt 0] Processing packet received on port 1
[07:52:10.197] [bmv2] [D] [thread 13559] [17.0] [cxt 0] Parser 'parser': start
[07:52:10.197] [bmv2] [D] [thread 13559] [17.0] [cxt 0] Parser 'parser' entering state 'start'
[07:52:10.197] [bmv2] [D] [thread 13559] [17.0] [cxt 0] Extracting header 'ethernet'
[07:52:10.197] [bmv2] [D] [thread 13559] [17.0] [cxt 0] Parser state 'start': key is 86dd
[07:52:10.197] [bmv2] [T] [thread 13559] [17.0] [cxt 0] Bytes parsed: 14
[07:52:10.197] [bmv2] [D] [thread 13559] [17.0] [cxt 0] Parser 'parser': end
[07:52:10.197] [bmv2] [D] [thread 13559] [17.0] [cxt 0] Pipeline 'ingress': start
[07:52:10.197] [bmv2] [T] [thread 13559] [17.0] [cxt 0] p4src/ecmp.p4(76) Condition "hdr.ipv4.isValid()" (node_2) is false
[07:52:10.197] [bmv2] [D] [thread 13559] [17.0] [cxt 0] Pipeline 'ingress': end
[07:52:10.197] [bmv2] [D] [thread 13559] [17.0] [cxt 0] Egress port is 0
[07:52:10.197] [bmv2] [D] [thread 13559] [18.0] [cxt 0] Processing packet received on port 1
[07:52:10.197] [bmv2] [D] [thread 13559] [18.0] [cxt 0] Parser 'parser': start
[07:52:10.197] [bmv2] [D] [thread 13559] [18.0] [cxt 0] Parser 'parser' entering state 'start'
[07:52:10.198] [bmv2] [D] [thread 13559] [18.0] [cxt 0] Extracting header 'ethernet'
[07:52:10.198] [bmv2] [D] [thread 13559] [18.0] [cxt 0] Parser state 'start': key is 86dd
[07:52:10.198] [bmv2] [T] [thread 13559] [18.0] [cxt 0] Bytes parsed: 14
[07:52:10.198] [bmv2] [D] [thread 13559] [18.0] [cxt 0] Parser 'parser': end
[07:52:10.198] [bmv2] [D] [thread 13559] [18.0] [cxt 0] Pipeline 'ingress': start
[07:52:10.198] [bmv2] [T] [thread 13559] [18.0] [cxt 0] p4src/ecmp.p4(76) Condition "hdr.ipv4.isValid()" (node_2) is false
[07:52:10.198] [bmv2] [D] [thread 13559] [18.0] [cxt 0] Pipeline 'ingress': end
[07:52:10.198] [bmv2] [D] [thread 13559] [18.0] [cxt 0] Egress port is 0
[07:52:10.198] [bmv2] [D] [thread 13560] [17.0] [cxt 0] Pipeline 'egress': start
[07:52:10.198] [bmv2] [D] [thread 13560] [17.0] [cxt 0] Pipeline 'egress': end
[07:52:10.198] [bmv2] [D] [thread 13560] [17.0] [cxt 0] Deparser 'deparser': start
[07:52:10.198] [bmv2] [T] [thread 13560] [17.0] [cxt 0] Skipping checksum 'cksum' update because condition not met
[07:52:10.200] [bmv2] [D] [thread 13560] [17.0] [cxt 0] Deparsing header 'ethernet'
[07:52:10.200] [bmv2] [D] [thread 13560] [17.0] [cxt 0] Deparser 'deparser': end
[07:52:10.200] [bmv2] [D] [thread 13560] [18.0] [cxt 0] Pipeline 'egress': start
[07:52:10.200] [bmv2] [D] [thread 13560] [18.0] [cxt 0] Pipeline 'egress': end
[07:52:10.200] [bmv2] [D] [thread 13560] [18.0] [cxt 0] Deparser 'deparser': start
[07:52:10.200] [bmv2] [T] [thread 13560] [18.0] [cxt 0] Skipping checksum 'cksum' update because condition not met
[07:52:10.200] [bmv2] [D] [thread 13564] [17.0] [cxt 0] Transmitting packet of size 90 out of port 0
[07:52:10.200] [bmv2] [D] [thread 13560] [18.0] [cxt 0] Deparsing header 'ethernet'
[07:52:10.200] [bmv2] [D] [thread 13560] [18.0] [cxt 0] Deparser 'deparser': end
[07:52:10.201] [bmv2] [D] [thread 13564] [18.0] [cxt 0] Transmitting packet of size 70 out of port 0
[07:52:10.286] [bmv2] [D] [thread 13559] [19.0] [cxt 0] Processing packet received on port 4
[07:52:10.286] [bmv2] [D] [thread 13559] [19.0] [cxt 0] Parser 'parser': start
[07:52:10.286] [bmv2] [D] [thread 13559] [19.0] [cxt 0] Parser 'parser' entering state 'start'
[07:52:10.286] [bmv2] [D] [thread 13559] [19.0] [cxt 0] Extracting header 'ethernet'
[07:52:10.286] [bmv2] [D] [thread 13559] [19.0] [cxt 0] Parser state 'start': key is 86dd
[07:52:10.286] [bmv2] [T] [thread 13559] [19.0] [cxt 0] Bytes parsed: 14
[07:52:10.286] [bmv2] [D] [thread 13559] [19.0] [cxt 0] Parser 'parser': end
[07:52:10.286] [bmv2] [D] [thread 13559] [19.0] [cxt 0] Pipeline 'ingress': start
[07:52:10.286] [bmv2] [T] [thread 13559] [19.0] [cxt 0] p4src/ecmp.p4(76) Condition "hdr.ipv4.isValid()" (node_2) is false
[07:52:10.286] [bmv2] [D] [thread 13559] [19.0] [cxt 0] Pipeline 'ingress': end
[07:52:10.287] [bmv2] [D] [thread 13559] [19.0] [cxt 0] Egress port is 0
[07:52:10.287] [bmv2] [D] [thread 13559] [20.0] [cxt 0] Processing packet received on port 4
[07:52:10.287] [bmv2] [D] [thread 13559] [20.0] [cxt 0] Parser 'parser': start
[07:52:10.287] [bmv2] [D] [thread 13559] [20.0] [cxt 0] Parser 'parser' entering state 'start'
[07:52:10.287] [bmv2] [D] [thread 13559] [20.0] [cxt 0] Extracting header 'ethernet'
[07:52:10.287] [bmv2] [D] [thread 13559] [20.0] [cxt 0] Parser state 'start': key is 86dd
[07:52:10.287] [bmv2] [T] [thread 13559] [20.0] [cxt 0] Bytes parsed: 14
[07:52:10.287] [bmv2] [D] [thread 13559] [20.0] [cxt 0] Parser 'parser': end
[07:52:10.287] [bmv2] [D] [thread 13560] [19.0] [cxt 0] Pipeline 'egress': start
[07:52:10.287] [bmv2] [D] [thread 13560] [19.0] [cxt 0] Pipeline 'egress': end
[07:52:10.287] [bmv2] [D] [thread 13560] [19.0] [cxt 0] Deparser 'deparser': start
[07:52:10.287] [bmv2] [T] [thread 13560] [19.0] [cxt 0] Skipping checksum 'cksum' update because condition not met
[07:52:10.288] [bmv2] [D] [thread 13560] [19.0] [cxt 0] Deparsing header 'ethernet'
[07:52:10.288] [bmv2] [D] [thread 13560] [19.0] [cxt 0] Deparser 'deparser': end
[07:52:10.288] [bmv2] [D] [thread 13564] [19.0] [cxt 0] Transmitting packet of size 90 out of port 0
[07:52:10.287] [bmv2] [D] [thread 13559] [20.0] [cxt 0] Pipeline 'ingress': start
[07:52:10.288] [bmv2] [T] [thread 13559] [20.0] [cxt 0] p4src/ecmp.p4(76) Condition "hdr.ipv4.isValid()" (node_2) is false
[07:52:10.288] [bmv2] [D] [thread 13559] [20.0] [cxt 0] Pipeline 'ingress': end
[07:52:10.288] [bmv2] [D] [thread 13559] [20.0] [cxt 0] Egress port is 0
[07:52:10.289] [bmv2] [D] [thread 13560] [20.0] [cxt 0] Pipeline 'egress': start
[07:52:10.289] [bmv2] [D] [thread 13560] [20.0] [cxt 0] Pipeline 'egress': end
[07:52:10.289] [bmv2] [D] [thread 13560] [20.0] [cxt 0] Deparser 'deparser': start
[07:52:10.289] [bmv2] [T] [thread 13560] [20.0] [cxt 0] Skipping checksum 'cksum' update because condition not met
[07:52:10.289] [bmv2] [D] [thread 13560] [20.0] [cxt 0] Deparsing header 'ethernet'
[07:52:10.289] [bmv2] [D] [thread 13560] [20.0] [cxt 0] Deparser 'deparser': end
[07:52:10.289] [bmv2] [D] [thread 13564] [20.0] [cxt 0] Transmitting packet of size 70 out of port 0
[07:52:10.354] [bmv2] [D] [thread 13559] [21.0] [cxt 0] Processing packet received on port 4
[07:52:10.354] [bmv2] [D] [thread 13559] [21.0] [cxt 0] Parser 'parser': start
[07:52:10.354] [bmv2] [D] [thread 13559] [21.0] [cxt 0] Parser 'parser' entering state 'start'
[07:52:10.354] [bmv2] [D] [thread 13559] [21.0] [cxt 0] Extracting header 'ethernet'
[07:52:10.354] [bmv2] [D] [thread 13559] [21.0] [cxt 0] Parser state 'start': key is 86dd
[07:52:10.354] [bmv2] [T] [thread 13559] [21.0] [cxt 0] Bytes parsed: 14
[07:52:10.354] [bmv2] [D] [thread 13559] [21.0] [cxt 0] Parser 'parser': end
[07:52:10.354] [bmv2] [D] [thread 13559] [21.0] [cxt 0] Pipeline 'ingress': start
[07:52:10.355] [bmv2] [T] [thread 13559] [21.0] [cxt 0] p4src/ecmp.p4(76) Condition "hdr.ipv4.isValid()" (node_2) is false
[07:52:10.355] [bmv2] [D] [thread 13559] [21.0] [cxt 0] Pipeline 'ingress': end
[07:52:10.355] [bmv2] [D] [thread 13559] [21.0] [cxt 0] Egress port is 0
[07:52:10.355] [bmv2] [D] [thread 13560] [21.0] [cxt 0] Pipeline 'egress': start
[07:52:10.355] [bmv2] [D] [thread 13560] [21.0] [cxt 0] Pipeline 'egress': end
[07:52:10.355] [bmv2] [D] [thread 13560] [21.0] [cxt 0] Deparser 'deparser': start
[07:52:10.355] [bmv2] [T] [thread 13560] [21.0] [cxt 0] Skipping checksum 'cksum' update because condition not met
[07:52:10.355] [bmv2] [D] [thread 13560] [21.0] [cxt 0] Deparsing header 'ethernet'
[07:52:10.355] [bmv2] [D] [thread 13560] [21.0] [cxt 0] Deparser 'deparser': end
[07:52:10.356] [bmv2] [D] [thread 13564] [21.0] [cxt 0] Transmitting packet of size 90 out of port 0
[07:52:10.503] [bmv2] [D] [thread 13559] [22.0] [cxt 0] Processing packet received on port 2
[07:52:10.503] [bmv2] [D] [thread 13559] [22.0] [cxt 0] Parser 'parser': start
[07:52:10.503] [bmv2] [D] [thread 13559] [22.0] [cxt 0] Parser 'parser' entering state 'start'
[07:52:10.503] [bmv2] [D] [thread 13559] [22.0] [cxt 0] Extracting header 'ethernet'
[07:52:10.503] [bmv2] [D] [thread 13559] [22.0] [cxt 0] Parser state 'start': key is 86dd
[07:52:10.503] [bmv2] [T] [thread 13559] [22.0] [cxt 0] Bytes parsed: 14
[07:52:10.503] [bmv2] [D] [thread 13559] [22.0] [cxt 0] Parser 'parser': end
[07:52:10.503] [bmv2] [D] [thread 13559] [22.0] [cxt 0] Pipeline 'ingress': start
[07:52:10.503] [bmv2] [T] [thread 13559] [22.0] [cxt 0] p4src/ecmp.p4(76) Condition "hdr.ipv4.isValid()" (node_2) is false
[07:52:10.504] [bmv2] [D] [thread 13559] [22.0] [cxt 0] Pipeline 'ingress': end
[07:52:10.504] [bmv2] [D] [thread 13559] [22.0] [cxt 0] Egress port is 0
[07:52:10.504] [bmv2] [D] [thread 13559] [23.0] [cxt 0] Processing packet received on port 2
[07:52:10.504] [bmv2] [D] [thread 13559] [23.0] [cxt 0] Parser 'parser': start
[07:52:10.504] [bmv2] [D] [thread 13559] [23.0] [cxt 0] Parser 'parser' entering state 'start'
[07:52:10.504] [bmv2] [D] [thread 13559] [23.0] [cxt 0] Extracting header 'ethernet'
[07:52:10.504] [bmv2] [D] [thread 13559] [23.0] [cxt 0] Parser state 'start': key is 86dd
[07:52:10.504] [bmv2] [T] [thread 13559] [23.0] [cxt 0] Bytes parsed: 14
[07:52:10.504] [bmv2] [D] [thread 13559] [23.0] [cxt 0] Parser 'parser': end
[07:52:10.504] [bmv2] [D] [thread 13559] [23.0] [cxt 0] Pipeline 'ingress': start
[07:52:10.504] [bmv2] [T] [thread 13559] [23.0] [cxt 0] p4src/ecmp.p4(76) Condition "hdr.ipv4.isValid()" (node_2) is false
[07:52:10.504] [bmv2] [D] [thread 13559] [23.0] [cxt 0] Pipeline 'ingress': end
[07:52:10.504] [bmv2] [D] [thread 13559] [23.0] [cxt 0] Egress port is 0
[07:52:10.506] [bmv2] [D] [thread 13560] [22.0] [cxt 0] Pipeline 'egress': start
[07:52:10.506] [bmv2] [D] [thread 13560] [22.0] [cxt 0] Pipeline 'egress': end
[07:52:10.506] [bmv2] [D] [thread 13560] [22.0] [cxt 0] Deparser 'deparser': start
[07:52:10.506] [bmv2] [T] [thread 13560] [22.0] [cxt 0] Skipping checksum 'cksum' update because condition not met
[07:52:10.506] [bmv2] [D] [thread 13560] [22.0] [cxt 0] Deparsing header 'ethernet'
[07:52:10.506] [bmv2] [D] [thread 13560] [22.0] [cxt 0] Deparser 'deparser': end
[07:52:10.506] [bmv2] [D] [thread 13560] [23.0] [cxt 0] Pipeline 'egress': start
[07:52:10.506] [bmv2] [D] [thread 13560] [23.0] [cxt 0] Pipeline 'egress': end
[07:52:10.506] [bmv2] [D] [thread 13560] [23.0] [cxt 0] Deparser 'deparser': start
[07:52:10.506] [bmv2] [T] [thread 13560] [23.0] [cxt 0] Skipping checksum 'cksum' update because condition not met
[07:52:10.507] [bmv2] [D] [thread 13560] [23.0] [cxt 0] Deparsing header 'ethernet'
[07:52:10.507] [bmv2] [D] [thread 13560] [23.0] [cxt 0] Deparser 'deparser': end
[07:52:10.507] [bmv2] [D] [thread 13564] [22.0] [cxt 0] Transmitting packet of size 90 out of port 0
[07:52:10.508] [bmv2] [D] [thread 13564] [23.0] [cxt 0] Transmitting packet of size 70 out of port 0
[07:52:10.549] [bmv2] [D] [thread 13559] [24.0] [cxt 0] Processing packet received on port 2
[07:52:10.549] [bmv2] [D] [thread 13559] [24.0] [cxt 0] Parser 'parser': start
[07:52:10.549] [bmv2] [D] [thread 13559] [24.0] [cxt 0] Parser 'parser' entering state 'start'
[07:52:10.549] [bmv2] [D] [thread 13559] [24.0] [cxt 0] Extracting header 'ethernet'
[07:52:10.550] [bmv2] [D] [thread 13559] [24.0] [cxt 0] Parser state 'start': key is 86dd
[07:52:10.550] [bmv2] [T] [thread 13559] [24.0] [cxt 0] Bytes parsed: 14
[07:52:10.550] [bmv2] [D] [thread 13559] [24.0] [cxt 0] Parser 'parser': end
[07:52:10.550] [bmv2] [D] [thread 13559] [24.0] [cxt 0] Pipeline 'ingress': start
[07:52:10.550] [bmv2] [T] [thread 13559] [24.0] [cxt 0] p4src/ecmp.p4(76) Condition "hdr.ipv4.isValid()" (node_2) is false
[07:52:10.550] [bmv2] [D] [thread 13559] [24.0] [cxt 0] Pipeline 'ingress': end
[07:52:10.550] [bmv2] [D] [thread 13559] [24.0] [cxt 0] Egress port is 0
[07:52:10.550] [bmv2] [D] [thread 13560] [24.0] [cxt 0] Pipeline 'egress': start
[07:52:10.550] [bmv2] [D] [thread 13560] [24.0] [cxt 0] Pipeline 'egress': end
[07:52:10.550] [bmv2] [D] [thread 13560] [24.0] [cxt 0] Deparser 'deparser': start
[07:52:10.550] [bmv2] [T] [thread 13560] [24.0] [cxt 0] Skipping checksum 'cksum' update because condition not met
[07:52:10.550] [bmv2] [D] [thread 13560] [24.0] [cxt 0] Deparsing header 'ethernet'
[07:52:10.550] [bmv2] [D] [thread 13560] [24.0] [cxt 0] Deparser 'deparser': end
[07:52:10.551] [bmv2] [D] [thread 13564] [24.0] [cxt 0] Transmitting packet of size 90 out of port 0
[07:52:10.669] [bmv2] [D] [thread 13559] [25.0] [cxt 0] Processing packet received on port 4
[07:52:10.669] [bmv2] [D] [thread 13559] [25.0] [cxt 0] Parser 'parser': start
[07:52:10.669] [bmv2] [D] [thread 13559] [25.0] [cxt 0] Parser 'parser' entering state 'start'
[07:52:10.669] [bmv2] [D] [thread 13559] [25.0] [cxt 0] Extracting header 'ethernet'
[07:52:10.669] [bmv2] [D] [thread 13559] [25.0] [cxt 0] Parser state 'start': key is 86dd
[07:52:10.669] [bmv2] [T] [thread 13559] [25.0] [cxt 0] Bytes parsed: 14
[07:52:10.669] [bmv2] [D] [thread 13559] [25.0] [cxt 0] Parser 'parser': end
[07:52:10.669] [bmv2] [D] [thread 13559] [25.0] [cxt 0] Pipeline 'ingress': start
[07:52:10.673] [bmv2] [T] [thread 13559] [25.0] [cxt 0] p4src/ecmp.p4(76) Condition "hdr.ipv4.isValid()" (node_2) is false
[07:52:10.673] [bmv2] [D] [thread 13559] [25.0] [cxt 0] Pipeline 'ingress': end
[07:52:10.674] [bmv2] [D] [thread 13559] [25.0] [cxt 0] Egress port is 0
[07:52:10.675] [bmv2] [D] [thread 13559] [26.0] [cxt 0] Processing packet received on port 4
[07:52:10.675] [bmv2] [D] [thread 13559] [26.0] [cxt 0] Parser 'parser': start
[07:52:10.675] [bmv2] [D] [thread 13559] [26.0] [cxt 0] Parser 'parser' entering state 'start'
[07:52:10.675] [bmv2] [D] [thread 13559] [26.0] [cxt 0] Extracting header 'ethernet'
[07:52:10.675] [bmv2] [D] [thread 13560] [25.0] [cxt 0] Pipeline 'egress': start
[07:52:10.675] [bmv2] [D] [thread 13559] [26.0] [cxt 0] Parser state 'start': key is 86dd
[07:52:10.675] [bmv2] [D] [thread 13560] [25.0] [cxt 0] Pipeline 'egress': end
[07:52:10.675] [bmv2] [T] [thread 13559] [26.0] [cxt 0] Bytes parsed: 14
[07:52:10.675] [bmv2] [D] [thread 13560] [25.0] [cxt 0] Deparser 'deparser': start
[07:52:10.675] [bmv2] [D] [thread 13559] [26.0] [cxt 0] Parser 'parser': end
[07:52:10.675] [bmv2] [T] [thread 13560] [25.0] [cxt 0] Skipping checksum 'cksum' update because condition not met
[07:52:10.675] [bmv2] [D] [thread 13559] [26.0] [cxt 0] Pipeline 'ingress': start
[07:52:10.675] [bmv2] [D] [thread 13560] [25.0] [cxt 0] Deparsing header 'ethernet'
[07:52:10.675] [bmv2] [T] [thread 13559] [26.0] [cxt 0] p4src/ecmp.p4(76) Condition "hdr.ipv4.isValid()" (node_2) is false
[07:52:10.675] [bmv2] [D] [thread 13560] [25.0] [cxt 0] Deparser 'deparser': end
[07:52:10.675] [bmv2] [D] [thread 13564] [25.0] [cxt 0] Transmitting packet of size 90 out of port 0
[07:52:10.675] [bmv2] [D] [thread 13559] [26.0] [cxt 0] Pipeline 'ingress': end
[07:52:10.676] [bmv2] [D] [thread 13559] [26.0] [cxt 0] Egress port is 0
[07:52:10.676] [bmv2] [D] [thread 13560] [26.0] [cxt 0] Pipeline 'egress': start
[07:52:10.676] [bmv2] [D] [thread 13560] [26.0] [cxt 0] Pipeline 'egress': end
[07:52:10.676] [bmv2] [D] [thread 13560] [26.0] [cxt 0] Deparser 'deparser': start
[07:52:10.676] [bmv2] [T] [thread 13560] [26.0] [cxt 0] Skipping checksum 'cksum' update because condition not met
[07:52:10.676] [bmv2] [D] [thread 13560] [26.0] [cxt 0] Deparsing header 'ethernet'
[07:52:10.676] [bmv2] [D] [thread 13560] [26.0] [cxt 0] Deparser 'deparser': end
[07:52:10.676] [bmv2] [D] [thread 13564] [26.0] [cxt 0] Transmitting packet of size 70 out of port 0
[07:52:10.699] [bmv2] [D] [thread 13559] [27.0] [cxt 0] Processing packet received on port 5
[07:52:10.699] [bmv2] [D] [thread 13559] [27.0] [cxt 0] Parser 'parser': start
[07:52:10.699] [bmv2] [D] [thread 13559] [27.0] [cxt 0] Parser 'parser' entering state 'start'
[07:52:10.699] [bmv2] [D] [thread 13559] [27.0] [cxt 0] Extracting header 'ethernet'
[07:52:10.699] [bmv2] [D] [thread 13559] [27.0] [cxt 0] Parser state 'start': key is 86dd
[07:52:10.699] [bmv2] [T] [thread 13559] [27.0] [cxt 0] Bytes parsed: 14
[07:52:10.699] [bmv2] [D] [thread 13559] [27.0] [cxt 0] Parser 'parser': end
[07:52:10.699] [bmv2] [D] [thread 13559] [27.0] [cxt 0] Pipeline 'ingress': start
[07:52:10.699] [bmv2] [T] [thread 13559] [27.0] [cxt 0] p4src/ecmp.p4(76) Condition "hdr.ipv4.isValid()" (node_2) is false
[07:52:10.700] [bmv2] [D] [thread 13559] [27.0] [cxt 0] Pipeline 'ingress': end
[07:52:10.700] [bmv2] [D] [thread 13559] [27.0] [cxt 0] Egress port is 0
[07:52:10.700] [bmv2] [D] [thread 13560] [27.0] [cxt 0] Pipeline 'egress': start
[07:52:10.700] [bmv2] [D] [thread 13560] [27.0] [cxt 0] Pipeline 'egress': end
[07:52:10.700] [bmv2] [D] [thread 13560] [27.0] [cxt 0] Deparser 'deparser': start
[07:52:10.700] [bmv2] [T] [thread 13560] [27.0] [cxt 0] Skipping checksum 'cksum' update because condition not met
[07:52:10.700] [bmv2] [D] [thread 13560] [27.0] [cxt 0] Deparsing header 'ethernet'
[07:52:10.700] [bmv2] [D] [thread 13560] [27.0] [cxt 0] Deparser 'deparser': end
[07:52:10.700] [bmv2] [D] [thread 13564] [27.0] [cxt 0] Transmitting packet of size 90 out of port 0
[07:52:10.723] [bmv2] [D] [thread 13559] [28.0] [cxt 0] Processing packet received on port 5
[07:52:10.723] [bmv2] [D] [thread 13559] [28.0] [cxt 0] Parser 'parser': start
[07:52:10.723] [bmv2] [D] [thread 13559] [28.0] [cxt 0] Parser 'parser' entering state 'start'
[07:52:10.723] [bmv2] [D] [thread 13559] [28.0] [cxt 0] Extracting header 'ethernet'
[07:52:10.723] [bmv2] [D] [thread 13559] [28.0] [cxt 0] Parser state 'start': key is 86dd
[07:52:10.723] [bmv2] [T] [thread 13559] [28.0] [cxt 0] Bytes parsed: 14
[07:52:10.723] [bmv2] [D] [thread 13559] [28.0] [cxt 0] Parser 'parser': end
[07:52:10.723] [bmv2] [D] [thread 13559] [28.0] [cxt 0] Pipeline 'ingress': start
[07:52:10.723] [bmv2] [T] [thread 13559] [28.0] [cxt 0] p4src/ecmp.p4(76) Condition "hdr.ipv4.isValid()" (node_2) is false
[07:52:10.723] [bmv2] [D] [thread 13559] [28.0] [cxt 0] Pipeline 'ingress': end
[07:52:10.723] [bmv2] [D] [thread 13559] [28.0] [cxt 0] Egress port is 0
[07:52:10.724] [bmv2] [D] [thread 13560] [28.0] [cxt 0] Pipeline 'egress': start
[07:52:10.724] [bmv2] [D] [thread 13560] [28.0] [cxt 0] Pipeline 'egress': end
[07:52:10.724] [bmv2] [D] [thread 13560] [28.0] [cxt 0] Deparser 'deparser': start
[07:52:10.724] [bmv2] [T] [thread 13560] [28.0] [cxt 0] Skipping checksum 'cksum' update because condition not met
[07:52:10.724] [bmv2] [D] [thread 13560] [28.0] [cxt 0] Deparsing header 'ethernet'
[07:52:10.724] [bmv2] [D] [thread 13560] [28.0] [cxt 0] Deparser 'deparser': end
[07:52:10.724] [bmv2] [D] [thread 13559] [29.0] [cxt 0] Processing packet received on port 5
[07:52:10.724] [bmv2] [D] [thread 13559] [29.0] [cxt 0] Parser 'parser': start
[07:52:10.724] [bmv2] [D] [thread 13559] [29.0] [cxt 0] Parser 'parser' entering state 'start'
[07:52:10.724] [bmv2] [D] [thread 13564] [28.0] [cxt 0] Transmitting packet of size 90 out of port 0
[07:52:10.724] [bmv2] [D] [thread 13559] [29.0] [cxt 0] Extracting header 'ethernet'
[07:52:10.726] [bmv2] [D] [thread 13559] [29.0] [cxt 0] Parser state 'start': key is 86dd
[07:52:10.726] [bmv2] [T] [thread 13559] [29.0] [cxt 0] Bytes parsed: 14
[07:52:10.726] [bmv2] [D] [thread 13559] [29.0] [cxt 0] Parser 'parser': end
[07:52:10.726] [bmv2] [D] [thread 13559] [29.0] [cxt 0] Pipeline 'ingress': start
[07:52:10.726] [bmv2] [T] [thread 13559] [29.0] [cxt 0] p4src/ecmp.p4(76) Condition "hdr.ipv4.isValid()" (node_2) is false
[07:52:10.726] [bmv2] [D] [thread 13559] [29.0] [cxt 0] Pipeline 'ingress': end
[07:52:10.726] [bmv2] [D] [thread 13559] [29.0] [cxt 0] Egress port is 0
[07:52:10.726] [bmv2] [D] [thread 13560] [29.0] [cxt 0] Pipeline 'egress': start
[07:52:10.726] [bmv2] [D] [thread 13560] [29.0] [cxt 0] Pipeline 'egress': end
[07:52:10.726] [bmv2] [D] [thread 13560] [29.0] [cxt 0] Deparser 'deparser': start
[07:52:10.726] [bmv2] [T] [thread 13560] [29.0] [cxt 0] Skipping checksum 'cksum' update because condition not met
[07:52:10.726] [bmv2] [D] [thread 13560] [29.0] [cxt 0] Deparsing header 'ethernet'
[07:52:10.726] [bmv2] [D] [thread 13560] [29.0] [cxt 0] Deparser 'deparser': end
[07:52:10.727] [bmv2] [D] [thread 13564] [29.0] [cxt 0] Transmitting packet of size 70 out of port 0
[07:52:10.771] [bmv2] [D] [thread 13559] [30.0] [cxt 0] Processing packet received on port 2
[07:52:10.771] [bmv2] [D] [thread 13559] [30.0] [cxt 0] Parser 'parser': start
[07:52:10.771] [bmv2] [D] [thread 13559] [30.0] [cxt 0] Parser 'parser' entering state 'start'
[07:52:10.771] [bmv2] [D] [thread 13559] [30.0] [cxt 0] Extracting header 'ethernet'
[07:52:10.771] [bmv2] [D] [thread 13559] [30.0] [cxt 0] Parser state 'start': key is 86dd
[07:52:10.771] [bmv2] [T] [thread 13559] [30.0] [cxt 0] Bytes parsed: 14
[07:52:10.771] [bmv2] [D] [thread 13559] [30.0] [cxt 0] Parser 'parser': end
[07:52:10.771] [bmv2] [D] [thread 13559] [30.0] [cxt 0] Pipeline 'ingress': start
[07:52:10.771] [bmv2] [T] [thread 13559] [30.0] [cxt 0] p4src/ecmp.p4(76) Condition "hdr.ipv4.isValid()" (node_2) is false
[07:52:10.771] [bmv2] [D] [thread 13559] [30.0] [cxt 0] Pipeline 'ingress': end
[07:52:10.771] [bmv2] [D] [thread 13559] [30.0] [cxt 0] Egress port is 0
[07:52:10.771] [bmv2] [D] [thread 13560] [30.0] [cxt 0] Pipeline 'egress': start
[07:52:10.772] [bmv2] [D] [thread 13560] [30.0] [cxt 0] Pipeline 'egress': end
[07:52:10.772] [bmv2] [D] [thread 13560] [30.0] [cxt 0] Deparser 'deparser': start
[07:52:10.772] [bmv2] [T] [thread 13560] [30.0] [cxt 0] Skipping checksum 'cksum' update because condition not met
[07:52:10.772] [bmv2] [D] [thread 13560] [30.0] [cxt 0] Deparsing header 'ethernet'
[07:52:10.772] [bmv2] [D] [thread 13560] [30.0] [cxt 0] Deparser 'deparser': end
[07:52:10.772] [bmv2] [D] [thread 13564] [30.0] [cxt 0] Transmitting packet of size 90 out of port 0
[07:52:10.791] [bmv2] [D] [thread 13559] [31.0] [cxt 0] Processing packet received on port 3
[07:52:10.791] [bmv2] [D] [thread 13559] [31.0] [cxt 0] Parser 'parser': start
[07:52:10.791] [bmv2] [D] [thread 13559] [31.0] [cxt 0] Parser 'parser' entering state 'start'
[07:52:10.791] [bmv2] [D] [thread 13559] [31.0] [cxt 0] Extracting header 'ethernet'
[07:52:10.791] [bmv2] [D] [thread 13559] [31.0] [cxt 0] Parser state 'start': key is 86dd
[07:52:10.791] [bmv2] [T] [thread 13559] [31.0] [cxt 0] Bytes parsed: 14
[07:52:10.791] [bmv2] [D] [thread 13559] [31.0] [cxt 0] Parser 'parser': end
[07:52:10.791] [bmv2] [D] [thread 13559] [31.0] [cxt 0] Pipeline 'ingress': start
[07:52:10.791] [bmv2] [T] [thread 13559] [31.0] [cxt 0] p4src/ecmp.p4(76) Condition "hdr.ipv4.isValid()" (node_2) is false
[07:52:10.791] [bmv2] [D] [thread 13559] [31.0] [cxt 0] Pipeline 'ingress': end
[07:52:10.791] [bmv2] [D] [thread 13559] [31.0] [cxt 0] Egress port is 0
[07:52:10.791] [bmv2] [D] [thread 13560] [31.0] [cxt 0] Pipeline 'egress': start
[07:52:10.791] [bmv2] [D] [thread 13560] [31.0] [cxt 0] Pipeline 'egress': end
[07:52:10.791] [bmv2] [D] [thread 13560] [31.0] [cxt 0] Deparser 'deparser': start
[07:52:10.792] [bmv2] [T] [thread 13560] [31.0] [cxt 0] Skipping checksum 'cksum' update because condition not met
[07:52:10.792] [bmv2] [D] [thread 13560] [31.0] [cxt 0] Deparsing header 'ethernet'
[07:52:10.792] [bmv2] [D] [thread 13560] [31.0] [cxt 0] Deparser 'deparser': end
[07:52:10.792] [bmv2] [D] [thread 13559] [32.0] [cxt 0] Processing packet received on port 3
[07:52:10.792] [bmv2] [D] [thread 13559] [32.0] [cxt 0] Parser 'parser': start
[07:52:10.792] [bmv2] [D] [thread 13559] [32.0] [cxt 0] Parser 'parser' entering state 'start'
[07:52:10.792] [bmv2] [D] [thread 13559] [32.0] [cxt 0] Extracting header 'ethernet'
[07:52:10.792] [bmv2] [D] [thread 13559] [32.0] [cxt 0] Parser state 'start': key is 86dd
[07:52:10.792] [bmv2] [T] [thread 13559] [32.0] [cxt 0] Bytes parsed: 14
[07:52:10.792] [bmv2] [D] [thread 13564] [31.0] [cxt 0] Transmitting packet of size 90 out of port 0
[07:52:10.792] [bmv2] [D] [thread 13559] [32.0] [cxt 0] Parser 'parser': end
[07:52:10.792] [bmv2] [D] [thread 13559] [32.0] [cxt 0] Pipeline 'ingress': start
[07:52:10.792] [bmv2] [T] [thread 13559] [32.0] [cxt 0] p4src/ecmp.p4(76) Condition "hdr.ipv4.isValid()" (node_2) is false
[07:52:10.792] [bmv2] [D] [thread 13559] [32.0] [cxt 0] Pipeline 'ingress': end
[07:52:10.792] [bmv2] [D] [thread 13559] [32.0] [cxt 0] Egress port is 0
[07:52:10.792] [bmv2] [D] [thread 13560] [32.0] [cxt 0] Pipeline 'egress': start
[07:52:10.792] [bmv2] [D] [thread 13560] [32.0] [cxt 0] Pipeline 'egress': end
[07:52:10.792] [bmv2] [D] [thread 13560] [32.0] [cxt 0] Deparser 'deparser': start
[07:52:10.793] [bmv2] [T] [thread 13560] [32.0] [cxt 0] Skipping checksum 'cksum' update because condition not met
[07:52:10.793] [bmv2] [D] [thread 13560] [32.0] [cxt 0] Deparsing header 'ethernet'
[07:52:10.793] [bmv2] [D] [thread 13560] [32.0] [cxt 0] Deparser 'deparser': end
[07:52:10.793] [bmv2] [D] [thread 13564] [32.0] [cxt 0] Transmitting packet of size 70 out of port 0
[07:52:10.851] [bmv2] [D] [thread 13559] [33.0] [cxt 0] Processing packet received on port 3
[07:52:10.851] [bmv2] [D] [thread 13559] [33.0] [cxt 0] Parser 'parser': start
[07:52:10.851] [bmv2] [D] [thread 13559] [33.0] [cxt 0] Parser 'parser' entering state 'start'
[07:52:10.851] [bmv2] [D] [thread 13559] [33.0] [cxt 0] Extracting header 'ethernet'
[07:52:10.851] [bmv2] [D] [thread 13559] [33.0] [cxt 0] Parser state 'start': key is 86dd
[07:52:10.851] [bmv2] [T] [thread 13559] [33.0] [cxt 0] Bytes parsed: 14
[07:52:10.851] [bmv2] [D] [thread 13559] [33.0] [cxt 0] Parser 'parser': end
[07:52:10.851] [bmv2] [D] [thread 13559] [33.0] [cxt 0] Pipeline 'ingress': start
[07:52:10.851] [bmv2] [T] [thread 13559] [33.0] [cxt 0] p4src/ecmp.p4(76) Condition "hdr.ipv4.isValid()" (node_2) is false
[07:52:10.851] [bmv2] [D] [thread 13559] [33.0] [cxt 0] Pipeline 'ingress': end
[07:52:10.851] [bmv2] [D] [thread 13559] [33.0] [cxt 0] Egress port is 0
[07:52:10.851] [bmv2] [D] [thread 13560] [33.0] [cxt 0] Pipeline 'egress': start
[07:52:10.852] [bmv2] [D] [thread 13560] [33.0] [cxt 0] Pipeline 'egress': end
[07:52:10.852] [bmv2] [D] [thread 13560] [33.0] [cxt 0] Deparser 'deparser': start
[07:52:10.852] [bmv2] [T] [thread 13560] [33.0] [cxt 0] Skipping checksum 'cksum' update because condition not met
[07:52:10.852] [bmv2] [D] [thread 13560] [33.0] [cxt 0] Deparsing header 'ethernet'
[07:52:10.852] [bmv2] [D] [thread 13560] [33.0] [cxt 0] Deparser 'deparser': end
[07:52:10.852] [bmv2] [D] [thread 13559] [34.0] [cxt 0] Processing packet received on port 3
[07:52:10.852] [bmv2] [D] [thread 13559] [34.0] [cxt 0] Parser 'parser': start
[07:52:10.852] [bmv2] [D] [thread 13559] [34.0] [cxt 0] Parser 'parser' entering state 'start'
[07:52:10.852] [bmv2] [D] [thread 13559] [34.0] [cxt 0] Extracting header 'ethernet'
[07:52:10.852] [bmv2] [D] [thread 13564] [33.0] [cxt 0] Transmitting packet of size 90 out of port 0
[07:52:10.852] [bmv2] [D] [thread 13559] [34.0] [cxt 0] Parser state 'start': key is 86dd
[07:52:10.852] [bmv2] [T] [thread 13559] [34.0] [cxt 0] Bytes parsed: 14
[07:52:10.852] [bmv2] [D] [thread 13559] [34.0] [cxt 0] Parser 'parser': end
[07:52:10.852] [bmv2] [D] [thread 13559] [34.0] [cxt 0] Pipeline 'ingress': start
[07:52:10.852] [bmv2] [T] [thread 13559] [34.0] [cxt 0] p4src/ecmp.p4(76) Condition "hdr.ipv4.isValid()" (node_2) is false
[07:52:10.852] [bmv2] [D] [thread 13559] [34.0] [cxt 0] Pipeline 'ingress': end
[07:52:10.852] [bmv2] [D] [thread 13559] [34.0] [cxt 0] Egress port is 0
[07:52:10.852] [bmv2] [D] [thread 13560] [34.0] [cxt 0] Pipeline 'egress': start
[07:52:10.853] [bmv2] [D] [thread 13560] [34.0] [cxt 0] Pipeline 'egress': end
[07:52:10.853] [bmv2] [D] [thread 13560] [34.0] [cxt 0] Deparser 'deparser': start
[07:52:10.853] [bmv2] [T] [thread 13560] [34.0] [cxt 0] Skipping checksum 'cksum' update because condition not met
[07:52:10.853] [bmv2] [D] [thread 13560] [34.0] [cxt 0] Deparsing header 'ethernet'
[07:52:10.853] [bmv2] [D] [thread 13560] [34.0] [cxt 0] Deparser 'deparser': end
[07:52:10.854] [bmv2] [D] [thread 13564] [34.0] [cxt 0] Transmitting packet of size 70 out of port 0
[07:52:10.910] [bmv2] [D] [thread 13559] [35.0] [cxt 0] Processing packet received on port 5
[07:52:10.910] [bmv2] [D] [thread 13559] [35.0] [cxt 0] Parser 'parser': start
[07:52:10.910] [bmv2] [D] [thread 13559] [35.0] [cxt 0] Parser 'parser' entering state 'start'
[07:52:10.910] [bmv2] [D] [thread 13559] [35.0] [cxt 0] Extracting header 'ethernet'
[07:52:10.910] [bmv2] [D] [thread 13559] [35.0] [cxt 0] Parser state 'start': key is 86dd
[07:52:10.910] [bmv2] [T] [thread 13559] [35.0] [cxt 0] Bytes parsed: 14
[07:52:10.910] [bmv2] [D] [thread 13559] [35.0] [cxt 0] Parser 'parser': end
[07:52:10.910] [bmv2] [D] [thread 13559] [35.0] [cxt 0] Pipeline 'ingress': start
[07:52:10.910] [bmv2] [T] [thread 13559] [35.0] [cxt 0] p4src/ecmp.p4(76) Condition "hdr.ipv4.isValid()" (node_2) is false
[07:52:10.910] [bmv2] [D] [thread 13559] [35.0] [cxt 0] Pipeline 'ingress': end
[07:52:10.910] [bmv2] [D] [thread 13559] [35.0] [cxt 0] Egress port is 0
[07:52:10.910] [bmv2] [D] [thread 13560] [35.0] [cxt 0] Pipeline 'egress': start
[07:52:10.910] [bmv2] [D] [thread 13560] [35.0] [cxt 0] Pipeline 'egress': end
[07:52:10.910] [bmv2] [D] [thread 13560] [35.0] [cxt 0] Deparser 'deparser': start
[07:52:10.910] [bmv2] [T] [thread 13560] [35.0] [cxt 0] Skipping checksum 'cksum' update because condition not met
[07:52:10.910] [bmv2] [D] [thread 13560] [35.0] [cxt 0] Deparsing header 'ethernet'
[07:52:10.911] [bmv2] [D] [thread 13560] [35.0] [cxt 0] Deparser 'deparser': end
[07:52:10.911] [bmv2] [D] [thread 13564] [35.0] [cxt 0] Transmitting packet of size 90 out of port 0
[07:52:11.034] [bmv2] [D] [thread 13559] [36.0] [cxt 0] Processing packet received on port 1
[07:52:11.034] [bmv2] [D] [thread 13559] [36.0] [cxt 0] Parser 'parser': start
[07:52:11.034] [bmv2] [D] [thread 13559] [36.0] [cxt 0] Parser 'parser' entering state 'start'
[07:52:11.034] [bmv2] [D] [thread 13559] [36.0] [cxt 0] Extracting header 'ethernet'
[07:52:11.034] [bmv2] [D] [thread 13559] [36.0] [cxt 0] Parser state 'start': key is 86dd
[07:52:11.034] [bmv2] [T] [thread 13559] [36.0] [cxt 0] Bytes parsed: 14
[07:52:11.034] [bmv2] [D] [thread 13559] [36.0] [cxt 0] Parser 'parser': end
[07:52:11.034] [bmv2] [D] [thread 13559] [36.0] [cxt 0] Pipeline 'ingress': start
[07:52:11.035] [bmv2] [T] [thread 13559] [36.0] [cxt 0] p4src/ecmp.p4(76) Condition "hdr.ipv4.isValid()" (node_2) is false
[07:52:11.035] [bmv2] [D] [thread 13559] [36.0] [cxt 0] Pipeline 'ingress': end
[07:52:11.035] [bmv2] [D] [thread 13559] [36.0] [cxt 0] Egress port is 0
[07:52:11.035] [bmv2] [D] [thread 13560] [36.0] [cxt 0] Pipeline 'egress': start
[07:52:11.035] [bmv2] [D] [thread 13560] [36.0] [cxt 0] Pipeline 'egress': end
[07:52:11.035] [bmv2] [D] [thread 13560] [36.0] [cxt 0] Deparser 'deparser': start
[07:52:11.035] [bmv2] [T] [thread 13560] [36.0] [cxt 0] Skipping checksum 'cksum' update because condition not met
[07:52:11.035] [bmv2] [D] [thread 13560] [36.0] [cxt 0] Deparsing header 'ethernet'
[07:52:11.035] [bmv2] [D] [thread 13560] [36.0] [cxt 0] Deparser 'deparser': end
[07:52:11.035] [bmv2] [D] [thread 13564] [36.0] [cxt 0] Transmitting packet of size 90 out of port 0
[07:52:11.106] [bmv2] [D] [thread 13559] [37.0] [cxt 0] Processing packet received on port 3
[07:52:11.106] [bmv2] [D] [thread 13559] [37.0] [cxt 0] Parser 'parser': start
[07:52:11.106] [bmv2] [D] [thread 13559] [37.0] [cxt 0] Parser 'parser' entering state 'start'
[07:52:11.106] [bmv2] [D] [thread 13559] [37.0] [cxt 0] Extracting header 'ethernet'
[07:52:11.106] [bmv2] [D] [thread 13559] [37.0] [cxt 0] Parser state 'start': key is 86dd
[07:52:11.107] [bmv2] [T] [thread 13559] [37.0] [cxt 0] Bytes parsed: 14
[07:52:11.107] [bmv2] [D] [thread 13559] [37.0] [cxt 0] Parser 'parser': end
[07:52:11.107] [bmv2] [D] [thread 13559] [37.0] [cxt 0] Pipeline 'ingress': start
[07:52:11.107] [bmv2] [T] [thread 13559] [37.0] [cxt 0] p4src/ecmp.p4(76) Condition "hdr.ipv4.isValid()" (node_2) is false
[07:52:11.107] [bmv2] [D] [thread 13559] [37.0] [cxt 0] Pipeline 'ingress': end
[07:52:11.107] [bmv2] [D] [thread 13559] [37.0] [cxt 0] Egress port is 0
[07:52:11.107] [bmv2] [D] [thread 13560] [37.0] [cxt 0] Pipeline 'egress': start
[07:52:11.107] [bmv2] [D] [thread 13560] [37.0] [cxt 0] Pipeline 'egress': end
[07:52:11.107] [bmv2] [D] [thread 13560] [37.0] [cxt 0] Deparser 'deparser': start
[07:52:11.107] [bmv2] [T] [thread 13560] [37.0] [cxt 0] Skipping checksum 'cksum' update because condition not met
[07:52:11.107] [bmv2] [D] [thread 13560] [37.0] [cxt 0] Deparsing header 'ethernet'
[07:52:11.107] [bmv2] [D] [thread 13560] [37.0] [cxt 0] Deparser 'deparser': end
[07:52:11.108] [bmv2] [D] [thread 13564] [37.0] [cxt 0] Transmitting packet of size 90 out of port 0
[07:52:11.272] [bmv2] [D] [thread 13559] [38.0] [cxt 0] Processing packet received on port 4
[07:52:11.272] [bmv2] [D] [thread 13559] [38.0] [cxt 0] Parser 'parser': start
[07:52:11.272] [bmv2] [D] [thread 13559] [38.0] [cxt 0] Parser 'parser' entering state 'start'
[07:52:11.272] [bmv2] [D] [thread 13559] [38.0] [cxt 0] Extracting header 'ethernet'
[07:52:11.272] [bmv2] [D] [thread 13559] [38.0] [cxt 0] Parser state 'start': key is 86dd
[07:52:11.272] [bmv2] [T] [thread 13559] [38.0] [cxt 0] Bytes parsed: 14
[07:52:11.272] [bmv2] [D] [thread 13559] [38.0] [cxt 0] Parser 'parser': end
[07:52:11.272] [bmv2] [D] [thread 13559] [38.0] [cxt 0] Pipeline 'ingress': start
[07:52:11.272] [bmv2] [T] [thread 13559] [38.0] [cxt 0] p4src/ecmp.p4(76) Condition "hdr.ipv4.isValid()" (node_2) is false
[07:52:11.272] [bmv2] [D] [thread 13559] [38.0] [cxt 0] Pipeline 'ingress': end
[07:52:11.272] [bmv2] [D] [thread 13559] [38.0] [cxt 0] Egress port is 0
[07:52:11.272] [bmv2] [D] [thread 13560] [38.0] [cxt 0] Pipeline 'egress': start
[07:52:11.272] [bmv2] [D] [thread 13560] [38.0] [cxt 0] Pipeline 'egress': end
[07:52:11.272] [bmv2] [D] [thread 13560] [38.0] [cxt 0] Deparser 'deparser': start
[07:52:11.273] [bmv2] [T] [thread 13560] [38.0] [cxt 0] Skipping checksum 'cksum' update because condition not met
[07:52:11.273] [bmv2] [D] [thread 13560] [38.0] [cxt 0] Deparsing header 'ethernet'
[07:52:11.273] [bmv2] [D] [thread 13560] [38.0] [cxt 0] Deparser 'deparser': end
[07:52:11.273] [bmv2] [D] [thread 13564] [38.0] [cxt 0] Transmitting packet of size 90 out of port 0
[07:52:11.782] [bmv2] [D] [thread 13559] [39.0] [cxt 0] Processing packet received on port 3
[07:52:11.782] [bmv2] [D] [thread 13559] [39.0] [cxt 0] Parser 'parser': start
[07:52:11.782] [bmv2] [D] [thread 13559] [39.0] [cxt 0] Parser 'parser' entering state 'start'
[07:52:11.782] [bmv2] [D] [thread 13559] [39.0] [cxt 0] Extracting header 'ethernet'
[07:52:11.782] [bmv2] [D] [thread 13559] [39.0] [cxt 0] Parser state 'start': key is 86dd
[07:52:11.782] [bmv2] [T] [thread 13559] [39.0] [cxt 0] Bytes parsed: 14
[07:52:11.782] [bmv2] [D] [thread 13559] [39.0] [cxt 0] Parser 'parser': end
[07:52:11.782] [bmv2] [D] [thread 13559] [39.0] [cxt 0] Pipeline 'ingress': start
[07:52:11.782] [bmv2] [T] [thread 13559] [39.0] [cxt 0] p4src/ecmp.p4(76) Condition "hdr.ipv4.isValid()" (node_2) is false
[07:52:11.782] [bmv2] [D] [thread 13559] [39.0] [cxt 0] Pipeline 'ingress': end
[07:52:11.783] [bmv2] [D] [thread 13559] [39.0] [cxt 0] Egress port is 0
[07:52:11.783] [bmv2] [D] [thread 13560] [39.0] [cxt 0] Pipeline 'egress': start
[07:52:11.783] [bmv2] [D] [thread 13560] [39.0] [cxt 0] Pipeline 'egress': end
[07:52:11.783] [bmv2] [D] [thread 13560] [39.0] [cxt 0] Deparser 'deparser': start
[07:52:11.783] [bmv2] [T] [thread 13560] [39.0] [cxt 0] Skipping checksum 'cksum' update because condition not met
[07:52:11.783] [bmv2] [D] [thread 13560] [39.0] [cxt 0] Deparsing header 'ethernet'
[07:52:11.783] [bmv2] [D] [thread 13560] [39.0] [cxt 0] Deparser 'deparser': end
[07:52:11.783] [bmv2] [D] [thread 13564] [39.0] [cxt 0] Transmitting packet of size 90 out of port 0
[07:52:14.018] [bmv2] [D] [thread 13559] [40.0] [cxt 0] Processing packet received on port 2
[07:52:14.018] [bmv2] [D] [thread 13559] [40.0] [cxt 0] Parser 'parser': start
[07:52:14.018] [bmv2] [D] [thread 13559] [40.0] [cxt 0] Parser 'parser' entering state 'start'
[07:52:14.019] [bmv2] [D] [thread 13559] [40.0] [cxt 0] Extracting header 'ethernet'
[07:52:14.019] [bmv2] [D] [thread 13559] [40.0] [cxt 0] Parser state 'start': key is 86dd
[07:52:14.019] [bmv2] [T] [thread 13559] [40.0] [cxt 0] Bytes parsed: 14
[07:52:14.019] [bmv2] [D] [thread 13559] [40.0] [cxt 0] Parser 'parser': end
[07:52:14.019] [bmv2] [D] [thread 13559] [40.0] [cxt 0] Pipeline 'ingress': start
[07:52:14.019] [bmv2] [T] [thread 13559] [40.0] [cxt 0] p4src/ecmp.p4(76) Condition "hdr.ipv4.isValid()" (node_2) is false
[07:52:14.019] [bmv2] [D] [thread 13559] [40.0] [cxt 0] Pipeline 'ingress': end
[07:52:14.019] [bmv2] [D] [thread 13559] [40.0] [cxt 0] Egress port is 0
[07:52:14.019] [bmv2] [D] [thread 13560] [40.0] [cxt 0] Pipeline 'egress': start
[07:52:14.019] [bmv2] [D] [thread 13560] [40.0] [cxt 0] Pipeline 'egress': end
[07:52:14.019] [bmv2] [D] [thread 13560] [40.0] [cxt 0] Deparser 'deparser': start
[07:52:14.019] [bmv2] [T] [thread 13560] [40.0] [cxt 0] Skipping checksum 'cksum' update because condition not met
[07:52:14.019] [bmv2] [D] [thread 13560] [40.0] [cxt 0] Deparsing header 'ethernet'
[07:52:14.019] [bmv2] [D] [thread 13560] [40.0] [cxt 0] Deparser 'deparser': end
[07:52:14.020] [bmv2] [D] [thread 13564] [40.0] [cxt 0] Transmitting packet of size 70 out of port 0
[07:52:14.119] [bmv2] [D] [thread 13559] [41.0] [cxt 0] Processing packet received on port 5
[07:52:14.119] [bmv2] [D] [thread 13559] [41.0] [cxt 0] Parser 'parser': start
[07:52:14.119] [bmv2] [D] [thread 13559] [41.0] [cxt 0] Parser 'parser' entering state 'start'
[07:52:14.119] [bmv2] [D] [thread 13559] [41.0] [cxt 0] Extracting header 'ethernet'
[07:52:14.119] [bmv2] [D] [thread 13559] [41.0] [cxt 0] Parser state 'start': key is 86dd
[07:52:14.119] [bmv2] [T] [thread 13559] [41.0] [cxt 0] Bytes parsed: 14
[07:52:14.119] [bmv2] [D] [thread 13559] [41.0] [cxt 0] Parser 'parser': end
[07:52:14.119] [bmv2] [D] [thread 13559] [41.0] [cxt 0] Pipeline 'ingress': start
[07:52:14.119] [bmv2] [T] [thread 13559] [41.0] [cxt 0] p4src/ecmp.p4(76) Condition "hdr.ipv4.isValid()" (node_2) is false
[07:52:14.119] [bmv2] [D] [thread 13559] [41.0] [cxt 0] Pipeline 'ingress': end
[07:52:14.119] [bmv2] [D] [thread 13559] [41.0] [cxt 0] Egress port is 0
[07:52:14.120] [bmv2] [D] [thread 13560] [41.0] [cxt 0] Pipeline 'egress': start
[07:52:14.120] [bmv2] [D] [thread 13560] [41.0] [cxt 0] Pipeline 'egress': end
[07:52:14.120] [bmv2] [D] [thread 13560] [41.0] [cxt 0] Deparser 'deparser': start
[07:52:14.120] [bmv2] [T] [thread 13560] [41.0] [cxt 0] Skipping checksum 'cksum' update because condition not met
[07:52:14.120] [bmv2] [D] [thread 13560] [41.0] [cxt 0] Deparsing header 'ethernet'
[07:52:14.120] [bmv2] [D] [thread 13560] [41.0] [cxt 0] Deparser 'deparser': end
[07:52:14.120] [bmv2] [D] [thread 13564] [41.0] [cxt 0] Transmitting packet of size 70 out of port 0
[07:52:14.203] [bmv2] [D] [thread 13559] [42.0] [cxt 0] Processing packet received on port 1
[07:52:14.203] [bmv2] [D] [thread 13559] [42.0] [cxt 0] Parser 'parser': start
[07:52:14.203] [bmv2] [D] [thread 13559] [42.0] [cxt 0] Parser 'parser' entering state 'start'
[07:52:14.203] [bmv2] [D] [thread 13559] [42.0] [cxt 0] Extracting header 'ethernet'
[07:52:14.204] [bmv2] [D] [thread 13559] [42.0] [cxt 0] Parser state 'start': key is 86dd
[07:52:14.204] [bmv2] [T] [thread 13559] [42.0] [cxt 0] Bytes parsed: 14
[07:52:14.204] [bmv2] [D] [thread 13559] [42.0] [cxt 0] Parser 'parser': end
[07:52:14.204] [bmv2] [D] [thread 13559] [42.0] [cxt 0] Pipeline 'ingress': start
[07:52:14.204] [bmv2] [T] [thread 13559] [42.0] [cxt 0] p4src/ecmp.p4(76) Condition "hdr.ipv4.isValid()" (node_2) is false
[07:52:14.204] [bmv2] [D] [thread 13559] [42.0] [cxt 0] Pipeline 'ingress': end
[07:52:14.204] [bmv2] [D] [thread 13559] [42.0] [cxt 0] Egress port is 0
[07:52:14.204] [bmv2] [D] [thread 13560] [42.0] [cxt 0] Pipeline 'egress': start
[07:52:14.204] [bmv2] [D] [thread 13560] [42.0] [cxt 0] Pipeline 'egress': end
[07:52:14.204] [bmv2] [D] [thread 13560] [42.0] [cxt 0] Deparser 'deparser': start
[07:52:14.204] [bmv2] [T] [thread 13560] [42.0] [cxt 0] Skipping checksum 'cksum' update because condition not met
[07:52:14.204] [bmv2] [D] [thread 13560] [42.0] [cxt 0] Deparsing header 'ethernet'
[07:52:14.204] [bmv2] [D] [thread 13560] [42.0] [cxt 0] Deparser 'deparser': end
[07:52:14.204] [bmv2] [D] [thread 13564] [42.0] [cxt 0] Transmitting packet of size 70 out of port 0
[07:52:14.291] [bmv2] [D] [thread 13559] [43.0] [cxt 0] Processing packet received on port 4
[07:52:14.291] [bmv2] [D] [thread 13559] [43.0] [cxt 0] Parser 'parser': start
[07:52:14.291] [bmv2] [D] [thread 13559] [43.0] [cxt 0] Parser 'parser' entering state 'start'
[07:52:14.291] [bmv2] [D] [thread 13559] [43.0] [cxt 0] Extracting header 'ethernet'
[07:52:14.291] [bmv2] [D] [thread 13559] [43.0] [cxt 0] Parser state 'start': key is 86dd
[07:52:14.291] [bmv2] [T] [thread 13559] [43.0] [cxt 0] Bytes parsed: 14
[07:52:14.291] [bmv2] [D] [thread 13559] [43.0] [cxt 0] Parser 'parser': end
[07:52:14.291] [bmv2] [D] [thread 13559] [43.0] [cxt 0] Pipeline 'ingress': start
[07:52:14.291] [bmv2] [T] [thread 13559] [43.0] [cxt 0] p4src/ecmp.p4(76) Condition "hdr.ipv4.isValid()" (node_2) is false
[07:52:14.291] [bmv2] [D] [thread 13559] [43.0] [cxt 0] Pipeline 'ingress': end
[07:52:14.291] [bmv2] [D] [thread 13559] [43.0] [cxt 0] Egress port is 0
[07:52:14.292] [bmv2] [D] [thread 13560] [43.0] [cxt 0] Pipeline 'egress': start
[07:52:14.292] [bmv2] [D] [thread 13560] [43.0] [cxt 0] Pipeline 'egress': end
[07:52:14.293] [bmv2] [D] [thread 13560] [43.0] [cxt 0] Deparser 'deparser': start
[07:52:14.293] [bmv2] [T] [thread 13560] [43.0] [cxt 0] Skipping checksum 'cksum' update because condition not met
[07:52:14.293] [bmv2] [D] [thread 13560] [43.0] [cxt 0] Deparsing header 'ethernet'
[07:52:14.293] [bmv2] [D] [thread 13560] [43.0] [cxt 0] Deparser 'deparser': end
[07:52:14.293] [bmv2] [D] [thread 13564] [43.0] [cxt 0] Transmitting packet of size 70 out of port 0
[07:52:14.514] [bmv2] [D] [thread 13559] [44.0] [cxt 0] Processing packet received on port 2
[07:52:14.514] [bmv2] [D] [thread 13559] [44.0] [cxt 0] Parser 'parser': start
[07:52:14.514] [bmv2] [D] [thread 13559] [44.0] [cxt 0] Parser 'parser' entering state 'start'
[07:52:14.514] [bmv2] [D] [thread 13559] [44.0] [cxt 0] Extracting header 'ethernet'
[07:52:14.514] [bmv2] [D] [thread 13559] [44.0] [cxt 0] Parser state 'start': key is 86dd
[07:52:14.514] [bmv2] [T] [thread 13559] [44.0] [cxt 0] Bytes parsed: 14
[07:52:14.514] [bmv2] [D] [thread 13559] [44.0] [cxt 0] Parser 'parser': end
[07:52:14.514] [bmv2] [D] [thread 13559] [44.0] [cxt 0] Pipeline 'ingress': start
[07:52:14.514] [bmv2] [T] [thread 13559] [44.0] [cxt 0] p4src/ecmp.p4(76) Condition "hdr.ipv4.isValid()" (node_2) is false
[07:52:14.514] [bmv2] [D] [thread 13559] [44.0] [cxt 0] Pipeline 'ingress': end
[07:52:14.514] [bmv2] [D] [thread 13559] [44.0] [cxt 0] Egress port is 0
[07:52:14.515] [bmv2] [D] [thread 13560] [44.0] [cxt 0] Pipeline 'egress': start
[07:52:14.515] [bmv2] [D] [thread 13560] [44.0] [cxt 0] Pipeline 'egress': end
[07:52:14.515] [bmv2] [D] [thread 13560] [44.0] [cxt 0] Deparser 'deparser': start
[07:52:14.515] [bmv2] [T] [thread 13560] [44.0] [cxt 0] Skipping checksum 'cksum' update because condition not met
[07:52:14.515] [bmv2] [D] [thread 13560] [44.0] [cxt 0] Deparsing header 'ethernet'
[07:52:14.515] [bmv2] [D] [thread 13560] [44.0] [cxt 0] Deparser 'deparser': end
[07:52:14.515] [bmv2] [D] [thread 13564] [44.0] [cxt 0] Transmitting packet of size 70 out of port 0
[07:52:14.675] [bmv2] [D] [thread 13559] [45.0] [cxt 0] Processing packet received on port 4
[07:52:14.675] [bmv2] [D] [thread 13559] [45.0] [cxt 0] Parser 'parser': start
[07:52:14.675] [bmv2] [D] [thread 13559] [45.0] [cxt 0] Parser 'parser' entering state 'start'
[07:52:14.675] [bmv2] [D] [thread 13559] [45.0] [cxt 0] Extracting header 'ethernet'
[07:52:14.675] [bmv2] [D] [thread 13559] [45.0] [cxt 0] Parser state 'start': key is 86dd
[07:52:14.675] [bmv2] [T] [thread 13559] [45.0] [cxt 0] Bytes parsed: 14
[07:52:14.675] [bmv2] [D] [thread 13559] [45.0] [cxt 0] Parser 'parser': end
[07:52:14.675] [bmv2] [D] [thread 13559] [45.0] [cxt 0] Pipeline 'ingress': start
[07:52:14.675] [bmv2] [T] [thread 13559] [45.0] [cxt 0] p4src/ecmp.p4(76) Condition "hdr.ipv4.isValid()" (node_2) is false
[07:52:14.675] [bmv2] [D] [thread 13559] [45.0] [cxt 0] Pipeline 'ingress': end
[07:52:14.676] [bmv2] [D] [thread 13559] [45.0] [cxt 0] Egress port is 0
[07:52:14.676] [bmv2] [D] [thread 13560] [45.0] [cxt 0] Pipeline 'egress': start
[07:52:14.676] [bmv2] [D] [thread 13560] [45.0] [cxt 0] Pipeline 'egress': end
[07:52:14.676] [bmv2] [D] [thread 13560] [45.0] [cxt 0] Deparser 'deparser': start
[07:52:14.676] [bmv2] [T] [thread 13560] [45.0] [cxt 0] Skipping checksum 'cksum' update because condition not met
[07:52:14.676] [bmv2] [D] [thread 13560] [45.0] [cxt 0] Deparsing header 'ethernet'
[07:52:14.676] [bmv2] [D] [thread 13560] [45.0] [cxt 0] Deparser 'deparser': end
[07:52:14.676] [bmv2] [D] [thread 13564] [45.0] [cxt 0] Transmitting packet of size 70 out of port 0
[07:52:14.732] [bmv2] [D] [thread 13559] [46.0] [cxt 0] Processing packet received on port 5
[07:52:14.732] [bmv2] [D] [thread 13559] [46.0] [cxt 0] Parser 'parser': start
[07:52:14.732] [bmv2] [D] [thread 13559] [46.0] [cxt 0] Parser 'parser' entering state 'start'
[07:52:14.732] [bmv2] [D] [thread 13559] [46.0] [cxt 0] Extracting header 'ethernet'
[07:52:14.732] [bmv2] [D] [thread 13559] [46.0] [cxt 0] Parser state 'start': key is 86dd
[07:52:14.732] [bmv2] [T] [thread 13559] [46.0] [cxt 0] Bytes parsed: 14
[07:52:14.732] [bmv2] [D] [thread 13559] [46.0] [cxt 0] Parser 'parser': end
[07:52:14.732] [bmv2] [D] [thread 13559] [46.0] [cxt 0] Pipeline 'ingress': start
[07:52:14.732] [bmv2] [T] [thread 13559] [46.0] [cxt 0] p4src/ecmp.p4(76) Condition "hdr.ipv4.isValid()" (node_2) is false
[07:52:14.732] [bmv2] [D] [thread 13559] [46.0] [cxt 0] Pipeline 'ingress': end
[07:52:14.732] [bmv2] [D] [thread 13559] [46.0] [cxt 0] Egress port is 0
[07:52:14.732] [bmv2] [D] [thread 13560] [46.0] [cxt 0] Pipeline 'egress': start
[07:52:14.732] [bmv2] [D] [thread 13560] [46.0] [cxt 0] Pipeline 'egress': end
[07:52:14.732] [bmv2] [D] [thread 13560] [46.0] [cxt 0] Deparser 'deparser': start
[07:52:14.733] [bmv2] [T] [thread 13560] [46.0] [cxt 0] Skipping checksum 'cksum' update because condition not met
[07:52:14.733] [bmv2] [D] [thread 13560] [46.0] [cxt 0] Deparsing header 'ethernet'
[07:52:14.733] [bmv2] [D] [thread 13560] [46.0] [cxt 0] Deparser 'deparser': end
[07:52:14.733] [bmv2] [D] [thread 13564] [46.0] [cxt 0] Transmitting packet of size 70 out of port 0
[07:52:14.813] [bmv2] [D] [thread 13559] [47.0] [cxt 0] Processing packet received on port 3
[07:52:14.814] [bmv2] [D] [thread 13559] [47.0] [cxt 0] Parser 'parser': start
[07:52:14.814] [bmv2] [D] [thread 13559] [47.0] [cxt 0] Parser 'parser' entering state 'start'
[07:52:14.814] [bmv2] [D] [thread 13559] [47.0] [cxt 0] Extracting header 'ethernet'
[07:52:14.814] [bmv2] [D] [thread 13559] [47.0] [cxt 0] Parser state 'start': key is 86dd
[07:52:14.814] [bmv2] [T] [thread 13559] [47.0] [cxt 0] Bytes parsed: 14
[07:52:14.814] [bmv2] [D] [thread 13559] [47.0] [cxt 0] Parser 'parser': end
[07:52:14.814] [bmv2] [D] [thread 13559] [47.0] [cxt 0] Pipeline 'ingress': start
[07:52:14.814] [bmv2] [T] [thread 13559] [47.0] [cxt 0] p4src/ecmp.p4(76) Condition "hdr.ipv4.isValid()" (node_2) is false
[07:52:14.814] [bmv2] [D] [thread 13559] [47.0] [cxt 0] Pipeline 'ingress': end
[07:52:14.814] [bmv2] [D] [thread 13559] [47.0] [cxt 0] Egress port is 0
[07:52:14.814] [bmv2] [D] [thread 13560] [47.0] [cxt 0] Pipeline 'egress': start
[07:52:14.814] [bmv2] [D] [thread 13560] [47.0] [cxt 0] Pipeline 'egress': end
[07:52:14.814] [bmv2] [D] [thread 13560] [47.0] [cxt 0] Deparser 'deparser': start
[07:52:14.814] [bmv2] [T] [thread 13560] [47.0] [cxt 0] Skipping checksum 'cksum' update because condition not met
[07:52:14.814] [bmv2] [D] [thread 13560] [47.0] [cxt 0] Deparsing header 'ethernet'
[07:52:14.815] [bmv2] [D] [thread 13560] [47.0] [cxt 0] Deparser 'deparser': end
[07:52:14.815] [bmv2] [D] [thread 13564] [47.0] [cxt 0] Transmitting packet of size 70 out of port 0
[07:52:14.863] [bmv2] [D] [thread 13559] [48.0] [cxt 0] Processing packet received on port 3
[07:52:14.863] [bmv2] [D] [thread 13559] [48.0] [cxt 0] Parser 'parser': start
[07:52:14.863] [bmv2] [D] [thread 13559] [48.0] [cxt 0] Parser 'parser' entering state 'start'
[07:52:14.863] [bmv2] [D] [thread 13559] [48.0] [cxt 0] Extracting header 'ethernet'
[07:52:14.863] [bmv2] [D] [thread 13559] [48.0] [cxt 0] Parser state 'start': key is 86dd
[07:52:14.863] [bmv2] [T] [thread 13559] [48.0] [cxt 0] Bytes parsed: 14
[07:52:14.863] [bmv2] [D] [thread 13559] [48.0] [cxt 0] Parser 'parser': end
[07:52:14.863] [bmv2] [D] [thread 13559] [48.0] [cxt 0] Pipeline 'ingress': start
[07:52:14.864] [bmv2] [T] [thread 13559] [48.0] [cxt 0] p4src/ecmp.p4(76) Condition "hdr.ipv4.isValid()" (node_2) is false
[07:52:14.864] [bmv2] [D] [thread 13559] [48.0] [cxt 0] Pipeline 'ingress': end
[07:52:14.864] [bmv2] [D] [thread 13559] [48.0] [cxt 0] Egress port is 0
[07:52:14.864] [bmv2] [D] [thread 13560] [48.0] [cxt 0] Pipeline 'egress': start
[07:52:14.864] [bmv2] [D] [thread 13560] [48.0] [cxt 0] Pipeline 'egress': end
[07:52:14.864] [bmv2] [D] [thread 13560] [48.0] [cxt 0] Deparser 'deparser': start
[07:52:14.864] [bmv2] [T] [thread 13560] [48.0] [cxt 0] Skipping checksum 'cksum' update because condition not met
[07:52:14.864] [bmv2] [D] [thread 13560] [48.0] [cxt 0] Deparsing header 'ethernet'
[07:52:14.864] [bmv2] [D] [thread 13560] [48.0] [cxt 0] Deparser 'deparser': end
[07:52:14.864] [bmv2] [D] [thread 13564] [48.0] [cxt 0] Transmitting packet of size 70 out of port 0
[07:52:17.467] [bmv2] [T] [thread 13711] bm_get_config
[07:52:17.470] [bmv2] [T] [thread 13711] bm_set_default_action
[07:52:17.470] [bmv2] [D] [thread 13711] Set default entry for table 'MyIngress.ipv4_lpm': MyIngress.drop - 
[07:52:17.470] [bmv2] [T] [thread 13711] bm_set_default_action
[07:52:17.470] [bmv2] [D] [thread 13711] Set default entry for table 'MyIngress.ecmp_group_to_nhop': MyIngress.drop - 
[07:52:17.471] [bmv2] [T] [thread 13711] bm_table_add_entry
[07:52:17.471] [bmv2] [D] [thread 13711] Entry 0 added to table 'MyIngress.ipv4_lpm'
[07:52:17.471] [bmv2] [D] [thread 13711] Dumping entry 0
Match key:
* hdr.ipv4.dstAddr    : LPM       0a000101/32
Action entry: MyIngress.set_nhop - a000101,1,

[07:52:17.472] [bmv2] [T] [thread 13711] bm_table_add_entry
[07:52:17.472] [bmv2] [D] [thread 13711] Entry 1 added to table 'MyIngress.ipv4_lpm'
[07:52:17.472] [bmv2] [D] [thread 13711] Dumping entry 1
Match key:
* hdr.ipv4.dstAddr    : LPM       0a000602/32
Action entry: MyIngress.ecmp_group - 1,4,

[07:52:17.473] [bmv2] [T] [thread 13711] bm_table_add_entry
[07:52:17.473] [bmv2] [D] [thread 13711] Entry 0 added to table 'MyIngress.ecmp_group_to_nhop'
[07:52:17.473] [bmv2] [D] [thread 13711] Dumping entry 0
Match key:
* meta.ecmp_group_id  : EXACT     0001
* meta.ecmp_hash      : EXACT     0000
Action entry: MyIngress.set_nhop - 20100,2,

[07:52:17.474] [bmv2] [T] [thread 13711] bm_table_add_entry
[07:52:17.474] [bmv2] [D] [thread 13711] Entry 1 added to table 'MyIngress.ecmp_group_to_nhop'
[07:52:17.474] [bmv2] [D] [thread 13711] Dumping entry 1
Match key:
* meta.ecmp_group_id  : EXACT     0001
* meta.ecmp_hash      : EXACT     0001
Action entry: MyIngress.set_nhop - 30100,3,

[07:52:17.475] [bmv2] [T] [thread 13711] bm_table_add_entry
[07:52:17.475] [bmv2] [D] [thread 13711] Entry 2 added to table 'MyIngress.ecmp_group_to_nhop'
[07:52:17.475] [bmv2] [D] [thread 13711] Dumping entry 2
Match key:
* meta.ecmp_group_id  : EXACT     0001
* meta.ecmp_hash      : EXACT     0002
Action entry: MyIngress.set_nhop - 40100,4,

[07:52:17.476] [bmv2] [T] [thread 13711] bm_table_add_entry
[07:52:17.476] [bmv2] [D] [thread 13711] Entry 3 added to table 'MyIngress.ecmp_group_to_nhop'
[07:52:17.476] [bmv2] [D] [thread 13711] Dumping entry 3
Match key:
* meta.ecmp_group_id  : EXACT     0001
* meta.ecmp_hash      : EXACT     0003
Action entry: MyIngress.set_nhop - 50100,5,

[07:52:27.895] [bmv2] [D] [thread 13559] [49.0] [cxt 0] Processing packet received on port 1
[07:52:27.895] [bmv2] [D] [thread 13559] [49.0] [cxt 0] Parser 'parser': start
[07:52:27.895] [bmv2] [D] [thread 13559] [49.0] [cxt 0] Parser 'parser' entering state 'start'
[07:52:27.895] [bmv2] [D] [thread 13559] [49.0] [cxt 0] Extracting header 'ethernet'
[07:52:27.895] [bmv2] [D] [thread 13559] [49.0] [cxt 0] Parser state 'start': key is 0800
[07:52:27.895] [bmv2] [T] [thread 13559] [49.0] [cxt 0] Bytes parsed: 14
[07:52:27.895] [bmv2] [D] [thread 13559] [49.0] [cxt 0] Parser 'parser' entering state 'parse_ipv4'
[07:52:27.895] [bmv2] [D] [thread 13559] [49.0] [cxt 0] Extracting header 'ipv4'
[07:52:27.895] [bmv2] [D] [thread 13559] [49.0] [cxt 0] Parser state 'parse_ipv4': key is 01
[07:52:27.895] [bmv2] [T] [thread 13559] [49.0] [cxt 0] Bytes parsed: 34
[07:52:27.895] [bmv2] [D] [thread 13559] [49.0] [cxt 0] Parser 'parser': end
[07:52:27.895] [bmv2] [D] [thread 13559] [49.0] [cxt 0] Pipeline 'ingress': start
[07:52:27.895] [bmv2] [T] [thread 13559] [49.0] [cxt 0] p4src/ecmp.p4(76) Condition "hdr.ipv4.isValid()" (node_2) is true
[07:52:27.895] [bmv2] [T] [thread 13559] [49.0] [cxt 0] Applying table 'MyIngress.ipv4_lpm'
[07:52:27.895] [bmv2] [D] [thread 13559] [49.0] [cxt 0] Looking up key:
* hdr.ipv4.dstAddr    : 0a000602

[07:52:27.895] [bmv2] [D] [thread 13559] [49.0] [cxt 0] Table 'MyIngress.ipv4_lpm': hit with handle 1
[07:52:27.895] [bmv2] [D] [thread 13559] [49.0] [cxt 0] Dumping entry 1
Match key:
* hdr.ipv4.dstAddr    : LPM       0a000602/32
Action entry: MyIngress.ecmp_group - 1,4,

[07:52:27.895] [bmv2] [D] [thread 13559] [49.0] [cxt 0] Action entry is MyIngress.ecmp_group - 1,4,
[07:52:27.895] [bmv2] [T] [thread 13559] [49.0] [cxt 0] Action MyIngress.ecmp_group
[07:52:27.895] [bmv2] [T] [thread 13559] [49.0] [cxt 0] p4src/ecmp.p4(30) Primitive hash(meta.ecmp_hash , HashAlgorithm.crc16, (bit<1>)0, {hdr.ipv4.srcAddr, hdr.ipv4.dstAddr, hdr.tcp.srcPort, hdr.tcp.dstPort , hdr.ipv4.protocol}, num_nhops)
[07:52:27.895] [bmv2] [T] [thread 13559] [49.0] [cxt 0] hash(base=0, max=4) = 3
[07:52:27.895] [bmv2] [T] [thread 13559] [49.0] [cxt 0] p4src/ecmp.p4(31) Primitive meta.ecmp_group_id = ecmp_group_id
[07:52:27.895] [bmv2] [T] [thread 13559] [49.0] [cxt 0] Applying table 'MyIngress.ecmp_group_to_nhop'
[07:52:27.895] [bmv2] [D] [thread 13559] [49.0] [cxt 0] Looking up key:
* meta.ecmp_group_id  : 0001
* meta.ecmp_hash      : 0003

[07:52:27.895] [bmv2] [D] [thread 13559] [49.0] [cxt 0] Table 'MyIngress.ecmp_group_to_nhop': hit with handle 3
[07:52:27.895] [bmv2] [D] [thread 13559] [49.0] [cxt 0] Dumping entry 3
Match key:
* meta.ecmp_group_id  : EXACT     0001
* meta.ecmp_hash      : EXACT     0003
Action entry: MyIngress.set_nhop - 50100,5,

[07:52:27.895] [bmv2] [D] [thread 13559] [49.0] [cxt 0] Action entry is MyIngress.set_nhop - 50100,5,
[07:52:27.895] [bmv2] [T] [thread 13559] [49.0] [cxt 0] Action MyIngress.set_nhop
[07:52:27.895] [bmv2] [T] [thread 13559] [49.0] [cxt 0] p4src/ecmp.p4(36) Primitive hdr.ethernet.srcAddr = hdr.ethernet.dstAddr
[07:52:27.895] [bmv2] [T] [thread 13559] [49.0] [cxt 0] p4src/ecmp.p4(37) Primitive hdr.ethernet.dstAddr = dstAddr
[07:52:27.896] [bmv2] [T] [thread 13559] [49.0] [cxt 0] p4src/ecmp.p4(38) Primitive standard_metadata.egress_spec = port
[07:52:27.896] [bmv2] [T] [thread 13559] [49.0] [cxt 0] p4src/ecmp.p4(39) Primitive hdr.ipv4.ttl = hdr.ipv4.ttl-1
[07:52:27.896] [bmv2] [D] [thread 13559] [49.0] [cxt 0] Pipeline 'ingress': end
[07:52:27.896] [bmv2] [D] [thread 13559] [49.0] [cxt 0] Egress port is 5
[07:52:27.896] [bmv2] [D] [thread 13561] [49.0] [cxt 0] Pipeline 'egress': start
[07:52:27.896] [bmv2] [D] [thread 13561] [49.0] [cxt 0] Pipeline 'egress': end
[07:52:27.896] [bmv2] [D] [thread 13561] [49.0] [cxt 0] Deparser 'deparser': start
[07:52:27.896] [bmv2] [D] [thread 13561] [49.0] [cxt 0] Updating checksum 'cksum'
[07:52:27.896] [bmv2] [D] [thread 13561] [49.0] [cxt 0] Deparsing header 'ethernet'
[07:52:27.896] [bmv2] [D] [thread 13561] [49.0] [cxt 0] Deparsing header 'ipv4'
[07:52:27.896] [bmv2] [D] [thread 13561] [49.0] [cxt 0] Deparser 'deparser': end
[07:52:27.896] [bmv2] [D] [thread 13564] [49.0] [cxt 0] Transmitting packet of size 98 out of port 5
[07:52:27.900] [bmv2] [D] [thread 13559] [50.0] [cxt 0] Processing packet received on port 2
[07:52:27.900] [bmv2] [D] [thread 13559] [50.0] [cxt 0] Parser 'parser': start
[07:52:27.900] [bmv2] [D] [thread 13559] [50.0] [cxt 0] Parser 'parser' entering state 'start'
[07:52:27.900] [bmv2] [D] [thread 13559] [50.0] [cxt 0] Extracting header 'ethernet'
[07:52:27.900] [bmv2] [D] [thread 13559] [50.0] [cxt 0] Parser state 'start': key is 0800
[07:52:27.900] [bmv2] [T] [thread 13559] [50.0] [cxt 0] Bytes parsed: 14
[07:52:27.900] [bmv2] [D] [thread 13559] [50.0] [cxt 0] Parser 'parser' entering state 'parse_ipv4'
[07:52:27.900] [bmv2] [D] [thread 13559] [50.0] [cxt 0] Extracting header 'ipv4'
[07:52:27.900] [bmv2] [D] [thread 13559] [50.0] [cxt 0] Parser state 'parse_ipv4': key is 01
[07:52:27.900] [bmv2] [T] [thread 13559] [50.0] [cxt 0] Bytes parsed: 34
[07:52:27.900] [bmv2] [D] [thread 13559] [50.0] [cxt 0] Parser 'parser': end
[07:52:27.900] [bmv2] [D] [thread 13559] [50.0] [cxt 0] Pipeline 'ingress': start
[07:52:27.900] [bmv2] [T] [thread 13559] [50.0] [cxt 0] p4src/ecmp.p4(76) Condition "hdr.ipv4.isValid()" (node_2) is true
[07:52:27.900] [bmv2] [T] [thread 13559] [50.0] [cxt 0] Applying table 'MyIngress.ipv4_lpm'
[07:52:27.900] [bmv2] [D] [thread 13559] [50.0] [cxt 0] Looking up key:
* hdr.ipv4.dstAddr    : 0a000101

[07:52:27.900] [bmv2] [D] [thread 13559] [50.0] [cxt 0] Table 'MyIngress.ipv4_lpm': hit with handle 0
[07:52:27.900] [bmv2] [D] [thread 13559] [50.0] [cxt 0] Dumping entry 0
Match key:
* hdr.ipv4.dstAddr    : LPM       0a000101/32
Action entry: MyIngress.set_nhop - a000101,1,

[07:52:27.900] [bmv2] [D] [thread 13559] [50.0] [cxt 0] Action entry is MyIngress.set_nhop - a000101,1,
[07:52:27.900] [bmv2] [T] [thread 13559] [50.0] [cxt 0] Action MyIngress.set_nhop
[07:52:27.900] [bmv2] [T] [thread 13559] [50.0] [cxt 0] p4src/ecmp.p4(36) Primitive hdr.ethernet.srcAddr = hdr.ethernet.dstAddr
[07:52:27.900] [bmv2] [T] [thread 13559] [50.0] [cxt 0] p4src/ecmp.p4(37) Primitive hdr.ethernet.dstAddr = dstAddr
[07:52:27.900] [bmv2] [T] [thread 13559] [50.0] [cxt 0] p4src/ecmp.p4(38) Primitive standard_metadata.egress_spec = port
[07:52:27.900] [bmv2] [T] [thread 13559] [50.0] [cxt 0] p4src/ecmp.p4(39) Primitive hdr.ipv4.ttl = hdr.ipv4.ttl-1
[07:52:27.900] [bmv2] [D] [thread 13559] [50.0] [cxt 0] Pipeline 'ingress': end
[07:52:27.900] [bmv2] [D] [thread 13559] [50.0] [cxt 0] Egress port is 1
[07:52:27.901] [bmv2] [D] [thread 13561] [50.0] [cxt 0] Pipeline 'egress': start
[07:52:27.901] [bmv2] [D] [thread 13561] [50.0] [cxt 0] Pipeline 'egress': end
[07:52:27.901] [bmv2] [D] [thread 13561] [50.0] [cxt 0] Deparser 'deparser': start
[07:52:27.901] [bmv2] [D] [thread 13561] [50.0] [cxt 0] Updating checksum 'cksum'
[07:52:27.901] [bmv2] [D] [thread 13561] [50.0] [cxt 0] Deparsing header 'ethernet'
[07:52:27.901] [bmv2] [D] [thread 13561] [50.0] [cxt 0] Deparsing header 'ipv4'
[07:52:27.901] [bmv2] [D] [thread 13561] [50.0] [cxt 0] Deparser 'deparser': end
[07:52:27.901] [bmv2] [D] [thread 13564] [50.0] [cxt 0] Transmitting packet of size 98 out of port 1
[07:52:27.906] [bmv2] [D] [thread 13559] [51.0] [cxt 0] Processing packet received on port 2
[07:52:27.906] [bmv2] [D] [thread 13559] [51.0] [cxt 0] Parser 'parser': start
[07:52:27.906] [bmv2] [D] [thread 13559] [51.0] [cxt 0] Parser 'parser' entering state 'start'
[07:52:27.906] [bmv2] [D] [thread 13559] [51.0] [cxt 0] Extracting header 'ethernet'
[07:52:27.906] [bmv2] [D] [thread 13559] [51.0] [cxt 0] Parser state 'start': key is 0800
[07:52:27.906] [bmv2] [T] [thread 13559] [51.0] [cxt 0] Bytes parsed: 14
[07:52:27.906] [bmv2] [D] [thread 13559] [51.0] [cxt 0] Parser 'parser' entering state 'parse_ipv4'
[07:52:27.906] [bmv2] [D] [thread 13559] [51.0] [cxt 0] Extracting header 'ipv4'
[07:52:27.906] [bmv2] [D] [thread 13559] [51.0] [cxt 0] Parser state 'parse_ipv4': key is 01
[07:52:27.906] [bmv2] [T] [thread 13559] [51.0] [cxt 0] Bytes parsed: 34
[07:52:27.906] [bmv2] [D] [thread 13559] [51.0] [cxt 0] Parser 'parser': end
[07:52:27.906] [bmv2] [D] [thread 13559] [51.0] [cxt 0] Pipeline 'ingress': start
[07:52:27.906] [bmv2] [T] [thread 13559] [51.0] [cxt 0] p4src/ecmp.p4(76) Condition "hdr.ipv4.isValid()" (node_2) is true
[07:52:27.906] [bmv2] [T] [thread 13559] [51.0] [cxt 0] Applying table 'MyIngress.ipv4_lpm'
[07:52:27.906] [bmv2] [D] [thread 13559] [51.0] [cxt 0] Looking up key:
* hdr.ipv4.dstAddr    : 0a000101

[07:52:27.906] [bmv2] [D] [thread 13559] [51.0] [cxt 0] Table 'MyIngress.ipv4_lpm': hit with handle 0
[07:52:27.906] [bmv2] [D] [thread 13559] [51.0] [cxt 0] Dumping entry 0
Match key:
* hdr.ipv4.dstAddr    : LPM       0a000101/32
Action entry: MyIngress.set_nhop - a000101,1,

[07:52:27.906] [bmv2] [D] [thread 13559] [51.0] [cxt 0] Action entry is MyIngress.set_nhop - a000101,1,
[07:52:27.906] [bmv2] [T] [thread 13559] [51.0] [cxt 0] Action MyIngress.set_nhop
[07:52:27.906] [bmv2] [T] [thread 13559] [51.0] [cxt 0] p4src/ecmp.p4(36) Primitive hdr.ethernet.srcAddr = hdr.ethernet.dstAddr
[07:52:27.906] [bmv2] [T] [thread 13559] [51.0] [cxt 0] p4src/ecmp.p4(37) Primitive hdr.ethernet.dstAddr = dstAddr
[07:52:27.906] [bmv2] [T] [thread 13559] [51.0] [cxt 0] p4src/ecmp.p4(38) Primitive standard_metadata.egress_spec = port
[07:52:27.906] [bmv2] [T] [thread 13559] [51.0] [cxt 0] p4src/ecmp.p4(39) Primitive hdr.ipv4.ttl = hdr.ipv4.ttl-1
[07:52:27.906] [bmv2] [D] [thread 13559] [51.0] [cxt 0] Pipeline 'ingress': end
[07:52:27.906] [bmv2] [D] [thread 13559] [51.0] [cxt 0] Egress port is 1
[07:52:27.906] [bmv2] [D] [thread 13561] [51.0] [cxt 0] Pipeline 'egress': start
[07:52:27.906] [bmv2] [D] [thread 13561] [51.0] [cxt 0] Pipeline 'egress': end
[07:52:27.906] [bmv2] [D] [thread 13561] [51.0] [cxt 0] Deparser 'deparser': start
[07:52:27.906] [bmv2] [D] [thread 13561] [51.0] [cxt 0] Updating checksum 'cksum'
[07:52:27.906] [bmv2] [D] [thread 13561] [51.0] [cxt 0] Deparsing header 'ethernet'
[07:52:27.906] [bmv2] [D] [thread 13561] [51.0] [cxt 0] Deparsing header 'ipv4'
[07:52:27.906] [bmv2] [D] [thread 13561] [51.0] [cxt 0] Deparser 'deparser': end
[07:52:27.906] [bmv2] [D] [thread 13564] [51.0] [cxt 0] Transmitting packet of size 98 out of port 1
[07:52:27.907] [bmv2] [D] [thread 13559] [52.0] [cxt 0] Processing packet received on port 1
[07:52:27.907] [bmv2] [D] [thread 13559] [52.0] [cxt 0] Parser 'parser': start
[07:52:27.907] [bmv2] [D] [thread 13559] [52.0] [cxt 0] Parser 'parser' entering state 'start'
[07:52:27.907] [bmv2] [D] [thread 13559] [52.0] [cxt 0] Extracting header 'ethernet'
[07:52:27.907] [bmv2] [D] [thread 13559] [52.0] [cxt 0] Parser state 'start': key is 0800
[07:52:27.907] [bmv2] [T] [thread 13559] [52.0] [cxt 0] Bytes parsed: 14
[07:52:27.907] [bmv2] [D] [thread 13559] [52.0] [cxt 0] Parser 'parser' entering state 'parse_ipv4'
[07:52:27.907] [bmv2] [D] [thread 13559] [52.0] [cxt 0] Extracting header 'ipv4'
[07:52:27.907] [bmv2] [D] [thread 13559] [52.0] [cxt 0] Parser state 'parse_ipv4': key is 01
[07:52:27.907] [bmv2] [T] [thread 13559] [52.0] [cxt 0] Bytes parsed: 34
[07:52:27.907] [bmv2] [D] [thread 13559] [52.0] [cxt 0] Parser 'parser': end
[07:52:27.907] [bmv2] [D] [thread 13559] [52.0] [cxt 0] Pipeline 'ingress': start
[07:52:27.907] [bmv2] [T] [thread 13559] [52.0] [cxt 0] p4src/ecmp.p4(76) Condition "hdr.ipv4.isValid()" (node_2) is true
[07:52:27.907] [bmv2] [T] [thread 13559] [52.0] [cxt 0] Applying table 'MyIngress.ipv4_lpm'
[07:52:27.907] [bmv2] [D] [thread 13559] [52.0] [cxt 0] Looking up key:
* hdr.ipv4.dstAddr    : 0a000602

[07:52:27.907] [bmv2] [D] [thread 13559] [52.0] [cxt 0] Table 'MyIngress.ipv4_lpm': hit with handle 1
[07:52:27.907] [bmv2] [D] [thread 13559] [52.0] [cxt 0] Dumping entry 1
Match key:
* hdr.ipv4.dstAddr    : LPM       0a000602/32
Action entry: MyIngress.ecmp_group - 1,4,

[07:52:27.907] [bmv2] [D] [thread 13559] [52.0] [cxt 0] Action entry is MyIngress.ecmp_group - 1,4,
[07:52:27.907] [bmv2] [T] [thread 13559] [52.0] [cxt 0] Action MyIngress.ecmp_group
[07:52:27.907] [bmv2] [T] [thread 13559] [52.0] [cxt 0] p4src/ecmp.p4(30) Primitive hash(meta.ecmp_hash , HashAlgorithm.crc16, (bit<1>)0, {hdr.ipv4.srcAddr, hdr.ipv4.dstAddr, hdr.tcp.srcPort, hdr.tcp.dstPort , hdr.ipv4.protocol}, num_nhops)
[07:52:27.907] [bmv2] [T] [thread 13559] [52.0] [cxt 0] hash(base=0, max=4) = 3
[07:52:27.907] [bmv2] [T] [thread 13559] [52.0] [cxt 0] p4src/ecmp.p4(31) Primitive meta.ecmp_group_id = ecmp_group_id
[07:52:27.907] [bmv2] [T] [thread 13559] [52.0] [cxt 0] Applying table 'MyIngress.ecmp_group_to_nhop'
[07:52:27.907] [bmv2] [D] [thread 13559] [52.0] [cxt 0] Looking up key:
* meta.ecmp_group_id  : 0001
* meta.ecmp_hash      : 0003

[07:52:27.907] [bmv2] [D] [thread 13559] [52.0] [cxt 0] Table 'MyIngress.ecmp_group_to_nhop': hit with handle 3
[07:52:27.907] [bmv2] [D] [thread 13559] [52.0] [cxt 0] Dumping entry 3
Match key:
* meta.ecmp_group_id  : EXACT     0001
* meta.ecmp_hash      : EXACT     0003
Action entry: MyIngress.set_nhop - 50100,5,

[07:52:27.907] [bmv2] [D] [thread 13559] [52.0] [cxt 0] Action entry is MyIngress.set_nhop - 50100,5,
[07:52:27.907] [bmv2] [T] [thread 13559] [52.0] [cxt 0] Action MyIngress.set_nhop
[07:52:27.907] [bmv2] [T] [thread 13559] [52.0] [cxt 0] p4src/ecmp.p4(36) Primitive hdr.ethernet.srcAddr = hdr.ethernet.dstAddr
[07:52:27.907] [bmv2] [T] [thread 13559] [52.0] [cxt 0] p4src/ecmp.p4(37) Primitive hdr.ethernet.dstAddr = dstAddr
[07:52:27.907] [bmv2] [T] [thread 13559] [52.0] [cxt 0] p4src/ecmp.p4(38) Primitive standard_metadata.egress_spec = port
[07:52:27.907] [bmv2] [T] [thread 13559] [52.0] [cxt 0] p4src/ecmp.p4(39) Primitive hdr.ipv4.ttl = hdr.ipv4.ttl-1
[07:52:27.907] [bmv2] [D] [thread 13559] [52.0] [cxt 0] Pipeline 'ingress': end
[07:52:27.907] [bmv2] [D] [thread 13559] [52.0] [cxt 0] Egress port is 5
[07:52:27.908] [bmv2] [D] [thread 13561] [52.0] [cxt 0] Pipeline 'egress': start
[07:52:27.908] [bmv2] [D] [thread 13561] [52.0] [cxt 0] Pipeline 'egress': end
[07:52:27.908] [bmv2] [D] [thread 13561] [52.0] [cxt 0] Deparser 'deparser': start
[07:52:27.908] [bmv2] [D] [thread 13561] [52.0] [cxt 0] Updating checksum 'cksum'
[07:52:27.908] [bmv2] [D] [thread 13561] [52.0] [cxt 0] Deparsing header 'ethernet'
[07:52:27.908] [bmv2] [D] [thread 13561] [52.0] [cxt 0] Deparsing header 'ipv4'
[07:52:27.908] [bmv2] [D] [thread 13561] [52.0] [cxt 0] Deparser 'deparser': end
[07:52:27.908] [bmv2] [D] [thread 13564] [52.0] [cxt 0] Transmitting packet of size 98 out of port 5
open: No such file or directory
open: No such file or directory
open: No such file or directory
open: No such file or directory
open: No such file or directory
open: No such file or directory
