Warning: you requested the nanomsg event logger, but bmv2 was compiled without -DBMELOG, and the event logger cannot be activated
Calling target program-options parser
[07:52:10.262] [bmv2] [D] [thread 13568] Set default default entry for table 'MyIngress.ipv4_lpm': MyIngress.drop - 
[07:52:10.263] [bmv2] [D] [thread 13568] Set default default entry for table 'MyIngress.ecmp_group_to_nhop': MyIngress.drop - 
Adding interface s2-eth1 as port 1
[07:52:10.276] [bmv2] [D] [thread 13568] Adding interface s2-eth1 as port 1
Adding interface s2-eth2 as port 2
[07:52:10.308] [bmv2] [D] [thread 13568] Adding interface s2-eth2 as port 2
[07:52:10.334] [bmv2] [I] [thread 13568] Starting Thrift server on port 9091
[07:52:10.335] [bmv2] [I] [thread 13568] Thrift server was started
[07:52:10.504] [bmv2] [D] [thread 13574] [0.0] [cxt 0] Processing packet received on port 1
[07:52:10.504] [bmv2] [D] [thread 13574] [0.0] [cxt 0] Parser 'parser': start
[07:52:10.504] [bmv2] [D] [thread 13574] [0.0] [cxt 0] Parser 'parser' entering state 'start'
[07:52:10.504] [bmv2] [D] [thread 13574] [0.0] [cxt 0] Extracting header 'ethernet'
[07:52:10.504] [bmv2] [D] [thread 13574] [0.0] [cxt 0] Parser state 'start': key is 86dd
[07:52:10.504] [bmv2] [T] [thread 13574] [0.0] [cxt 0] Bytes parsed: 14
[07:52:10.504] [bmv2] [D] [thread 13574] [0.0] [cxt 0] Parser 'parser': end
[07:52:10.504] [bmv2] [D] [thread 13574] [0.0] [cxt 0] Pipeline 'ingress': start
[07:52:10.505] [bmv2] [T] [thread 13574] [0.0] [cxt 0] p4src/ecmp.p4(76) Condition "hdr.ipv4.isValid()" (node_2) is false
[07:52:10.505] [bmv2] [D] [thread 13574] [0.0] [cxt 0] Pipeline 'ingress': end
[07:52:10.505] [bmv2] [D] [thread 13574] [0.0] [cxt 0] Egress port is 0
[07:52:10.505] [bmv2] [D] [thread 13575] [0.0] [cxt 0] Pipeline 'egress': start
[07:52:10.505] [bmv2] [D] [thread 13575] [0.0] [cxt 0] Pipeline 'egress': end
[07:52:10.505] [bmv2] [D] [thread 13575] [0.0] [cxt 0] Deparser 'deparser': start
[07:52:10.505] [bmv2] [T] [thread 13575] [0.0] [cxt 0] Skipping checksum 'cksum' update because condition not met
[07:52:10.505] [bmv2] [D] [thread 13575] [0.0] [cxt 0] Deparsing header 'ethernet'
[07:52:10.506] [bmv2] [D] [thread 13575] [0.0] [cxt 0] Deparser 'deparser': end
[07:52:10.506] [bmv2] [D] [thread 13579] [0.0] [cxt 0] Transmitting packet of size 90 out of port 0
[07:52:10.506] [bmv2] [D] [thread 13574] [1.0] [cxt 0] Processing packet received on port 1
[07:52:10.506] [bmv2] [D] [thread 13574] [1.0] [cxt 0] Parser 'parser': start
[07:52:10.506] [bmv2] [D] [thread 13574] [1.0] [cxt 0] Parser 'parser' entering state 'start'
[07:52:10.506] [bmv2] [D] [thread 13574] [1.0] [cxt 0] Extracting header 'ethernet'
[07:52:10.506] [bmv2] [D] [thread 13574] [1.0] [cxt 0] Parser state 'start': key is 86dd
[07:52:10.506] [bmv2] [T] [thread 13574] [1.0] [cxt 0] Bytes parsed: 14
[07:52:10.506] [bmv2] [D] [thread 13574] [1.0] [cxt 0] Parser 'parser': end
[07:52:10.506] [bmv2] [D] [thread 13574] [1.0] [cxt 0] Pipeline 'ingress': start
[07:52:10.506] [bmv2] [T] [thread 13574] [1.0] [cxt 0] p4src/ecmp.p4(76) Condition "hdr.ipv4.isValid()" (node_2) is false
[07:52:10.506] [bmv2] [D] [thread 13574] [1.0] [cxt 0] Pipeline 'ingress': end
[07:52:10.507] [bmv2] [D] [thread 13574] [1.0] [cxt 0] Egress port is 0
[07:52:10.508] [bmv2] [D] [thread 13575] [1.0] [cxt 0] Pipeline 'egress': start
[07:52:10.508] [bmv2] [D] [thread 13575] [1.0] [cxt 0] Pipeline 'egress': end
[07:52:10.508] [bmv2] [D] [thread 13575] [1.0] [cxt 0] Deparser 'deparser': start
[07:52:10.508] [bmv2] [T] [thread 13575] [1.0] [cxt 0] Skipping checksum 'cksum' update because condition not met
[07:52:10.508] [bmv2] [D] [thread 13575] [1.0] [cxt 0] Deparsing header 'ethernet'
[07:52:10.509] [bmv2] [D] [thread 13575] [1.0] [cxt 0] Deparser 'deparser': end
[07:52:10.509] [bmv2] [D] [thread 13579] [1.0] [cxt 0] Transmitting packet of size 70 out of port 0
[07:52:10.549] [bmv2] [D] [thread 13574] [2.0] [cxt 0] Processing packet received on port 1
[07:52:10.549] [bmv2] [D] [thread 13574] [2.0] [cxt 0] Parser 'parser': start
[07:52:10.550] [bmv2] [D] [thread 13574] [2.0] [cxt 0] Parser 'parser' entering state 'start'
[07:52:10.550] [bmv2] [D] [thread 13574] [2.0] [cxt 0] Extracting header 'ethernet'
[07:52:10.550] [bmv2] [D] [thread 13574] [2.0] [cxt 0] Parser state 'start': key is 86dd
[07:52:10.550] [bmv2] [T] [thread 13574] [2.0] [cxt 0] Bytes parsed: 14
[07:52:10.550] [bmv2] [D] [thread 13574] [2.0] [cxt 0] Parser 'parser': end
[07:52:10.550] [bmv2] [D] [thread 13574] [2.0] [cxt 0] Pipeline 'ingress': start
[07:52:10.550] [bmv2] [T] [thread 13574] [2.0] [cxt 0] p4src/ecmp.p4(76) Condition "hdr.ipv4.isValid()" (node_2) is false
[07:52:10.550] [bmv2] [D] [thread 13574] [2.0] [cxt 0] Pipeline 'ingress': end
[07:52:10.550] [bmv2] [D] [thread 13574] [2.0] [cxt 0] Egress port is 0
[07:52:10.550] [bmv2] [D] [thread 13575] [2.0] [cxt 0] Pipeline 'egress': start
[07:52:10.550] [bmv2] [D] [thread 13575] [2.0] [cxt 0] Pipeline 'egress': end
[07:52:10.551] [bmv2] [D] [thread 13575] [2.0] [cxt 0] Deparser 'deparser': start
[07:52:10.551] [bmv2] [T] [thread 13575] [2.0] [cxt 0] Skipping checksum 'cksum' update because condition not met
[07:52:10.551] [bmv2] [D] [thread 13575] [2.0] [cxt 0] Deparsing header 'ethernet'
[07:52:10.551] [bmv2] [D] [thread 13575] [2.0] [cxt 0] Deparser 'deparser': end
[07:52:10.551] [bmv2] [D] [thread 13579] [2.0] [cxt 0] Transmitting packet of size 90 out of port 0
[07:52:10.620] [bmv2] [D] [thread 13574] [3.0] [cxt 0] Processing packet received on port 2
[07:52:10.620] [bmv2] [D] [thread 13574] [3.0] [cxt 0] Parser 'parser': start
[07:52:10.620] [bmv2] [D] [thread 13574] [3.0] [cxt 0] Parser 'parser' entering state 'start'
[07:52:10.620] [bmv2] [D] [thread 13574] [3.0] [cxt 0] Extracting header 'ethernet'
[07:52:10.620] [bmv2] [D] [thread 13574] [3.0] [cxt 0] Parser state 'start': key is 86dd
[07:52:10.620] [bmv2] [T] [thread 13574] [3.0] [cxt 0] Bytes parsed: 14
[07:52:10.620] [bmv2] [D] [thread 13574] [3.0] [cxt 0] Parser 'parser': end
[07:52:10.620] [bmv2] [D] [thread 13574] [3.0] [cxt 0] Pipeline 'ingress': start
[07:52:10.620] [bmv2] [T] [thread 13574] [3.0] [cxt 0] p4src/ecmp.p4(76) Condition "hdr.ipv4.isValid()" (node_2) is false
[07:52:10.620] [bmv2] [D] [thread 13574] [3.0] [cxt 0] Pipeline 'ingress': end
[07:52:10.620] [bmv2] [D] [thread 13574] [3.0] [cxt 0] Egress port is 0
[07:52:10.620] [bmv2] [D] [thread 13574] [4.0] [cxt 0] Processing packet received on port 2
[07:52:10.621] [bmv2] [D] [thread 13574] [4.0] [cxt 0] Parser 'parser': start
[07:52:10.621] [bmv2] [D] [thread 13574] [4.0] [cxt 0] Parser 'parser' entering state 'start'
[07:52:10.621] [bmv2] [D] [thread 13574] [4.0] [cxt 0] Extracting header 'ethernet'
[07:52:10.621] [bmv2] [D] [thread 13574] [4.0] [cxt 0] Parser state 'start': key is 86dd
[07:52:10.621] [bmv2] [T] [thread 13574] [4.0] [cxt 0] Bytes parsed: 14
[07:52:10.621] [bmv2] [D] [thread 13574] [4.0] [cxt 0] Parser 'parser': end
[07:52:10.621] [bmv2] [D] [thread 13574] [4.0] [cxt 0] Pipeline 'ingress': start
[07:52:10.621] [bmv2] [T] [thread 13574] [4.0] [cxt 0] p4src/ecmp.p4(76) Condition "hdr.ipv4.isValid()" (node_2) is false
[07:52:10.621] [bmv2] [D] [thread 13574] [4.0] [cxt 0] Pipeline 'ingress': end
[07:52:10.621] [bmv2] [D] [thread 13574] [4.0] [cxt 0] Egress port is 0
[07:52:10.622] [bmv2] [D] [thread 13575] [3.0] [cxt 0] Pipeline 'egress': start
[07:52:10.622] [bmv2] [D] [thread 13575] [3.0] [cxt 0] Pipeline 'egress': end
[07:52:10.622] [bmv2] [D] [thread 13575] [3.0] [cxt 0] Deparser 'deparser': start
[07:52:10.622] [bmv2] [T] [thread 13575] [3.0] [cxt 0] Skipping checksum 'cksum' update because condition not met
[07:52:10.622] [bmv2] [D] [thread 13575] [3.0] [cxt 0] Deparsing header 'ethernet'
[07:52:10.622] [bmv2] [D] [thread 13575] [3.0] [cxt 0] Deparser 'deparser': end
[07:52:10.622] [bmv2] [D] [thread 13579] [3.0] [cxt 0] Transmitting packet of size 90 out of port 0
[07:52:10.622] [bmv2] [D] [thread 13575] [4.0] [cxt 0] Pipeline 'egress': start
[07:52:10.623] [bmv2] [D] [thread 13575] [4.0] [cxt 0] Pipeline 'egress': end
[07:52:10.623] [bmv2] [D] [thread 13575] [4.0] [cxt 0] Deparser 'deparser': start
[07:52:10.623] [bmv2] [T] [thread 13575] [4.0] [cxt 0] Skipping checksum 'cksum' update because condition not met
[07:52:10.623] [bmv2] [D] [thread 13575] [4.0] [cxt 0] Deparsing header 'ethernet'
[07:52:10.623] [bmv2] [D] [thread 13575] [4.0] [cxt 0] Deparser 'deparser': end
[07:52:10.623] [bmv2] [D] [thread 13579] [4.0] [cxt 0] Transmitting packet of size 70 out of port 0
[07:52:10.666] [bmv2] [D] [thread 13574] [5.0] [cxt 0] Processing packet received on port 2
[07:52:10.666] [bmv2] [D] [thread 13574] [5.0] [cxt 0] Parser 'parser': start
[07:52:10.666] [bmv2] [D] [thread 13574] [5.0] [cxt 0] Parser 'parser' entering state 'start'
[07:52:10.666] [bmv2] [D] [thread 13574] [5.0] [cxt 0] Extracting header 'ethernet'
[07:52:10.667] [bmv2] [D] [thread 13574] [5.0] [cxt 0] Parser state 'start': key is 86dd
[07:52:10.667] [bmv2] [T] [thread 13574] [5.0] [cxt 0] Bytes parsed: 14
[07:52:10.667] [bmv2] [D] [thread 13574] [5.0] [cxt 0] Parser 'parser': end
[07:52:10.667] [bmv2] [D] [thread 13574] [5.0] [cxt 0] Pipeline 'ingress': start
[07:52:10.667] [bmv2] [T] [thread 13574] [5.0] [cxt 0] p4src/ecmp.p4(76) Condition "hdr.ipv4.isValid()" (node_2) is false
[07:52:10.667] [bmv2] [D] [thread 13574] [5.0] [cxt 0] Pipeline 'ingress': end
[07:52:10.667] [bmv2] [D] [thread 13574] [5.0] [cxt 0] Egress port is 0
[07:52:10.667] [bmv2] [D] [thread 13574] [6.0] [cxt 0] Processing packet received on port 2
[07:52:10.667] [bmv2] [D] [thread 13574] [6.0] [cxt 0] Parser 'parser': start
[07:52:10.667] [bmv2] [D] [thread 13574] [6.0] [cxt 0] Parser 'parser' entering state 'start'
[07:52:10.667] [bmv2] [D] [thread 13574] [6.0] [cxt 0] Extracting header 'ethernet'
[07:52:10.667] [bmv2] [D] [thread 13574] [6.0] [cxt 0] Parser state 'start': key is 86dd
[07:52:10.667] [bmv2] [T] [thread 13574] [6.0] [cxt 0] Bytes parsed: 14
[07:52:10.667] [bmv2] [D] [thread 13574] [6.0] [cxt 0] Parser 'parser': end
[07:52:10.667] [bmv2] [D] [thread 13574] [6.0] [cxt 0] Pipeline 'ingress': start
[07:52:10.667] [bmv2] [T] [thread 13574] [6.0] [cxt 0] p4src/ecmp.p4(76) Condition "hdr.ipv4.isValid()" (node_2) is false
[07:52:10.667] [bmv2] [D] [thread 13574] [6.0] [cxt 0] Pipeline 'ingress': end
[07:52:10.667] [bmv2] [D] [thread 13574] [6.0] [cxt 0] Egress port is 0
[07:52:10.668] [bmv2] [D] [thread 13575] [5.0] [cxt 0] Pipeline 'egress': start
[07:52:10.668] [bmv2] [D] [thread 13575] [5.0] [cxt 0] Pipeline 'egress': end
[07:52:10.668] [bmv2] [D] [thread 13575] [5.0] [cxt 0] Deparser 'deparser': start
[07:52:10.668] [bmv2] [T] [thread 13575] [5.0] [cxt 0] Skipping checksum 'cksum' update because condition not met
[07:52:10.668] [bmv2] [D] [thread 13575] [5.0] [cxt 0] Deparsing header 'ethernet'
[07:52:10.668] [bmv2] [D] [thread 13575] [5.0] [cxt 0] Deparser 'deparser': end
[07:52:10.668] [bmv2] [D] [thread 13575] [6.0] [cxt 0] Pipeline 'egress': start
[07:52:10.668] [bmv2] [D] [thread 13575] [6.0] [cxt 0] Pipeline 'egress': end
[07:52:10.668] [bmv2] [D] [thread 13575] [6.0] [cxt 0] Deparser 'deparser': start
[07:52:10.668] [bmv2] [T] [thread 13575] [6.0] [cxt 0] Skipping checksum 'cksum' update because condition not met
[07:52:10.668] [bmv2] [D] [thread 13575] [6.0] [cxt 0] Deparsing header 'ethernet'
[07:52:10.668] [bmv2] [D] [thread 13575] [6.0] [cxt 0] Deparser 'deparser': end
[07:52:10.668] [bmv2] [D] [thread 13579] [5.0] [cxt 0] Transmitting packet of size 90 out of port 0
[07:52:10.668] [bmv2] [D] [thread 13579] [6.0] [cxt 0] Transmitting packet of size 70 out of port 0
[07:52:10.771] [bmv2] [D] [thread 13574] [7.0] [cxt 0] Processing packet received on port 1
[07:52:10.771] [bmv2] [D] [thread 13574] [7.0] [cxt 0] Parser 'parser': start
[07:52:10.771] [bmv2] [D] [thread 13574] [7.0] [cxt 0] Parser 'parser' entering state 'start'
[07:52:10.771] [bmv2] [D] [thread 13574] [7.0] [cxt 0] Extracting header 'ethernet'
[07:52:10.771] [bmv2] [D] [thread 13574] [7.0] [cxt 0] Parser state 'start': key is 86dd
[07:52:10.771] [bmv2] [T] [thread 13574] [7.0] [cxt 0] Bytes parsed: 14
[07:52:10.771] [bmv2] [D] [thread 13574] [7.0] [cxt 0] Parser 'parser': end
[07:52:10.771] [bmv2] [D] [thread 13574] [7.0] [cxt 0] Pipeline 'ingress': start
[07:52:10.771] [bmv2] [T] [thread 13574] [7.0] [cxt 0] p4src/ecmp.p4(76) Condition "hdr.ipv4.isValid()" (node_2) is false
[07:52:10.771] [bmv2] [D] [thread 13574] [7.0] [cxt 0] Pipeline 'ingress': end
[07:52:10.771] [bmv2] [D] [thread 13574] [7.0] [cxt 0] Egress port is 0
[07:52:10.772] [bmv2] [D] [thread 13575] [7.0] [cxt 0] Pipeline 'egress': start
[07:52:10.772] [bmv2] [D] [thread 13575] [7.0] [cxt 0] Pipeline 'egress': end
[07:52:10.772] [bmv2] [D] [thread 13575] [7.0] [cxt 0] Deparser 'deparser': start
[07:52:10.772] [bmv2] [T] [thread 13575] [7.0] [cxt 0] Skipping checksum 'cksum' update because condition not met
[07:52:10.772] [bmv2] [D] [thread 13575] [7.0] [cxt 0] Deparsing header 'ethernet'
[07:52:10.772] [bmv2] [D] [thread 13575] [7.0] [cxt 0] Deparser 'deparser': end
[07:52:10.772] [bmv2] [D] [thread 13579] [7.0] [cxt 0] Transmitting packet of size 90 out of port 0
[07:52:11.022] [bmv2] [D] [thread 13574] [8.0] [cxt 0] Processing packet received on port 2
[07:52:11.022] [bmv2] [D] [thread 13574] [8.0] [cxt 0] Parser 'parser': start
[07:52:11.022] [bmv2] [D] [thread 13574] [8.0] [cxt 0] Parser 'parser' entering state 'start'
[07:52:11.022] [bmv2] [D] [thread 13574] [8.0] [cxt 0] Extracting header 'ethernet'
[07:52:11.023] [bmv2] [D] [thread 13574] [8.0] [cxt 0] Parser state 'start': key is 86dd
[07:52:11.023] [bmv2] [T] [thread 13574] [8.0] [cxt 0] Bytes parsed: 14
[07:52:11.023] [bmv2] [D] [thread 13574] [8.0] [cxt 0] Parser 'parser': end
[07:52:11.023] [bmv2] [D] [thread 13574] [8.0] [cxt 0] Pipeline 'ingress': start
[07:52:11.023] [bmv2] [T] [thread 13574] [8.0] [cxt 0] p4src/ecmp.p4(76) Condition "hdr.ipv4.isValid()" (node_2) is false
[07:52:11.023] [bmv2] [D] [thread 13574] [8.0] [cxt 0] Pipeline 'ingress': end
[07:52:11.023] [bmv2] [D] [thread 13574] [8.0] [cxt 0] Egress port is 0
[07:52:11.023] [bmv2] [D] [thread 13575] [8.0] [cxt 0] Pipeline 'egress': start
[07:52:11.023] [bmv2] [D] [thread 13575] [8.0] [cxt 0] Pipeline 'egress': end
[07:52:11.023] [bmv2] [D] [thread 13575] [8.0] [cxt 0] Deparser 'deparser': start
[07:52:11.023] [bmv2] [T] [thread 13575] [8.0] [cxt 0] Skipping checksum 'cksum' update because condition not met
[07:52:11.023] [bmv2] [D] [thread 13575] [8.0] [cxt 0] Deparsing header 'ethernet'
[07:52:11.023] [bmv2] [D] [thread 13575] [8.0] [cxt 0] Deparser 'deparser': end
[07:52:11.023] [bmv2] [D] [thread 13579] [8.0] [cxt 0] Transmitting packet of size 90 out of port 0
[07:52:11.602] [bmv2] [D] [thread 13574] [9.0] [cxt 0] Processing packet received on port 2
[07:52:11.602] [bmv2] [D] [thread 13574] [9.0] [cxt 0] Parser 'parser': start
[07:52:11.602] [bmv2] [D] [thread 13574] [9.0] [cxt 0] Parser 'parser' entering state 'start'
[07:52:11.602] [bmv2] [D] [thread 13574] [9.0] [cxt 0] Extracting header 'ethernet'
[07:52:11.602] [bmv2] [D] [thread 13574] [9.0] [cxt 0] Parser state 'start': key is 86dd
[07:52:11.602] [bmv2] [T] [thread 13574] [9.0] [cxt 0] Bytes parsed: 14
[07:52:11.602] [bmv2] [D] [thread 13574] [9.0] [cxt 0] Parser 'parser': end
[07:52:11.603] [bmv2] [D] [thread 13574] [9.0] [cxt 0] Pipeline 'ingress': start
[07:52:11.603] [bmv2] [T] [thread 13574] [9.0] [cxt 0] p4src/ecmp.p4(76) Condition "hdr.ipv4.isValid()" (node_2) is false
[07:52:11.603] [bmv2] [D] [thread 13574] [9.0] [cxt 0] Pipeline 'ingress': end
[07:52:11.603] [bmv2] [D] [thread 13574] [9.0] [cxt 0] Egress port is 0
[07:52:11.603] [bmv2] [D] [thread 13575] [9.0] [cxt 0] Pipeline 'egress': start
[07:52:11.603] [bmv2] [D] [thread 13575] [9.0] [cxt 0] Pipeline 'egress': end
[07:52:11.603] [bmv2] [D] [thread 13575] [9.0] [cxt 0] Deparser 'deparser': start
[07:52:11.603] [bmv2] [T] [thread 13575] [9.0] [cxt 0] Skipping checksum 'cksum' update because condition not met
[07:52:11.603] [bmv2] [D] [thread 13575] [9.0] [cxt 0] Deparsing header 'ethernet'
[07:52:11.603] [bmv2] [D] [thread 13575] [9.0] [cxt 0] Deparser 'deparser': end
[07:52:11.603] [bmv2] [D] [thread 13579] [9.0] [cxt 0] Transmitting packet of size 90 out of port 0
[07:52:14.018] [bmv2] [D] [thread 13574] [10.0] [cxt 0] Processing packet received on port 1
[07:52:14.018] [bmv2] [D] [thread 13574] [10.0] [cxt 0] Parser 'parser': start
[07:52:14.019] [bmv2] [D] [thread 13574] [10.0] [cxt 0] Parser 'parser' entering state 'start'
[07:52:14.019] [bmv2] [D] [thread 13574] [10.0] [cxt 0] Extracting header 'ethernet'
[07:52:14.019] [bmv2] [D] [thread 13574] [10.0] [cxt 0] Parser state 'start': key is 86dd
[07:52:14.019] [bmv2] [T] [thread 13574] [10.0] [cxt 0] Bytes parsed: 14
[07:52:14.019] [bmv2] [D] [thread 13574] [10.0] [cxt 0] Parser 'parser': end
[07:52:14.019] [bmv2] [D] [thread 13574] [10.0] [cxt 0] Pipeline 'ingress': start
[07:52:14.019] [bmv2] [T] [thread 13574] [10.0] [cxt 0] p4src/ecmp.p4(76) Condition "hdr.ipv4.isValid()" (node_2) is false
[07:52:14.019] [bmv2] [D] [thread 13574] [10.0] [cxt 0] Pipeline 'ingress': end
[07:52:14.019] [bmv2] [D] [thread 13574] [10.0] [cxt 0] Egress port is 0
[07:52:14.019] [bmv2] [D] [thread 13575] [10.0] [cxt 0] Pipeline 'egress': start
[07:52:14.019] [bmv2] [D] [thread 13575] [10.0] [cxt 0] Pipeline 'egress': end
[07:52:14.019] [bmv2] [D] [thread 13575] [10.0] [cxt 0] Deparser 'deparser': start
[07:52:14.019] [bmv2] [T] [thread 13575] [10.0] [cxt 0] Skipping checksum 'cksum' update because condition not met
[07:52:14.019] [bmv2] [D] [thread 13575] [10.0] [cxt 0] Deparsing header 'ethernet'
[07:52:14.020] [bmv2] [D] [thread 13575] [10.0] [cxt 0] Deparser 'deparser': end
[07:52:14.020] [bmv2] [D] [thread 13579] [10.0] [cxt 0] Transmitting packet of size 70 out of port 0
[07:52:14.514] [bmv2] [D] [thread 13574] [11.0] [cxt 0] Processing packet received on port 1
[07:52:14.514] [bmv2] [D] [thread 13574] [11.0] [cxt 0] Parser 'parser': start
[07:52:14.514] [bmv2] [D] [thread 13574] [11.0] [cxt 0] Parser 'parser' entering state 'start'
[07:52:14.514] [bmv2] [D] [thread 13574] [11.0] [cxt 0] Extracting header 'ethernet'
[07:52:14.514] [bmv2] [D] [thread 13574] [11.0] [cxt 0] Parser state 'start': key is 86dd
[07:52:14.514] [bmv2] [T] [thread 13574] [11.0] [cxt 0] Bytes parsed: 14
[07:52:14.514] [bmv2] [D] [thread 13574] [11.0] [cxt 0] Parser 'parser': end
[07:52:14.514] [bmv2] [D] [thread 13574] [11.0] [cxt 0] Pipeline 'ingress': start
[07:52:14.514] [bmv2] [T] [thread 13574] [11.0] [cxt 0] p4src/ecmp.p4(76) Condition "hdr.ipv4.isValid()" (node_2) is false
[07:52:14.514] [bmv2] [D] [thread 13574] [11.0] [cxt 0] Pipeline 'ingress': end
[07:52:14.514] [bmv2] [D] [thread 13574] [11.0] [cxt 0] Egress port is 0
[07:52:14.515] [bmv2] [D] [thread 13575] [11.0] [cxt 0] Pipeline 'egress': start
[07:52:14.515] [bmv2] [D] [thread 13575] [11.0] [cxt 0] Pipeline 'egress': end
[07:52:14.515] [bmv2] [D] [thread 13575] [11.0] [cxt 0] Deparser 'deparser': start
[07:52:14.515] [bmv2] [T] [thread 13575] [11.0] [cxt 0] Skipping checksum 'cksum' update because condition not met
[07:52:14.515] [bmv2] [D] [thread 13575] [11.0] [cxt 0] Deparsing header 'ethernet'
[07:52:14.515] [bmv2] [D] [thread 13575] [11.0] [cxt 0] Deparser 'deparser': end
[07:52:14.515] [bmv2] [D] [thread 13579] [11.0] [cxt 0] Transmitting packet of size 70 out of port 0
[07:52:14.628] [bmv2] [D] [thread 13574] [12.0] [cxt 0] Processing packet received on port 2
[07:52:14.628] [bmv2] [D] [thread 13574] [12.0] [cxt 0] Parser 'parser': start
[07:52:14.628] [bmv2] [D] [thread 13574] [12.0] [cxt 0] Parser 'parser' entering state 'start'
[07:52:14.628] [bmv2] [D] [thread 13574] [12.0] [cxt 0] Extracting header 'ethernet'
[07:52:14.628] [bmv2] [D] [thread 13574] [12.0] [cxt 0] Parser state 'start': key is 86dd
[07:52:14.629] [bmv2] [T] [thread 13574] [12.0] [cxt 0] Bytes parsed: 14
[07:52:14.629] [bmv2] [D] [thread 13574] [12.0] [cxt 0] Parser 'parser': end
[07:52:14.629] [bmv2] [D] [thread 13574] [12.0] [cxt 0] Pipeline 'ingress': start
[07:52:14.629] [bmv2] [T] [thread 13574] [12.0] [cxt 0] p4src/ecmp.p4(76) Condition "hdr.ipv4.isValid()" (node_2) is false
[07:52:14.629] [bmv2] [D] [thread 13574] [12.0] [cxt 0] Pipeline 'ingress': end
[07:52:14.629] [bmv2] [D] [thread 13574] [12.0] [cxt 0] Egress port is 0
[07:52:14.629] [bmv2] [D] [thread 13575] [12.0] [cxt 0] Pipeline 'egress': start
[07:52:14.629] [bmv2] [D] [thread 13575] [12.0] [cxt 0] Pipeline 'egress': end
[07:52:14.629] [bmv2] [D] [thread 13575] [12.0] [cxt 0] Deparser 'deparser': start
[07:52:14.629] [bmv2] [T] [thread 13575] [12.0] [cxt 0] Skipping checksum 'cksum' update because condition not met
[07:52:14.629] [bmv2] [D] [thread 13575] [12.0] [cxt 0] Deparsing header 'ethernet'
[07:52:14.630] [bmv2] [D] [thread 13575] [12.0] [cxt 0] Deparser 'deparser': end
[07:52:14.630] [bmv2] [D] [thread 13579] [12.0] [cxt 0] Transmitting packet of size 70 out of port 0
[07:52:14.674] [bmv2] [D] [thread 13574] [13.0] [cxt 0] Processing packet received on port 2
[07:52:14.674] [bmv2] [D] [thread 13574] [13.0] [cxt 0] Parser 'parser': start
[07:52:14.674] [bmv2] [D] [thread 13574] [13.0] [cxt 0] Parser 'parser' entering state 'start'
[07:52:14.674] [bmv2] [D] [thread 13574] [13.0] [cxt 0] Extracting header 'ethernet'
[07:52:14.674] [bmv2] [D] [thread 13574] [13.0] [cxt 0] Parser state 'start': key is 86dd
[07:52:14.674] [bmv2] [T] [thread 13574] [13.0] [cxt 0] Bytes parsed: 14
[07:52:14.674] [bmv2] [D] [thread 13574] [13.0] [cxt 0] Parser 'parser': end
[07:52:14.674] [bmv2] [D] [thread 13574] [13.0] [cxt 0] Pipeline 'ingress': start
[07:52:14.674] [bmv2] [T] [thread 13574] [13.0] [cxt 0] p4src/ecmp.p4(76) Condition "hdr.ipv4.isValid()" (node_2) is false
[07:52:14.675] [bmv2] [D] [thread 13574] [13.0] [cxt 0] Pipeline 'ingress': end
[07:52:14.675] [bmv2] [D] [thread 13574] [13.0] [cxt 0] Egress port is 0
[07:52:14.675] [bmv2] [D] [thread 13575] [13.0] [cxt 0] Pipeline 'egress': start
[07:52:14.675] [bmv2] [D] [thread 13575] [13.0] [cxt 0] Pipeline 'egress': end
[07:52:14.675] [bmv2] [D] [thread 13575] [13.0] [cxt 0] Deparser 'deparser': start
[07:52:14.675] [bmv2] [T] [thread 13575] [13.0] [cxt 0] Skipping checksum 'cksum' update because condition not met
[07:52:14.675] [bmv2] [D] [thread 13575] [13.0] [cxt 0] Deparsing header 'ethernet'
[07:52:14.675] [bmv2] [D] [thread 13575] [13.0] [cxt 0] Deparser 'deparser': end
[07:52:14.675] [bmv2] [D] [thread 13579] [13.0] [cxt 0] Transmitting packet of size 70 out of port 0
[07:52:17.187] [bmv2] [T] [thread 13704] bm_get_config
[07:52:17.190] [bmv2] [T] [thread 13704] bm_set_default_action
[07:52:17.190] [bmv2] [D] [thread 13704] Set default entry for table 'MyIngress.ipv4_lpm': MyIngress.drop - 
[07:52:17.191] [bmv2] [T] [thread 13704] bm_set_default_action
[07:52:17.191] [bmv2] [D] [thread 13704] Set default entry for table 'MyIngress.ecmp_group_to_nhop': MyIngress.drop - 
[07:52:17.191] [bmv2] [T] [thread 13704] bm_table_add_entry
[07:52:17.192] [bmv2] [D] [thread 13704] Entry 0 added to table 'MyIngress.ipv4_lpm'
[07:52:17.192] [bmv2] [D] [thread 13704] Dumping entry 0
Match key:
* hdr.ipv4.dstAddr    : LPM       0a000101/32
Action entry: MyIngress.set_nhop - 10200,1,

[07:52:17.192] [bmv2] [T] [thread 13704] bm_table_add_entry
[07:52:17.192] [bmv2] [D] [thread 13704] Entry 1 added to table 'MyIngress.ipv4_lpm'
[07:52:17.192] [bmv2] [D] [thread 13704] Dumping entry 1
Match key:
* hdr.ipv4.dstAddr    : LPM       0a000602/32
Action entry: MyIngress.set_nhop - 60200,2,

[07:52:27.899] [bmv2] [D] [thread 13574] [14.0] [cxt 0] Processing packet received on port 2
[07:52:27.899] [bmv2] [D] [thread 13574] [14.0] [cxt 0] Parser 'parser': start
[07:52:27.899] [bmv2] [D] [thread 13574] [14.0] [cxt 0] Parser 'parser' entering state 'start'
[07:52:27.899] [bmv2] [D] [thread 13574] [14.0] [cxt 0] Extracting header 'ethernet'
[07:52:27.899] [bmv2] [D] [thread 13574] [14.0] [cxt 0] Parser state 'start': key is 0800
[07:52:27.899] [bmv2] [T] [thread 13574] [14.0] [cxt 0] Bytes parsed: 14
[07:52:27.899] [bmv2] [D] [thread 13574] [14.0] [cxt 0] Parser 'parser' entering state 'parse_ipv4'
[07:52:27.899] [bmv2] [D] [thread 13574] [14.0] [cxt 0] Extracting header 'ipv4'
[07:52:27.899] [bmv2] [D] [thread 13574] [14.0] [cxt 0] Parser state 'parse_ipv4': key is 01
[07:52:27.899] [bmv2] [T] [thread 13574] [14.0] [cxt 0] Bytes parsed: 34
[07:52:27.899] [bmv2] [D] [thread 13574] [14.0] [cxt 0] Parser 'parser': end
[07:52:27.899] [bmv2] [D] [thread 13574] [14.0] [cxt 0] Pipeline 'ingress': start
[07:52:27.899] [bmv2] [T] [thread 13574] [14.0] [cxt 0] p4src/ecmp.p4(76) Condition "hdr.ipv4.isValid()" (node_2) is true
[07:52:27.899] [bmv2] [T] [thread 13574] [14.0] [cxt 0] Applying table 'MyIngress.ipv4_lpm'
[07:52:27.900] [bmv2] [D] [thread 13574] [14.0] [cxt 0] Looking up key:
* hdr.ipv4.dstAddr    : 0a000101

[07:52:27.900] [bmv2] [D] [thread 13574] [14.0] [cxt 0] Table 'MyIngress.ipv4_lpm': hit with handle 0
[07:52:27.900] [bmv2] [D] [thread 13574] [14.0] [cxt 0] Dumping entry 0
Match key:
* hdr.ipv4.dstAddr    : LPM       0a000101/32
Action entry: MyIngress.set_nhop - 10200,1,

[07:52:27.900] [bmv2] [D] [thread 13574] [14.0] [cxt 0] Action entry is MyIngress.set_nhop - 10200,1,
[07:52:27.900] [bmv2] [T] [thread 13574] [14.0] [cxt 0] Action MyIngress.set_nhop
[07:52:27.900] [bmv2] [T] [thread 13574] [14.0] [cxt 0] p4src/ecmp.p4(36) Primitive hdr.ethernet.srcAddr = hdr.ethernet.dstAddr
[07:52:27.900] [bmv2] [T] [thread 13574] [14.0] [cxt 0] p4src/ecmp.p4(37) Primitive hdr.ethernet.dstAddr = dstAddr
[07:52:27.900] [bmv2] [T] [thread 13574] [14.0] [cxt 0] p4src/ecmp.p4(38) Primitive standard_metadata.egress_spec = port
[07:52:27.900] [bmv2] [T] [thread 13574] [14.0] [cxt 0] p4src/ecmp.p4(39) Primitive hdr.ipv4.ttl = hdr.ipv4.ttl-1
[07:52:27.900] [bmv2] [D] [thread 13574] [14.0] [cxt 0] Pipeline 'ingress': end
[07:52:27.900] [bmv2] [D] [thread 13574] [14.0] [cxt 0] Egress port is 1
[07:52:27.900] [bmv2] [D] [thread 13576] [14.0] [cxt 0] Pipeline 'egress': start
[07:52:27.900] [bmv2] [D] [thread 13576] [14.0] [cxt 0] Pipeline 'egress': end
[07:52:27.900] [bmv2] [D] [thread 13576] [14.0] [cxt 0] Deparser 'deparser': start
[07:52:27.900] [bmv2] [D] [thread 13576] [14.0] [cxt 0] Updating checksum 'cksum'
[07:52:27.900] [bmv2] [D] [thread 13576] [14.0] [cxt 0] Deparsing header 'ethernet'
[07:52:27.900] [bmv2] [D] [thread 13576] [14.0] [cxt 0] Deparsing header 'ipv4'
[07:52:27.900] [bmv2] [D] [thread 13576] [14.0] [cxt 0] Deparser 'deparser': end
[07:52:27.900] [bmv2] [D] [thread 13579] [14.0] [cxt 0] Transmitting packet of size 98 out of port 1
[07:52:27.905] [bmv2] [D] [thread 13574] [15.0] [cxt 0] Processing packet received on port 2
[07:52:27.905] [bmv2] [D] [thread 13574] [15.0] [cxt 0] Parser 'parser': start
[07:52:27.905] [bmv2] [D] [thread 13574] [15.0] [cxt 0] Parser 'parser' entering state 'start'
[07:52:27.905] [bmv2] [D] [thread 13574] [15.0] [cxt 0] Extracting header 'ethernet'
[07:52:27.905] [bmv2] [D] [thread 13574] [15.0] [cxt 0] Parser state 'start': key is 0800
[07:52:27.905] [bmv2] [T] [thread 13574] [15.0] [cxt 0] Bytes parsed: 14
[07:52:27.905] [bmv2] [D] [thread 13574] [15.0] [cxt 0] Parser 'parser' entering state 'parse_ipv4'
[07:52:27.905] [bmv2] [D] [thread 13574] [15.0] [cxt 0] Extracting header 'ipv4'
[07:52:27.905] [bmv2] [D] [thread 13574] [15.0] [cxt 0] Parser state 'parse_ipv4': key is 01
[07:52:27.905] [bmv2] [T] [thread 13574] [15.0] [cxt 0] Bytes parsed: 34
[07:52:27.905] [bmv2] [D] [thread 13574] [15.0] [cxt 0] Parser 'parser': end
[07:52:27.905] [bmv2] [D] [thread 13574] [15.0] [cxt 0] Pipeline 'ingress': start
[07:52:27.905] [bmv2] [T] [thread 13574] [15.0] [cxt 0] p4src/ecmp.p4(76) Condition "hdr.ipv4.isValid()" (node_2) is true
[07:52:27.905] [bmv2] [T] [thread 13574] [15.0] [cxt 0] Applying table 'MyIngress.ipv4_lpm'
[07:52:27.905] [bmv2] [D] [thread 13574] [15.0] [cxt 0] Looking up key:
* hdr.ipv4.dstAddr    : 0a000101

[07:52:27.905] [bmv2] [D] [thread 13574] [15.0] [cxt 0] Table 'MyIngress.ipv4_lpm': hit with handle 0
[07:52:27.905] [bmv2] [D] [thread 13574] [15.0] [cxt 0] Dumping entry 0
Match key:
* hdr.ipv4.dstAddr    : LPM       0a000101/32
Action entry: MyIngress.set_nhop - 10200,1,

[07:52:27.905] [bmv2] [D] [thread 13574] [15.0] [cxt 0] Action entry is MyIngress.set_nhop - 10200,1,
[07:52:27.905] [bmv2] [T] [thread 13574] [15.0] [cxt 0] Action MyIngress.set_nhop
[07:52:27.905] [bmv2] [T] [thread 13574] [15.0] [cxt 0] p4src/ecmp.p4(36) Primitive hdr.ethernet.srcAddr = hdr.ethernet.dstAddr
[07:52:27.905] [bmv2] [T] [thread 13574] [15.0] [cxt 0] p4src/ecmp.p4(37) Primitive hdr.ethernet.dstAddr = dstAddr
[07:52:27.905] [bmv2] [T] [thread 13574] [15.0] [cxt 0] p4src/ecmp.p4(38) Primitive standard_metadata.egress_spec = port
[07:52:27.905] [bmv2] [T] [thread 13574] [15.0] [cxt 0] p4src/ecmp.p4(39) Primitive hdr.ipv4.ttl = hdr.ipv4.ttl-1
[07:52:27.905] [bmv2] [D] [thread 13574] [15.0] [cxt 0] Pipeline 'ingress': end
[07:52:27.905] [bmv2] [D] [thread 13574] [15.0] [cxt 0] Egress port is 1
[07:52:27.905] [bmv2] [D] [thread 13576] [15.0] [cxt 0] Pipeline 'egress': start
[07:52:27.905] [bmv2] [D] [thread 13576] [15.0] [cxt 0] Pipeline 'egress': end
[07:52:27.905] [bmv2] [D] [thread 13576] [15.0] [cxt 0] Deparser 'deparser': start
[07:52:27.905] [bmv2] [D] [thread 13576] [15.0] [cxt 0] Updating checksum 'cksum'
[07:52:27.905] [bmv2] [D] [thread 13576] [15.0] [cxt 0] Deparsing header 'ethernet'
[07:52:27.905] [bmv2] [D] [thread 13576] [15.0] [cxt 0] Deparsing header 'ipv4'
[07:52:27.905] [bmv2] [D] [thread 13576] [15.0] [cxt 0] Deparser 'deparser': end
[07:52:27.905] [bmv2] [D] [thread 13579] [15.0] [cxt 0] Transmitting packet of size 98 out of port 1
open: No such file or directory
open: No such file or directory
open: No such file or directory
