Warning: you requested the nanomsg event logger, but bmv2 was compiled without -DBMELOG, and the event logger cannot be activated
Calling target program-options parser
[07:52:11.272] [bmv2] [D] [thread 13583] Set default default entry for table 'MyIngress.ipv4_lpm': MyIngress.drop - 
[07:52:11.272] [bmv2] [D] [thread 13583] Set default default entry for table 'MyIngress.ecmp_group_to_nhop': MyIngress.drop - 
Adding interface s3-eth1 as port 1
[07:52:11.284] [bmv2] [D] [thread 13583] Adding interface s3-eth1 as port 1
Adding interface s3-eth2 as port 2
[07:52:11.306] [bmv2] [D] [thread 13583] Adding interface s3-eth2 as port 2
[07:52:11.330] [bmv2] [I] [thread 13583] Starting Thrift server on port 9092
[07:52:11.332] [bmv2] [I] [thread 13583] Thrift server was started
[07:52:11.780] [bmv2] [D] [thread 13589] [0.0] [cxt 0] Processing packet received on port 1
[07:52:11.780] [bmv2] [D] [thread 13589] [0.0] [cxt 0] Parser 'parser': start
[07:52:11.780] [bmv2] [D] [thread 13589] [0.0] [cxt 0] Parser 'parser' entering state 'start'
[07:52:11.780] [bmv2] [D] [thread 13589] [0.0] [cxt 0] Extracting header 'ethernet'
[07:52:11.780] [bmv2] [D] [thread 13589] [0.0] [cxt 0] Parser state 'start': key is 86dd
[07:52:11.781] [bmv2] [T] [thread 13589] [0.0] [cxt 0] Bytes parsed: 14
[07:52:11.781] [bmv2] [D] [thread 13589] [0.0] [cxt 0] Parser 'parser': end
[07:52:11.781] [bmv2] [D] [thread 13589] [0.0] [cxt 0] Pipeline 'ingress': start
[07:52:11.781] [bmv2] [T] [thread 13589] [0.0] [cxt 0] p4src/ecmp.p4(76) Condition "hdr.ipv4.isValid()" (node_2) is false
[07:52:11.781] [bmv2] [D] [thread 13589] [0.0] [cxt 0] Pipeline 'ingress': end
[07:52:11.781] [bmv2] [D] [thread 13589] [0.0] [cxt 0] Egress port is 0
[07:52:11.781] [bmv2] [D] [thread 13590] [0.0] [cxt 0] Pipeline 'egress': start
[07:52:11.781] [bmv2] [D] [thread 13590] [0.0] [cxt 0] Pipeline 'egress': end
[07:52:11.781] [bmv2] [D] [thread 13590] [0.0] [cxt 0] Deparser 'deparser': start
[07:52:11.781] [bmv2] [T] [thread 13590] [0.0] [cxt 0] Skipping checksum 'cksum' update because condition not met
[07:52:11.781] [bmv2] [D] [thread 13590] [0.0] [cxt 0] Deparsing header 'ethernet'
[07:52:11.781] [bmv2] [D] [thread 13590] [0.0] [cxt 0] Deparser 'deparser': end
[07:52:11.782] [bmv2] [D] [thread 13594] [0.0] [cxt 0] Transmitting packet of size 90 out of port 0
[07:52:14.275] [bmv2] [D] [thread 13589] [1.0] [cxt 0] Processing packet received on port 2
[07:52:14.275] [bmv2] [D] [thread 13589] [1.0] [cxt 0] Parser 'parser': start
[07:52:14.275] [bmv2] [D] [thread 13589] [1.0] [cxt 0] Parser 'parser' entering state 'start'
[07:52:14.275] [bmv2] [D] [thread 13589] [1.0] [cxt 0] Extracting header 'ethernet'
[07:52:14.276] [bmv2] [D] [thread 13589] [1.0] [cxt 0] Parser state 'start': key is 86dd
[07:52:14.276] [bmv2] [T] [thread 13589] [1.0] [cxt 0] Bytes parsed: 14
[07:52:14.276] [bmv2] [D] [thread 13589] [1.0] [cxt 0] Parser 'parser': end
[07:52:14.276] [bmv2] [D] [thread 13589] [1.0] [cxt 0] Pipeline 'ingress': start
[07:52:14.276] [bmv2] [T] [thread 13589] [1.0] [cxt 0] p4src/ecmp.p4(76) Condition "hdr.ipv4.isValid()" (node_2) is false
[07:52:14.276] [bmv2] [D] [thread 13589] [1.0] [cxt 0] Pipeline 'ingress': end
[07:52:14.276] [bmv2] [D] [thread 13589] [1.0] [cxt 0] Egress port is 0
[07:52:14.276] [bmv2] [D] [thread 13590] [1.0] [cxt 0] Pipeline 'egress': start
[07:52:14.276] [bmv2] [D] [thread 13590] [1.0] [cxt 0] Pipeline 'egress': end
[07:52:14.276] [bmv2] [D] [thread 13590] [1.0] [cxt 0] Deparser 'deparser': start
[07:52:14.276] [bmv2] [T] [thread 13590] [1.0] [cxt 0] Skipping checksum 'cksum' update because condition not met
[07:52:14.276] [bmv2] [D] [thread 13590] [1.0] [cxt 0] Deparsing header 'ethernet'
[07:52:14.276] [bmv2] [D] [thread 13590] [1.0] [cxt 0] Deparser 'deparser': end
[07:52:14.276] [bmv2] [D] [thread 13594] [1.0] [cxt 0] Transmitting packet of size 70 out of port 0
[07:52:14.812] [bmv2] [D] [thread 13589] [2.0] [cxt 0] Processing packet received on port 1
[07:52:14.812] [bmv2] [D] [thread 13589] [2.0] [cxt 0] Parser 'parser': start
[07:52:14.812] [bmv2] [D] [thread 13589] [2.0] [cxt 0] Parser 'parser' entering state 'start'
[07:52:14.812] [bmv2] [D] [thread 13589] [2.0] [cxt 0] Extracting header 'ethernet'
[07:52:14.812] [bmv2] [D] [thread 13589] [2.0] [cxt 0] Parser state 'start': key is 86dd
[07:52:14.812] [bmv2] [T] [thread 13589] [2.0] [cxt 0] Bytes parsed: 14
[07:52:14.812] [bmv2] [D] [thread 13589] [2.0] [cxt 0] Parser 'parser': end
[07:52:14.813] [bmv2] [D] [thread 13589] [2.0] [cxt 0] Pipeline 'ingress': start
[07:52:14.813] [bmv2] [T] [thread 13589] [2.0] [cxt 0] p4src/ecmp.p4(76) Condition "hdr.ipv4.isValid()" (node_2) is false
[07:52:14.813] [bmv2] [D] [thread 13589] [2.0] [cxt 0] Pipeline 'ingress': end
[07:52:14.813] [bmv2] [D] [thread 13589] [2.0] [cxt 0] Egress port is 0
[07:52:14.813] [bmv2] [D] [thread 13590] [2.0] [cxt 0] Pipeline 'egress': start
[07:52:14.813] [bmv2] [D] [thread 13590] [2.0] [cxt 0] Pipeline 'egress': end
[07:52:14.813] [bmv2] [D] [thread 13590] [2.0] [cxt 0] Deparser 'deparser': start
[07:52:14.813] [bmv2] [T] [thread 13590] [2.0] [cxt 0] Skipping checksum 'cksum' update because condition not met
[07:52:14.813] [bmv2] [D] [thread 13590] [2.0] [cxt 0] Deparsing header 'ethernet'
[07:52:14.813] [bmv2] [D] [thread 13590] [2.0] [cxt 0] Deparser 'deparser': end
[07:52:14.814] [bmv2] [D] [thread 13594] [2.0] [cxt 0] Transmitting packet of size 70 out of port 0
[07:52:14.862] [bmv2] [D] [thread 13589] [3.0] [cxt 0] Processing packet received on port 1
[07:52:14.862] [bmv2] [D] [thread 13589] [3.0] [cxt 0] Parser 'parser': start
[07:52:14.862] [bmv2] [D] [thread 13589] [3.0] [cxt 0] Parser 'parser' entering state 'start'
[07:52:14.862] [bmv2] [D] [thread 13589] [3.0] [cxt 0] Extracting header 'ethernet'
[07:52:14.862] [bmv2] [D] [thread 13589] [3.0] [cxt 0] Parser state 'start': key is 86dd
[07:52:14.862] [bmv2] [T] [thread 13589] [3.0] [cxt 0] Bytes parsed: 14
[07:52:14.862] [bmv2] [D] [thread 13589] [3.0] [cxt 0] Parser 'parser': end
[07:52:14.862] [bmv2] [D] [thread 13589] [3.0] [cxt 0] Pipeline 'ingress': start
[07:52:14.862] [bmv2] [T] [thread 13589] [3.0] [cxt 0] p4src/ecmp.p4(76) Condition "hdr.ipv4.isValid()" (node_2) is false
[07:52:14.863] [bmv2] [D] [thread 13589] [3.0] [cxt 0] Pipeline 'ingress': end
[07:52:14.863] [bmv2] [D] [thread 13589] [3.0] [cxt 0] Egress port is 0
[07:52:14.863] [bmv2] [D] [thread 13590] [3.0] [cxt 0] Pipeline 'egress': start
[07:52:14.863] [bmv2] [D] [thread 13590] [3.0] [cxt 0] Pipeline 'egress': end
[07:52:14.863] [bmv2] [D] [thread 13590] [3.0] [cxt 0] Deparser 'deparser': start
[07:52:14.863] [bmv2] [T] [thread 13590] [3.0] [cxt 0] Skipping checksum 'cksum' update because condition not met
[07:52:14.863] [bmv2] [D] [thread 13590] [3.0] [cxt 0] Deparsing header 'ethernet'
[07:52:14.863] [bmv2] [D] [thread 13590] [3.0] [cxt 0] Deparser 'deparser': end
[07:52:14.863] [bmv2] [D] [thread 13594] [3.0] [cxt 0] Transmitting packet of size 70 out of port 0
[07:52:14.899] [bmv2] [D] [thread 13589] [4.0] [cxt 0] Processing packet received on port 2
[07:52:14.899] [bmv2] [D] [thread 13589] [4.0] [cxt 0] Parser 'parser': start
[07:52:14.899] [bmv2] [D] [thread 13589] [4.0] [cxt 0] Parser 'parser' entering state 'start'
[07:52:14.899] [bmv2] [D] [thread 13589] [4.0] [cxt 0] Extracting header 'ethernet'
[07:52:14.899] [bmv2] [D] [thread 13589] [4.0] [cxt 0] Parser state 'start': key is 86dd
[07:52:14.899] [bmv2] [T] [thread 13589] [4.0] [cxt 0] Bytes parsed: 14
[07:52:14.899] [bmv2] [D] [thread 13589] [4.0] [cxt 0] Parser 'parser': end
[07:52:14.899] [bmv2] [D] [thread 13589] [4.0] [cxt 0] Pipeline 'ingress': start
[07:52:14.899] [bmv2] [T] [thread 13589] [4.0] [cxt 0] p4src/ecmp.p4(76) Condition "hdr.ipv4.isValid()" (node_2) is false
[07:52:14.899] [bmv2] [D] [thread 13589] [4.0] [cxt 0] Pipeline 'ingress': end
[07:52:14.899] [bmv2] [D] [thread 13589] [4.0] [cxt 0] Egress port is 0
[07:52:14.899] [bmv2] [D] [thread 13590] [4.0] [cxt 0] Pipeline 'egress': start
[07:52:14.900] [bmv2] [D] [thread 13590] [4.0] [cxt 0] Pipeline 'egress': end
[07:52:14.900] [bmv2] [D] [thread 13590] [4.0] [cxt 0] Deparser 'deparser': start
[07:52:14.900] [bmv2] [T] [thread 13590] [4.0] [cxt 0] Skipping checksum 'cksum' update because condition not met
[07:52:14.900] [bmv2] [D] [thread 13590] [4.0] [cxt 0] Deparsing header 'ethernet'
[07:52:14.900] [bmv2] [D] [thread 13590] [4.0] [cxt 0] Deparser 'deparser': end
[07:52:14.900] [bmv2] [D] [thread 13594] [4.0] [cxt 0] Transmitting packet of size 70 out of port 0
[07:52:16.904] [bmv2] [T] [thread 13702] bm_get_config
[07:52:16.907] [bmv2] [T] [thread 13702] bm_set_default_action
[07:52:16.907] [bmv2] [D] [thread 13702] Set default entry for table 'MyIngress.ipv4_lpm': MyIngress.drop - 
[07:52:16.908] [bmv2] [T] [thread 13702] bm_set_default_action
[07:52:16.908] [bmv2] [D] [thread 13702] Set default entry for table 'MyIngress.ecmp_group_to_nhop': MyIngress.drop - 
[07:52:16.908] [bmv2] [T] [thread 13702] bm_table_add_entry
[07:52:16.908] [bmv2] [D] [thread 13702] Entry 0 added to table 'MyIngress.ipv4_lpm'
[07:52:16.908] [bmv2] [D] [thread 13702] Dumping entry 0
Match key:
* hdr.ipv4.dstAddr    : LPM       0a000101/32
Action entry: MyIngress.set_nhop - 10300,1,

[07:52:16.909] [bmv2] [T] [thread 13702] bm_table_add_entry
[07:52:16.909] [bmv2] [D] [thread 13702] Entry 1 added to table 'MyIngress.ipv4_lpm'
[07:52:16.909] [bmv2] [D] [thread 13702] Dumping entry 1
Match key:
* hdr.ipv4.dstAddr    : LPM       0a000602/32
Action entry: MyIngress.set_nhop - 60300,2,

open: No such file or directory
open: No such file or directory
open: No such file or directory
open: No such file or directory
