Warning: you requested the nanomsg event logger, but bmv2 was compiled without -DBMELOG, and the event logger cannot be activated
Calling target program-options parser
[07:52:12.271] [bmv2] [D] [thread 13597] Set default default entry for table 'MyIngress.ipv4_lpm': MyIngress.drop - 
[07:52:12.272] [bmv2] [D] [thread 13597] Set default default entry for table 'MyIngress.ecmp_group_to_nhop': MyIngress.drop - 
Adding interface s4-eth1 as port 1
[07:52:12.284] [bmv2] [D] [thread 13597] Adding interface s4-eth1 as port 1
Adding interface s4-eth2 as port 2
[07:52:12.310] [bmv2] [D] [thread 13597] Adding interface s4-eth2 as port 2
[07:52:12.338] [bmv2] [I] [thread 13597] Starting Thrift server on port 9093
[07:52:12.339] [bmv2] [I] [thread 13597] Thrift server was started
[07:52:14.119] [bmv2] [D] [thread 13603] [0.0] [cxt 0] Processing packet received on port 2
[07:52:14.119] [bmv2] [D] [thread 13603] [0.0] [cxt 0] Parser 'parser': start
[07:52:14.119] [bmv2] [D] [thread 13603] [0.0] [cxt 0] Parser 'parser' entering state 'start'
[07:52:14.119] [bmv2] [D] [thread 13603] [0.0] [cxt 0] Extracting header 'ethernet'
[07:52:14.119] [bmv2] [D] [thread 13603] [0.0] [cxt 0] Parser state 'start': key is 86dd
[07:52:14.119] [bmv2] [T] [thread 13603] [0.0] [cxt 0] Bytes parsed: 14
[07:52:14.119] [bmv2] [D] [thread 13603] [0.0] [cxt 0] Parser 'parser': end
[07:52:14.119] [bmv2] [D] [thread 13603] [0.0] [cxt 0] Pipeline 'ingress': start
[07:52:14.119] [bmv2] [T] [thread 13603] [0.0] [cxt 0] p4src/ecmp.p4(76) Condition "hdr.ipv4.isValid()" (node_2) is false
[07:52:14.120] [bmv2] [D] [thread 13603] [0.0] [cxt 0] Pipeline 'ingress': end
[07:52:14.120] [bmv2] [D] [thread 13603] [0.0] [cxt 0] Egress port is 0
[07:52:14.120] [bmv2] [D] [thread 13604] [0.0] [cxt 0] Pipeline 'egress': start
[07:52:14.120] [bmv2] [D] [thread 13604] [0.0] [cxt 0] Pipeline 'egress': end
[07:52:14.120] [bmv2] [D] [thread 13604] [0.0] [cxt 0] Deparser 'deparser': start
[07:52:14.120] [bmv2] [T] [thread 13604] [0.0] [cxt 0] Skipping checksum 'cksum' update because condition not met
[07:52:14.120] [bmv2] [D] [thread 13604] [0.0] [cxt 0] Deparsing header 'ethernet'
[07:52:14.120] [bmv2] [D] [thread 13604] [0.0] [cxt 0] Deparser 'deparser': end
[07:52:14.120] [bmv2] [D] [thread 13608] [0.0] [cxt 0] Transmitting packet of size 70 out of port 0
[07:52:14.293] [bmv2] [D] [thread 13603] [1.0] [cxt 0] Processing packet received on port 1
[07:52:14.293] [bmv2] [D] [thread 13603] [1.0] [cxt 0] Parser 'parser': start
[07:52:14.293] [bmv2] [D] [thread 13603] [1.0] [cxt 0] Parser 'parser' entering state 'start'
[07:52:14.293] [bmv2] [D] [thread 13603] [1.0] [cxt 0] Extracting header 'ethernet'
[07:52:14.293] [bmv2] [D] [thread 13603] [1.0] [cxt 0] Parser state 'start': key is 86dd
[07:52:14.293] [bmv2] [T] [thread 13603] [1.0] [cxt 0] Bytes parsed: 14
[07:52:14.294] [bmv2] [D] [thread 13603] [1.0] [cxt 0] Parser 'parser': end
[07:52:14.294] [bmv2] [D] [thread 13603] [1.0] [cxt 0] Pipeline 'ingress': start
[07:52:14.294] [bmv2] [T] [thread 13603] [1.0] [cxt 0] p4src/ecmp.p4(76) Condition "hdr.ipv4.isValid()" (node_2) is false
[07:52:14.294] [bmv2] [D] [thread 13603] [1.0] [cxt 0] Pipeline 'ingress': end
[07:52:14.294] [bmv2] [D] [thread 13603] [1.0] [cxt 0] Egress port is 0
[07:52:14.294] [bmv2] [D] [thread 13604] [1.0] [cxt 0] Pipeline 'egress': start
[07:52:14.294] [bmv2] [D] [thread 13604] [1.0] [cxt 0] Pipeline 'egress': end
[07:52:14.294] [bmv2] [D] [thread 13604] [1.0] [cxt 0] Deparser 'deparser': start
[07:52:14.294] [bmv2] [T] [thread 13604] [1.0] [cxt 0] Skipping checksum 'cksum' update because condition not met
[07:52:14.294] [bmv2] [D] [thread 13604] [1.0] [cxt 0] Deparsing header 'ethernet'
[07:52:14.294] [bmv2] [D] [thread 13604] [1.0] [cxt 0] Deparser 'deparser': end
[07:52:14.294] [bmv2] [D] [thread 13608] [1.0] [cxt 0] Transmitting packet of size 70 out of port 0
[07:52:14.674] [bmv2] [D] [thread 13603] [2.0] [cxt 0] Processing packet received on port 1
[07:52:14.674] [bmv2] [D] [thread 13603] [2.0] [cxt 0] Parser 'parser': start
[07:52:14.674] [bmv2] [D] [thread 13603] [2.0] [cxt 0] Parser 'parser' entering state 'start'
[07:52:14.674] [bmv2] [D] [thread 13603] [2.0] [cxt 0] Extracting header 'ethernet'
[07:52:14.674] [bmv2] [D] [thread 13603] [2.0] [cxt 0] Parser state 'start': key is 86dd
[07:52:14.674] [bmv2] [T] [thread 13603] [2.0] [cxt 0] Bytes parsed: 14
[07:52:14.674] [bmv2] [D] [thread 13603] [2.0] [cxt 0] Parser 'parser': end
[07:52:14.674] [bmv2] [D] [thread 13603] [2.0] [cxt 0] Pipeline 'ingress': start
[07:52:14.674] [bmv2] [T] [thread 13603] [2.0] [cxt 0] p4src/ecmp.p4(76) Condition "hdr.ipv4.isValid()" (node_2) is false
[07:52:14.675] [bmv2] [D] [thread 13603] [2.0] [cxt 0] Pipeline 'ingress': end
[07:52:14.675] [bmv2] [D] [thread 13603] [2.0] [cxt 0] Egress port is 0
[07:52:14.675] [bmv2] [D] [thread 13604] [2.0] [cxt 0] Pipeline 'egress': start
[07:52:14.675] [bmv2] [D] [thread 13604] [2.0] [cxt 0] Pipeline 'egress': end
[07:52:14.675] [bmv2] [D] [thread 13604] [2.0] [cxt 0] Deparser 'deparser': start
[07:52:14.675] [bmv2] [T] [thread 13604] [2.0] [cxt 0] Skipping checksum 'cksum' update because condition not met
[07:52:14.675] [bmv2] [D] [thread 13604] [2.0] [cxt 0] Deparsing header 'ethernet'
[07:52:14.675] [bmv2] [D] [thread 13604] [2.0] [cxt 0] Deparser 'deparser': end
[07:52:14.675] [bmv2] [D] [thread 13608] [2.0] [cxt 0] Transmitting packet of size 70 out of port 0
[07:52:14.675] [bmv2] [D] [thread 13603] [3.0] [cxt 0] Processing packet received on port 2
[07:52:14.675] [bmv2] [D] [thread 13603] [3.0] [cxt 0] Parser 'parser': start
[07:52:14.675] [bmv2] [D] [thread 13603] [3.0] [cxt 0] Parser 'parser' entering state 'start'
[07:52:14.675] [bmv2] [D] [thread 13603] [3.0] [cxt 0] Extracting header 'ethernet'
[07:52:14.675] [bmv2] [D] [thread 13603] [3.0] [cxt 0] Parser state 'start': key is 86dd
[07:52:14.675] [bmv2] [T] [thread 13603] [3.0] [cxt 0] Bytes parsed: 14
[07:52:14.676] [bmv2] [D] [thread 13603] [3.0] [cxt 0] Parser 'parser': end
[07:52:14.676] [bmv2] [D] [thread 13603] [3.0] [cxt 0] Pipeline 'ingress': start
[07:52:14.676] [bmv2] [T] [thread 13603] [3.0] [cxt 0] p4src/ecmp.p4(76) Condition "hdr.ipv4.isValid()" (node_2) is false
[07:52:14.676] [bmv2] [D] [thread 13603] [3.0] [cxt 0] Pipeline 'ingress': end
[07:52:14.676] [bmv2] [D] [thread 13603] [3.0] [cxt 0] Egress port is 0
[07:52:14.676] [bmv2] [D] [thread 13604] [3.0] [cxt 0] Pipeline 'egress': start
[07:52:14.676] [bmv2] [D] [thread 13604] [3.0] [cxt 0] Pipeline 'egress': end
[07:52:14.676] [bmv2] [D] [thread 13604] [3.0] [cxt 0] Deparser 'deparser': start
[07:52:14.676] [bmv2] [T] [thread 13604] [3.0] [cxt 0] Skipping checksum 'cksum' update because condition not met
[07:52:14.676] [bmv2] [D] [thread 13604] [3.0] [cxt 0] Deparsing header 'ethernet'
[07:52:14.676] [bmv2] [D] [thread 13604] [3.0] [cxt 0] Deparser 'deparser': end
[07:52:14.676] [bmv2] [D] [thread 13608] [3.0] [cxt 0] Transmitting packet of size 70 out of port 0
[07:52:18.302] [bmv2] [T] [thread 13717] bm_get_config
[07:52:18.304] [bmv2] [T] [thread 13717] bm_set_default_action
[07:52:18.304] [bmv2] [D] [thread 13717] Set default entry for table 'MyIngress.ipv4_lpm': MyIngress.drop - 
[07:52:18.305] [bmv2] [T] [thread 13717] bm_set_default_action
[07:52:18.305] [bmv2] [D] [thread 13717] Set default entry for table 'MyIngress.ecmp_group_to_nhop': MyIngress.drop - 
[07:52:18.306] [bmv2] [T] [thread 13717] bm_table_add_entry
[07:52:18.306] [bmv2] [D] [thread 13717] Entry 0 added to table 'MyIngress.ipv4_lpm'
[07:52:18.306] [bmv2] [D] [thread 13717] Dumping entry 0
Match key:
* hdr.ipv4.dstAddr    : LPM       0a000101/32
Action entry: MyIngress.set_nhop - 10400,1,

[07:52:18.306] [bmv2] [T] [thread 13717] bm_table_add_entry
[07:52:18.306] [bmv2] [D] [thread 13717] Entry 1 added to table 'MyIngress.ipv4_lpm'
[07:52:18.306] [bmv2] [D] [thread 13717] Dumping entry 1
Match key:
* hdr.ipv4.dstAddr    : LPM       0a000602/32
Action entry: MyIngress.set_nhop - 60400,2,

open: No such file or directory
open: No such file or directory
open: No such file or directory
open: No such file or directory
