Warning: you requested the nanomsg event logger, but bmv2 was compiled without -DBMELOG, and the event logger cannot be activated
Calling target program-options parser
[07:52:13.277] [bmv2] [D] [thread 13611] Set default default entry for table 'MyIngress.ipv4_lpm': MyIngress.drop - 
[07:52:13.278] [bmv2] [D] [thread 13611] Set default default entry for table 'MyIngress.ecmp_group_to_nhop': MyIngress.drop - 
Adding interface s5-eth1 as port 1
[07:52:13.291] [bmv2] [D] [thread 13611] Adding interface s5-eth1 as port 1
Adding interface s5-eth2 as port 2
[07:52:13.305] [bmv2] [D] [thread 13611] Adding interface s5-eth2 as port 2
[07:52:13.334] [bmv2] [I] [thread 13611] Starting Thrift server on port 9094
[07:52:13.335] [bmv2] [I] [thread 13611] Thrift server was started
[07:52:14.118] [bmv2] [D] [thread 13617] [0.0] [cxt 0] Processing packet received on port 1
[07:52:14.118] [bmv2] [D] [thread 13617] [0.0] [cxt 0] Parser 'parser': start
[07:52:14.118] [bmv2] [D] [thread 13617] [0.0] [cxt 0] Parser 'parser' entering state 'start'
[07:52:14.118] [bmv2] [D] [thread 13617] [0.0] [cxt 0] Extracting header 'ethernet'
[07:52:14.118] [bmv2] [D] [thread 13617] [0.0] [cxt 0] Parser state 'start': key is 86dd
[07:52:14.118] [bmv2] [T] [thread 13617] [0.0] [cxt 0] Bytes parsed: 14
[07:52:14.118] [bmv2] [D] [thread 13617] [0.0] [cxt 0] Parser 'parser': end
[07:52:14.119] [bmv2] [D] [thread 13617] [0.0] [cxt 0] Pipeline 'ingress': start
[07:52:14.119] [bmv2] [T] [thread 13617] [0.0] [cxt 0] p4src/ecmp.p4(76) Condition "hdr.ipv4.isValid()" (node_2) is false
[07:52:14.119] [bmv2] [D] [thread 13617] [0.0] [cxt 0] Pipeline 'ingress': end
[07:52:14.119] [bmv2] [D] [thread 13617] [0.0] [cxt 0] Egress port is 0
[07:52:14.120] [bmv2] [D] [thread 13618] [0.0] [cxt 0] Pipeline 'egress': start
[07:52:14.120] [bmv2] [D] [thread 13618] [0.0] [cxt 0] Pipeline 'egress': end
[07:52:14.121] [bmv2] [D] [thread 13618] [0.0] [cxt 0] Deparser 'deparser': start
[07:52:14.121] [bmv2] [T] [thread 13618] [0.0] [cxt 0] Skipping checksum 'cksum' update because condition not met
[07:52:14.121] [bmv2] [D] [thread 13618] [0.0] [cxt 0] Deparsing header 'ethernet'
[07:52:14.121] [bmv2] [D] [thread 13618] [0.0] [cxt 0] Deparser 'deparser': end
[07:52:14.121] [bmv2] [D] [thread 13622] [0.0] [cxt 0] Transmitting packet of size 70 out of port 0
[07:52:14.292] [bmv2] [D] [thread 13617] [1.0] [cxt 0] Processing packet received on port 2
[07:52:14.292] [bmv2] [D] [thread 13617] [1.0] [cxt 0] Parser 'parser': start
[07:52:14.292] [bmv2] [D] [thread 13617] [1.0] [cxt 0] Parser 'parser' entering state 'start'
[07:52:14.292] [bmv2] [D] [thread 13617] [1.0] [cxt 0] Extracting header 'ethernet'
[07:52:14.292] [bmv2] [D] [thread 13617] [1.0] [cxt 0] Parser state 'start': key is 86dd
[07:52:14.292] [bmv2] [T] [thread 13617] [1.0] [cxt 0] Bytes parsed: 14
[07:52:14.292] [bmv2] [D] [thread 13617] [1.0] [cxt 0] Parser 'parser': end
[07:52:14.292] [bmv2] [D] [thread 13617] [1.0] [cxt 0] Pipeline 'ingress': start
[07:52:14.292] [bmv2] [T] [thread 13617] [1.0] [cxt 0] p4src/ecmp.p4(76) Condition "hdr.ipv4.isValid()" (node_2) is false
[07:52:14.292] [bmv2] [D] [thread 13617] [1.0] [cxt 0] Pipeline 'ingress': end
[07:52:14.292] [bmv2] [D] [thread 13617] [1.0] [cxt 0] Egress port is 0
[07:52:14.292] [bmv2] [D] [thread 13618] [1.0] [cxt 0] Pipeline 'egress': start
[07:52:14.292] [bmv2] [D] [thread 13618] [1.0] [cxt 0] Pipeline 'egress': end
[07:52:14.293] [bmv2] [D] [thread 13618] [1.0] [cxt 0] Deparser 'deparser': start
[07:52:14.293] [bmv2] [T] [thread 13618] [1.0] [cxt 0] Skipping checksum 'cksum' update because condition not met
[07:52:14.293] [bmv2] [D] [thread 13618] [1.0] [cxt 0] Deparsing header 'ethernet'
[07:52:14.293] [bmv2] [D] [thread 13618] [1.0] [cxt 0] Deparser 'deparser': end
[07:52:14.293] [bmv2] [D] [thread 13622] [1.0] [cxt 0] Transmitting packet of size 70 out of port 0
[07:52:14.731] [bmv2] [D] [thread 13617] [2.0] [cxt 0] Processing packet received on port 1
[07:52:14.731] [bmv2] [D] [thread 13617] [2.0] [cxt 0] Parser 'parser': start
[07:52:14.731] [bmv2] [D] [thread 13617] [2.0] [cxt 0] Parser 'parser' entering state 'start'
[07:52:14.731] [bmv2] [D] [thread 13617] [2.0] [cxt 0] Extracting header 'ethernet'
[07:52:14.731] [bmv2] [D] [thread 13617] [2.0] [cxt 0] Parser state 'start': key is 86dd
[07:52:14.731] [bmv2] [T] [thread 13617] [2.0] [cxt 0] Bytes parsed: 14
[07:52:14.731] [bmv2] [D] [thread 13617] [2.0] [cxt 0] Parser 'parser': end
[07:52:14.731] [bmv2] [D] [thread 13617] [2.0] [cxt 0] Pipeline 'ingress': start
[07:52:14.731] [bmv2] [T] [thread 13617] [2.0] [cxt 0] p4src/ecmp.p4(76) Condition "hdr.ipv4.isValid()" (node_2) is false
[07:52:14.731] [bmv2] [D] [thread 13617] [2.0] [cxt 0] Pipeline 'ingress': end
[07:52:14.732] [bmv2] [D] [thread 13617] [2.0] [cxt 0] Egress port is 0
[07:52:14.732] [bmv2] [D] [thread 13618] [2.0] [cxt 0] Pipeline 'egress': start
[07:52:14.732] [bmv2] [D] [thread 13618] [2.0] [cxt 0] Pipeline 'egress': end
[07:52:14.732] [bmv2] [D] [thread 13618] [2.0] [cxt 0] Deparser 'deparser': start
[07:52:14.732] [bmv2] [T] [thread 13618] [2.0] [cxt 0] Skipping checksum 'cksum' update because condition not met
[07:52:14.732] [bmv2] [D] [thread 13618] [2.0] [cxt 0] Deparsing header 'ethernet'
[07:52:14.732] [bmv2] [D] [thread 13618] [2.0] [cxt 0] Deparser 'deparser': end
[07:52:14.732] [bmv2] [D] [thread 13622] [2.0] [cxt 0] Transmitting packet of size 70 out of port 0
[07:52:14.780] [bmv2] [D] [thread 13617] [3.0] [cxt 0] Processing packet received on port 2
[07:52:14.780] [bmv2] [D] [thread 13617] [3.0] [cxt 0] Parser 'parser': start
[07:52:14.780] [bmv2] [D] [thread 13617] [3.0] [cxt 0] Parser 'parser' entering state 'start'
[07:52:14.780] [bmv2] [D] [thread 13617] [3.0] [cxt 0] Extracting header 'ethernet'
[07:52:14.780] [bmv2] [D] [thread 13617] [3.0] [cxt 0] Parser state 'start': key is 86dd
[07:52:14.780] [bmv2] [T] [thread 13617] [3.0] [cxt 0] Bytes parsed: 14
[07:52:14.780] [bmv2] [D] [thread 13617] [3.0] [cxt 0] Parser 'parser': end
[07:52:14.780] [bmv2] [D] [thread 13617] [3.0] [cxt 0] Pipeline 'ingress': start
[07:52:14.780] [bmv2] [T] [thread 13617] [3.0] [cxt 0] p4src/ecmp.p4(76) Condition "hdr.ipv4.isValid()" (node_2) is false
[07:52:14.780] [bmv2] [D] [thread 13617] [3.0] [cxt 0] Pipeline 'ingress': end
[07:52:14.780] [bmv2] [D] [thread 13617] [3.0] [cxt 0] Egress port is 0
[07:52:14.781] [bmv2] [D] [thread 13618] [3.0] [cxt 0] Pipeline 'egress': start
[07:52:14.781] [bmv2] [D] [thread 13618] [3.0] [cxt 0] Pipeline 'egress': end
[07:52:14.781] [bmv2] [D] [thread 13618] [3.0] [cxt 0] Deparser 'deparser': start
[07:52:14.781] [bmv2] [T] [thread 13618] [3.0] [cxt 0] Skipping checksum 'cksum' update because condition not met
[07:52:14.781] [bmv2] [D] [thread 13618] [3.0] [cxt 0] Deparsing header 'ethernet'
[07:52:14.781] [bmv2] [D] [thread 13618] [3.0] [cxt 0] Deparser 'deparser': end
[07:52:14.781] [bmv2] [D] [thread 13622] [3.0] [cxt 0] Transmitting packet of size 70 out of port 0
[07:52:18.071] [bmv2] [T] [thread 13715] bm_get_config
[07:52:18.073] [bmv2] [T] [thread 13715] bm_set_default_action
[07:52:18.073] [bmv2] [D] [thread 13715] Set default entry for table 'MyIngress.ipv4_lpm': MyIngress.drop - 
[07:52:18.074] [bmv2] [T] [thread 13715] bm_set_default_action
[07:52:18.074] [bmv2] [D] [thread 13715] Set default entry for table 'MyIngress.ecmp_group_to_nhop': MyIngress.drop - 
[07:52:18.074] [bmv2] [T] [thread 13715] bm_table_add_entry
[07:52:18.074] [bmv2] [D] [thread 13715] Entry 0 added to table 'MyIngress.ipv4_lpm'
[07:52:18.075] [bmv2] [D] [thread 13715] Dumping entry 0
Match key:
* hdr.ipv4.dstAddr    : LPM       0a000101/32
Action entry: MyIngress.set_nhop - 10500,1,

[07:52:18.075] [bmv2] [T] [thread 13715] bm_table_add_entry
[07:52:18.075] [bmv2] [D] [thread 13715] Entry 1 added to table 'MyIngress.ipv4_lpm'
[07:52:18.075] [bmv2] [D] [thread 13715] Dumping entry 1
Match key:
* hdr.ipv4.dstAddr    : LPM       0a000602/32
Action entry: MyIngress.set_nhop - 60500,2,

[07:52:27.896] [bmv2] [D] [thread 13617] [4.0] [cxt 0] Processing packet received on port 1
[07:52:27.896] [bmv2] [D] [thread 13617] [4.0] [cxt 0] Parser 'parser': start
[07:52:27.896] [bmv2] [D] [thread 13617] [4.0] [cxt 0] Parser 'parser' entering state 'start'
[07:52:27.896] [bmv2] [D] [thread 13617] [4.0] [cxt 0] Extracting header 'ethernet'
[07:52:27.896] [bmv2] [D] [thread 13617] [4.0] [cxt 0] Parser state 'start': key is 0800
[07:52:27.896] [bmv2] [T] [thread 13617] [4.0] [cxt 0] Bytes parsed: 14
[07:52:27.896] [bmv2] [D] [thread 13617] [4.0] [cxt 0] Parser 'parser' entering state 'parse_ipv4'
[07:52:27.896] [bmv2] [D] [thread 13617] [4.0] [cxt 0] Extracting header 'ipv4'
[07:52:27.896] [bmv2] [D] [thread 13617] [4.0] [cxt 0] Parser state 'parse_ipv4': key is 01
[07:52:27.896] [bmv2] [T] [thread 13617] [4.0] [cxt 0] Bytes parsed: 34
[07:52:27.896] [bmv2] [D] [thread 13617] [4.0] [cxt 0] Parser 'parser': end
[07:52:27.896] [bmv2] [D] [thread 13617] [4.0] [cxt 0] Pipeline 'ingress': start
[07:52:27.896] [bmv2] [T] [thread 13617] [4.0] [cxt 0] p4src/ecmp.p4(76) Condition "hdr.ipv4.isValid()" (node_2) is true
[07:52:27.896] [bmv2] [T] [thread 13617] [4.0] [cxt 0] Applying table 'MyIngress.ipv4_lpm'
[07:52:27.896] [bmv2] [D] [thread 13617] [4.0] [cxt 0] Looking up key:
* hdr.ipv4.dstAddr    : 0a000602

[07:52:27.896] [bmv2] [D] [thread 13617] [4.0] [cxt 0] Table 'MyIngress.ipv4_lpm': hit with handle 1
[07:52:27.896] [bmv2] [D] [thread 13617] [4.0] [cxt 0] Dumping entry 1
Match key:
* hdr.ipv4.dstAddr    : LPM       0a000602/32
Action entry: MyIngress.set_nhop - 60500,2,

[07:52:27.896] [bmv2] [D] [thread 13617] [4.0] [cxt 0] Action entry is MyIngress.set_nhop - 60500,2,
[07:52:27.896] [bmv2] [T] [thread 13617] [4.0] [cxt 0] Action MyIngress.set_nhop
[07:52:27.896] [bmv2] [T] [thread 13617] [4.0] [cxt 0] p4src/ecmp.p4(36) Primitive hdr.ethernet.srcAddr = hdr.ethernet.dstAddr
[07:52:27.896] [bmv2] [T] [thread 13617] [4.0] [cxt 0] p4src/ecmp.p4(37) Primitive hdr.ethernet.dstAddr = dstAddr
[07:52:27.896] [bmv2] [T] [thread 13617] [4.0] [cxt 0] p4src/ecmp.p4(38) Primitive standard_metadata.egress_spec = port
[07:52:27.897] [bmv2] [T] [thread 13617] [4.0] [cxt 0] p4src/ecmp.p4(39) Primitive hdr.ipv4.ttl = hdr.ipv4.ttl-1
[07:52:27.897] [bmv2] [D] [thread 13617] [4.0] [cxt 0] Pipeline 'ingress': end
[07:52:27.897] [bmv2] [D] [thread 13617] [4.0] [cxt 0] Egress port is 2
[07:52:27.897] [bmv2] [D] [thread 13620] [4.0] [cxt 0] Pipeline 'egress': start
[07:52:27.897] [bmv2] [D] [thread 13620] [4.0] [cxt 0] Pipeline 'egress': end
[07:52:27.897] [bmv2] [D] [thread 13620] [4.0] [cxt 0] Deparser 'deparser': start
[07:52:27.897] [bmv2] [D] [thread 13620] [4.0] [cxt 0] Updating checksum 'cksum'
[07:52:27.897] [bmv2] [D] [thread 13620] [4.0] [cxt 0] Deparsing header 'ethernet'
[07:52:27.897] [bmv2] [D] [thread 13620] [4.0] [cxt 0] Deparsing header 'ipv4'
[07:52:27.897] [bmv2] [D] [thread 13620] [4.0] [cxt 0] Deparser 'deparser': end
[07:52:27.897] [bmv2] [D] [thread 13622] [4.0] [cxt 0] Transmitting packet of size 98 out of port 2
[07:52:27.908] [bmv2] [D] [thread 13617] [5.0] [cxt 0] Processing packet received on port 1
[07:52:27.908] [bmv2] [D] [thread 13617] [5.0] [cxt 0] Parser 'parser': start
[07:52:27.908] [bmv2] [D] [thread 13617] [5.0] [cxt 0] Parser 'parser' entering state 'start'
[07:52:27.908] [bmv2] [D] [thread 13617] [5.0] [cxt 0] Extracting header 'ethernet'
[07:52:27.908] [bmv2] [D] [thread 13617] [5.0] [cxt 0] Parser state 'start': key is 0800
[07:52:27.908] [bmv2] [T] [thread 13617] [5.0] [cxt 0] Bytes parsed: 14
[07:52:27.908] [bmv2] [D] [thread 13617] [5.0] [cxt 0] Parser 'parser' entering state 'parse_ipv4'
[07:52:27.908] [bmv2] [D] [thread 13617] [5.0] [cxt 0] Extracting header 'ipv4'
[07:52:27.908] [bmv2] [D] [thread 13617] [5.0] [cxt 0] Parser state 'parse_ipv4': key is 01
[07:52:27.908] [bmv2] [T] [thread 13617] [5.0] [cxt 0] Bytes parsed: 34
[07:52:27.908] [bmv2] [D] [thread 13617] [5.0] [cxt 0] Parser 'parser': end
[07:52:27.908] [bmv2] [D] [thread 13617] [5.0] [cxt 0] Pipeline 'ingress': start
[07:52:27.908] [bmv2] [T] [thread 13617] [5.0] [cxt 0] p4src/ecmp.p4(76) Condition "hdr.ipv4.isValid()" (node_2) is true
[07:52:27.908] [bmv2] [T] [thread 13617] [5.0] [cxt 0] Applying table 'MyIngress.ipv4_lpm'
[07:52:27.908] [bmv2] [D] [thread 13617] [5.0] [cxt 0] Looking up key:
* hdr.ipv4.dstAddr    : 0a000602

[07:52:27.908] [bmv2] [D] [thread 13617] [5.0] [cxt 0] Table 'MyIngress.ipv4_lpm': hit with handle 1
[07:52:27.908] [bmv2] [D] [thread 13617] [5.0] [cxt 0] Dumping entry 1
Match key:
* hdr.ipv4.dstAddr    : LPM       0a000602/32
Action entry: MyIngress.set_nhop - 60500,2,

[07:52:27.908] [bmv2] [D] [thread 13617] [5.0] [cxt 0] Action entry is MyIngress.set_nhop - 60500,2,
[07:52:27.908] [bmv2] [T] [thread 13617] [5.0] [cxt 0] Action MyIngress.set_nhop
[07:52:27.908] [bmv2] [T] [thread 13617] [5.0] [cxt 0] p4src/ecmp.p4(36) Primitive hdr.ethernet.srcAddr = hdr.ethernet.dstAddr
[07:52:27.908] [bmv2] [T] [thread 13617] [5.0] [cxt 0] p4src/ecmp.p4(37) Primitive hdr.ethernet.dstAddr = dstAddr
[07:52:27.908] [bmv2] [T] [thread 13617] [5.0] [cxt 0] p4src/ecmp.p4(38) Primitive standard_metadata.egress_spec = port
[07:52:27.908] [bmv2] [T] [thread 13617] [5.0] [cxt 0] p4src/ecmp.p4(39) Primitive hdr.ipv4.ttl = hdr.ipv4.ttl-1
[07:52:27.908] [bmv2] [D] [thread 13617] [5.0] [cxt 0] Pipeline 'ingress': end
[07:52:27.908] [bmv2] [D] [thread 13617] [5.0] [cxt 0] Egress port is 2
[07:52:27.908] [bmv2] [D] [thread 13620] [5.0] [cxt 0] Pipeline 'egress': start
[07:52:27.908] [bmv2] [D] [thread 13620] [5.0] [cxt 0] Pipeline 'egress': end
[07:52:27.908] [bmv2] [D] [thread 13620] [5.0] [cxt 0] Deparser 'deparser': start
[07:52:27.908] [bmv2] [D] [thread 13620] [5.0] [cxt 0] Updating checksum 'cksum'
[07:52:27.908] [bmv2] [D] [thread 13620] [5.0] [cxt 0] Deparsing header 'ethernet'
[07:52:27.908] [bmv2] [D] [thread 13620] [5.0] [cxt 0] Deparsing header 'ipv4'
[07:52:27.908] [bmv2] [D] [thread 13620] [5.0] [cxt 0] Deparser 'deparser': end
[07:52:27.909] [bmv2] [D] [thread 13622] [5.0] [cxt 0] Transmitting packet of size 98 out of port 2
open: No such file or directory
open: No such file or directory
open: No such file or directory
open: No such file or directory
