Warning: you requested the nanomsg event logger, but bmv2 was compiled without -DBMELOG, and the event logger cannot be activated
Calling target program-options parser
[07:52:14.292] [bmv2] [D] [thread 13625] Set default default entry for table 'MyIngress.ipv4_lpm': MyIngress.drop - 
[07:52:14.292] [bmv2] [D] [thread 13625] Set default default entry for table 'MyIngress.ecmp_group_to_nhop': MyIngress.drop - 
Adding interface s6-eth1 as port 1
[07:52:14.306] [bmv2] [D] [thread 13625] Adding interface s6-eth1 as port 1
Adding interface s6-eth2 as port 2
[07:52:14.334] [bmv2] [D] [thread 13625] Adding interface s6-eth2 as port 2
Adding interface s6-eth3 as port 3
[07:52:14.352] [bmv2] [D] [thread 13625] Adding interface s6-eth3 as port 3
Adding interface s6-eth4 as port 4
[07:52:14.383] [bmv2] [D] [thread 13625] Adding interface s6-eth4 as port 4
Adding interface s6-eth5 as port 5
[07:52:14.410] [bmv2] [D] [thread 13625] Adding interface s6-eth5 as port 5
[07:52:14.427] [bmv2] [I] [thread 13625] Starting Thrift server on port 9095
[07:52:14.429] [bmv2] [I] [thread 13625] Thrift server was started
[07:52:14.630] [bmv2] [D] [thread 13631] [0.0] [cxt 0] Processing packet received on port 2
[07:52:14.630] [bmv2] [D] [thread 13631] [0.0] [cxt 0] Parser 'parser': start
[07:52:14.630] [bmv2] [D] [thread 13631] [0.0] [cxt 0] Parser 'parser' entering state 'start'
[07:52:14.630] [bmv2] [D] [thread 13631] [0.0] [cxt 0] Extracting header 'ethernet'
[07:52:14.630] [bmv2] [D] [thread 13631] [0.0] [cxt 0] Parser state 'start': key is 86dd
[07:52:14.630] [bmv2] [T] [thread 13631] [0.0] [cxt 0] Bytes parsed: 14
[07:52:14.630] [bmv2] [D] [thread 13631] [0.0] [cxt 0] Parser 'parser': end
[07:52:14.630] [bmv2] [D] [thread 13631] [0.0] [cxt 0] Pipeline 'ingress': start
[07:52:14.630] [bmv2] [T] [thread 13631] [0.0] [cxt 0] p4src/ecmp.p4(76) Condition "hdr.ipv4.isValid()" (node_2) is false
[07:52:14.630] [bmv2] [D] [thread 13631] [0.0] [cxt 0] Pipeline 'ingress': end
[07:52:14.631] [bmv2] [D] [thread 13631] [0.0] [cxt 0] Egress port is 0
[07:52:14.631] [bmv2] [D] [thread 13632] [0.0] [cxt 0] Pipeline 'egress': start
[07:52:14.631] [bmv2] [D] [thread 13632] [0.0] [cxt 0] Pipeline 'egress': end
[07:52:14.631] [bmv2] [D] [thread 13632] [0.0] [cxt 0] Deparser 'deparser': start
[07:52:14.631] [bmv2] [T] [thread 13632] [0.0] [cxt 0] Skipping checksum 'cksum' update because condition not met
[07:52:14.631] [bmv2] [D] [thread 13632] [0.0] [cxt 0] Deparsing header 'ethernet'
[07:52:14.631] [bmv2] [D] [thread 13632] [0.0] [cxt 0] Deparser 'deparser': end
[07:52:14.631] [bmv2] [D] [thread 13636] [0.0] [cxt 0] Transmitting packet of size 70 out of port 0
[07:52:14.676] [bmv2] [D] [thread 13631] [1.0] [cxt 0] Processing packet received on port 2
[07:52:14.676] [bmv2] [D] [thread 13631] [1.0] [cxt 0] Parser 'parser': start
[07:52:14.676] [bmv2] [D] [thread 13631] [1.0] [cxt 0] Parser 'parser' entering state 'start'
[07:52:14.676] [bmv2] [D] [thread 13631] [1.0] [cxt 0] Extracting header 'ethernet'
[07:52:14.676] [bmv2] [D] [thread 13631] [1.0] [cxt 0] Parser state 'start': key is 86dd
[07:52:14.677] [bmv2] [T] [thread 13631] [1.0] [cxt 0] Bytes parsed: 14
[07:52:14.677] [bmv2] [D] [thread 13631] [1.0] [cxt 0] Parser 'parser': end
[07:52:14.677] [bmv2] [D] [thread 13631] [1.0] [cxt 0] Pipeline 'ingress': start
[07:52:14.677] [bmv2] [T] [thread 13631] [1.0] [cxt 0] p4src/ecmp.p4(76) Condition "hdr.ipv4.isValid()" (node_2) is false
[07:52:14.677] [bmv2] [D] [thread 13631] [1.0] [cxt 0] Pipeline 'ingress': end
[07:52:14.677] [bmv2] [D] [thread 13631] [1.0] [cxt 0] Egress port is 0
[07:52:14.677] [bmv2] [D] [thread 13632] [1.0] [cxt 0] Pipeline 'egress': start
[07:52:14.677] [bmv2] [D] [thread 13632] [1.0] [cxt 0] Pipeline 'egress': end
[07:52:14.677] [bmv2] [D] [thread 13632] [1.0] [cxt 0] Deparser 'deparser': start
[07:52:14.677] [bmv2] [T] [thread 13632] [1.0] [cxt 0] Skipping checksum 'cksum' update because condition not met
[07:52:14.677] [bmv2] [D] [thread 13632] [1.0] [cxt 0] Deparsing header 'ethernet'
[07:52:14.677] [bmv2] [D] [thread 13632] [1.0] [cxt 0] Deparser 'deparser': end
[07:52:14.677] [bmv2] [D] [thread 13631] [2.0] [cxt 0] Processing packet received on port 4
[07:52:14.677] [bmv2] [D] [thread 13631] [2.0] [cxt 0] Parser 'parser': start
[07:52:14.677] [bmv2] [D] [thread 13631] [2.0] [cxt 0] Parser 'parser' entering state 'start'
[07:52:14.677] [bmv2] [D] [thread 13631] [2.0] [cxt 0] Extracting header 'ethernet'
[07:52:14.678] [bmv2] [D] [thread 13631] [2.0] [cxt 0] Parser state 'start': key is 86dd
[07:52:14.678] [bmv2] [T] [thread 13631] [2.0] [cxt 0] Bytes parsed: 14
[07:52:14.678] [bmv2] [D] [thread 13631] [2.0] [cxt 0] Parser 'parser': end
[07:52:14.678] [bmv2] [D] [thread 13631] [2.0] [cxt 0] Pipeline 'ingress': start
[07:52:14.678] [bmv2] [T] [thread 13631] [2.0] [cxt 0] p4src/ecmp.p4(76) Condition "hdr.ipv4.isValid()" (node_2) is false
[07:52:14.678] [bmv2] [D] [thread 13631] [2.0] [cxt 0] Pipeline 'ingress': end
[07:52:14.678] [bmv2] [D] [thread 13631] [2.0] [cxt 0] Egress port is 0
[07:52:14.678] [bmv2] [D] [thread 13632] [2.0] [cxt 0] Pipeline 'egress': start
[07:52:14.678] [bmv2] [D] [thread 13632] [2.0] [cxt 0] Pipeline 'egress': end
[07:52:14.678] [bmv2] [D] [thread 13632] [2.0] [cxt 0] Deparser 'deparser': start
[07:52:14.678] [bmv2] [T] [thread 13632] [2.0] [cxt 0] Skipping checksum 'cksum' update because condition not met
[07:52:14.678] [bmv2] [D] [thread 13632] [2.0] [cxt 0] Deparsing header 'ethernet'
[07:52:14.678] [bmv2] [D] [thread 13632] [2.0] [cxt 0] Deparser 'deparser': end
[07:52:14.679] [bmv2] [D] [thread 13636] [1.0] [cxt 0] Transmitting packet of size 70 out of port 0
[07:52:14.679] [bmv2] [D] [thread 13636] [2.0] [cxt 0] Transmitting packet of size 70 out of port 0
[07:52:14.780] [bmv2] [D] [thread 13631] [3.0] [cxt 0] Processing packet received on port 5
[07:52:14.780] [bmv2] [D] [thread 13631] [3.0] [cxt 0] Parser 'parser': start
[07:52:14.780] [bmv2] [D] [thread 13631] [3.0] [cxt 0] Parser 'parser' entering state 'start'
[07:52:14.780] [bmv2] [D] [thread 13631] [3.0] [cxt 0] Extracting header 'ethernet'
[07:52:14.780] [bmv2] [D] [thread 13631] [3.0] [cxt 0] Parser state 'start': key is 86dd
[07:52:14.781] [bmv2] [T] [thread 13631] [3.0] [cxt 0] Bytes parsed: 14
[07:52:14.781] [bmv2] [D] [thread 13631] [3.0] [cxt 0] Parser 'parser': end
[07:52:14.781] [bmv2] [D] [thread 13631] [3.0] [cxt 0] Pipeline 'ingress': start
[07:52:14.781] [bmv2] [T] [thread 13631] [3.0] [cxt 0] p4src/ecmp.p4(76) Condition "hdr.ipv4.isValid()" (node_2) is false
[07:52:14.781] [bmv2] [D] [thread 13631] [3.0] [cxt 0] Pipeline 'ingress': end
[07:52:14.781] [bmv2] [D] [thread 13631] [3.0] [cxt 0] Egress port is 0
[07:52:14.781] [bmv2] [D] [thread 13632] [3.0] [cxt 0] Pipeline 'egress': start
[07:52:14.781] [bmv2] [D] [thread 13632] [3.0] [cxt 0] Pipeline 'egress': end
[07:52:14.781] [bmv2] [D] [thread 13632] [3.0] [cxt 0] Deparser 'deparser': start
[07:52:14.782] [bmv2] [T] [thread 13632] [3.0] [cxt 0] Skipping checksum 'cksum' update because condition not met
[07:52:14.782] [bmv2] [D] [thread 13632] [3.0] [cxt 0] Deparsing header 'ethernet'
[07:52:14.782] [bmv2] [D] [thread 13632] [3.0] [cxt 0] Deparser 'deparser': end
[07:52:14.782] [bmv2] [D] [thread 13636] [3.0] [cxt 0] Transmitting packet of size 70 out of port 0
[07:52:14.899] [bmv2] [D] [thread 13631] [4.0] [cxt 0] Processing packet received on port 3
[07:52:14.899] [bmv2] [D] [thread 13631] [4.0] [cxt 0] Parser 'parser': start
[07:52:14.899] [bmv2] [D] [thread 13631] [4.0] [cxt 0] Parser 'parser' entering state 'start'
[07:52:14.899] [bmv2] [D] [thread 13631] [4.0] [cxt 0] Extracting header 'ethernet'
[07:52:14.899] [bmv2] [D] [thread 13631] [4.0] [cxt 0] Parser state 'start': key is 86dd
[07:52:14.899] [bmv2] [T] [thread 13631] [4.0] [cxt 0] Bytes parsed: 14
[07:52:14.899] [bmv2] [D] [thread 13631] [4.0] [cxt 0] Parser 'parser': end
[07:52:14.899] [bmv2] [D] [thread 13631] [4.0] [cxt 0] Pipeline 'ingress': start
[07:52:14.899] [bmv2] [T] [thread 13631] [4.0] [cxt 0] p4src/ecmp.p4(76) Condition "hdr.ipv4.isValid()" (node_2) is false
[07:52:14.899] [bmv2] [D] [thread 13631] [4.0] [cxt 0] Pipeline 'ingress': end
[07:52:14.899] [bmv2] [D] [thread 13631] [4.0] [cxt 0] Egress port is 0
[07:52:14.900] [bmv2] [D] [thread 13632] [4.0] [cxt 0] Pipeline 'egress': start
[07:52:14.900] [bmv2] [D] [thread 13632] [4.0] [cxt 0] Pipeline 'egress': end
[07:52:14.900] [bmv2] [D] [thread 13632] [4.0] [cxt 0] Deparser 'deparser': start
[07:52:14.900] [bmv2] [T] [thread 13632] [4.0] [cxt 0] Skipping checksum 'cksum' update because condition not met
[07:52:14.900] [bmv2] [D] [thread 13632] [4.0] [cxt 0] Deparsing header 'ethernet'
[07:52:14.900] [bmv2] [D] [thread 13632] [4.0] [cxt 0] Deparser 'deparser': end
[07:52:14.900] [bmv2] [D] [thread 13636] [4.0] [cxt 0] Transmitting packet of size 70 out of port 0
[07:52:17.785] [bmv2] [T] [thread 13713] bm_get_config
[07:52:17.789] [bmv2] [T] [thread 13713] bm_set_default_action
[07:52:17.789] [bmv2] [D] [thread 13713] Set default entry for table 'MyIngress.ipv4_lpm': MyIngress.drop - 
[07:52:17.790] [bmv2] [T] [thread 13713] bm_set_default_action
[07:52:17.790] [bmv2] [D] [thread 13713] Set default entry for table 'MyIngress.ecmp_group_to_nhop': MyIngress.drop - 
[07:52:17.791] [bmv2] [T] [thread 13713] bm_table_add_entry
[07:52:17.791] [bmv2] [D] [thread 13713] Entry 0 added to table 'MyIngress.ipv4_lpm'
[07:52:17.791] [bmv2] [D] [thread 13713] Dumping entry 0
Match key:
* hdr.ipv4.dstAddr    : LPM       0a000602/32
Action entry: MyIngress.set_nhop - a000602,1,

[07:52:17.792] [bmv2] [T] [thread 13713] bm_table_add_entry
[07:52:17.792] [bmv2] [D] [thread 13713] Entry 1 added to table 'MyIngress.ipv4_lpm'
[07:52:17.792] [bmv2] [D] [thread 13713] Dumping entry 1
Match key:
* hdr.ipv4.dstAddr    : LPM       0a000100/24
Action entry: MyIngress.ecmp_group - 1,4,

[07:52:17.793] [bmv2] [T] [thread 13713] bm_table_add_entry
[07:52:17.793] [bmv2] [D] [thread 13713] Entry 0 added to table 'MyIngress.ecmp_group_to_nhop'
[07:52:17.793] [bmv2] [D] [thread 13713] Dumping entry 0
Match key:
* meta.ecmp_group_id  : EXACT     0001
* meta.ecmp_hash      : EXACT     0000
Action entry: MyIngress.set_nhop - 20600,2,

[07:52:17.794] [bmv2] [T] [thread 13713] bm_table_add_entry
[07:52:17.794] [bmv2] [D] [thread 13713] Entry 1 added to table 'MyIngress.ecmp_group_to_nhop'
[07:52:17.794] [bmv2] [D] [thread 13713] Dumping entry 1
Match key:
* meta.ecmp_group_id  : EXACT     0001
* meta.ecmp_hash      : EXACT     0001
Action entry: MyIngress.set_nhop - 30600,3,

[07:52:17.795] [bmv2] [T] [thread 13713] bm_table_add_entry
[07:52:17.795] [bmv2] [D] [thread 13713] Entry 2 added to table 'MyIngress.ecmp_group_to_nhop'
[07:52:17.795] [bmv2] [D] [thread 13713] Dumping entry 2
Match key:
* meta.ecmp_group_id  : EXACT     0001
* meta.ecmp_hash      : EXACT     0002
Action entry: MyIngress.set_nhop - 40600,4,

[07:52:17.797] [bmv2] [T] [thread 13713] bm_table_add_entry
[07:52:17.797] [bmv2] [D] [thread 13713] Entry 3 added to table 'MyIngress.ecmp_group_to_nhop'
[07:52:17.797] [bmv2] [D] [thread 13713] Dumping entry 3
Match key:
* meta.ecmp_group_id  : EXACT     0001
* meta.ecmp_hash      : EXACT     0003
Action entry: MyIngress.set_nhop - 50600,5,

[07:52:27.897] [bmv2] [D] [thread 13631] [5.0] [cxt 0] Processing packet received on port 5
[07:52:27.897] [bmv2] [D] [thread 13631] [5.0] [cxt 0] Parser 'parser': start
[07:52:27.897] [bmv2] [D] [thread 13631] [5.0] [cxt 0] Parser 'parser' entering state 'start'
[07:52:27.897] [bmv2] [D] [thread 13631] [5.0] [cxt 0] Extracting header 'ethernet'
[07:52:27.897] [bmv2] [D] [thread 13631] [5.0] [cxt 0] Parser state 'start': key is 0800
[07:52:27.897] [bmv2] [T] [thread 13631] [5.0] [cxt 0] Bytes parsed: 14
[07:52:27.897] [bmv2] [D] [thread 13631] [5.0] [cxt 0] Parser 'parser' entering state 'parse_ipv4'
[07:52:27.897] [bmv2] [D] [thread 13631] [5.0] [cxt 0] Extracting header 'ipv4'
[07:52:27.897] [bmv2] [D] [thread 13631] [5.0] [cxt 0] Parser state 'parse_ipv4': key is 01
[07:52:27.897] [bmv2] [T] [thread 13631] [5.0] [cxt 0] Bytes parsed: 34
[07:52:27.897] [bmv2] [D] [thread 13631] [5.0] [cxt 0] Parser 'parser': end
[07:52:27.897] [bmv2] [D] [thread 13631] [5.0] [cxt 0] Pipeline 'ingress': start
[07:52:27.897] [bmv2] [T] [thread 13631] [5.0] [cxt 0] p4src/ecmp.p4(76) Condition "hdr.ipv4.isValid()" (node_2) is true
[07:52:27.897] [bmv2] [T] [thread 13631] [5.0] [cxt 0] Applying table 'MyIngress.ipv4_lpm'
[07:52:27.897] [bmv2] [D] [thread 13631] [5.0] [cxt 0] Looking up key:
* hdr.ipv4.dstAddr    : 0a000602

[07:52:27.897] [bmv2] [D] [thread 13631] [5.0] [cxt 0] Table 'MyIngress.ipv4_lpm': hit with handle 0
[07:52:27.897] [bmv2] [D] [thread 13631] [5.0] [cxt 0] Dumping entry 0
Match key:
* hdr.ipv4.dstAddr    : LPM       0a000602/32
Action entry: MyIngress.set_nhop - a000602,1,

[07:52:27.897] [bmv2] [D] [thread 13631] [5.0] [cxt 0] Action entry is MyIngress.set_nhop - a000602,1,
[07:52:27.897] [bmv2] [T] [thread 13631] [5.0] [cxt 0] Action MyIngress.set_nhop
[07:52:27.897] [bmv2] [T] [thread 13631] [5.0] [cxt 0] p4src/ecmp.p4(36) Primitive hdr.ethernet.srcAddr = hdr.ethernet.dstAddr
[07:52:27.897] [bmv2] [T] [thread 13631] [5.0] [cxt 0] p4src/ecmp.p4(37) Primitive hdr.ethernet.dstAddr = dstAddr
[07:52:27.898] [bmv2] [T] [thread 13631] [5.0] [cxt 0] p4src/ecmp.p4(38) Primitive standard_metadata.egress_spec = port
[07:52:27.898] [bmv2] [T] [thread 13631] [5.0] [cxt 0] p4src/ecmp.p4(39) Primitive hdr.ipv4.ttl = hdr.ipv4.ttl-1
[07:52:27.898] [bmv2] [D] [thread 13631] [5.0] [cxt 0] Pipeline 'ingress': end
[07:52:27.898] [bmv2] [D] [thread 13631] [5.0] [cxt 0] Egress port is 1
[07:52:27.898] [bmv2] [D] [thread 13633] [5.0] [cxt 0] Pipeline 'egress': start
[07:52:27.898] [bmv2] [D] [thread 13633] [5.0] [cxt 0] Pipeline 'egress': end
[07:52:27.898] [bmv2] [D] [thread 13633] [5.0] [cxt 0] Deparser 'deparser': start
[07:52:27.898] [bmv2] [D] [thread 13633] [5.0] [cxt 0] Updating checksum 'cksum'
[07:52:27.898] [bmv2] [D] [thread 13633] [5.0] [cxt 0] Deparsing header 'ethernet'
[07:52:27.898] [bmv2] [D] [thread 13633] [5.0] [cxt 0] Deparsing header 'ipv4'
[07:52:27.898] [bmv2] [D] [thread 13633] [5.0] [cxt 0] Deparser 'deparser': end
[07:52:27.898] [bmv2] [D] [thread 13636] [5.0] [cxt 0] Transmitting packet of size 98 out of port 1
[07:52:27.898] [bmv2] [D] [thread 13631] [6.0] [cxt 0] Processing packet received on port 1
[07:52:27.898] [bmv2] [D] [thread 13631] [6.0] [cxt 0] Parser 'parser': start
[07:52:27.898] [bmv2] [D] [thread 13631] [6.0] [cxt 0] Parser 'parser' entering state 'start'
[07:52:27.898] [bmv2] [D] [thread 13631] [6.0] [cxt 0] Extracting header 'ethernet'
[07:52:27.898] [bmv2] [D] [thread 13631] [6.0] [cxt 0] Parser state 'start': key is 0800
[07:52:27.898] [bmv2] [T] [thread 13631] [6.0] [cxt 0] Bytes parsed: 14
[07:52:27.898] [bmv2] [D] [thread 13631] [6.0] [cxt 0] Parser 'parser' entering state 'parse_ipv4'
[07:52:27.898] [bmv2] [D] [thread 13631] [6.0] [cxt 0] Extracting header 'ipv4'
[07:52:27.898] [bmv2] [D] [thread 13631] [6.0] [cxt 0] Parser state 'parse_ipv4': key is 01
[07:52:27.898] [bmv2] [T] [thread 13631] [6.0] [cxt 0] Bytes parsed: 34
[07:52:27.898] [bmv2] [D] [thread 13631] [6.0] [cxt 0] Parser 'parser': end
[07:52:27.898] [bmv2] [D] [thread 13631] [6.0] [cxt 0] Pipeline 'ingress': start
[07:52:27.898] [bmv2] [T] [thread 13631] [6.0] [cxt 0] p4src/ecmp.p4(76) Condition "hdr.ipv4.isValid()" (node_2) is true
[07:52:27.898] [bmv2] [T] [thread 13631] [6.0] [cxt 0] Applying table 'MyIngress.ipv4_lpm'
[07:52:27.898] [bmv2] [D] [thread 13631] [6.0] [cxt 0] Looking up key:
* hdr.ipv4.dstAddr    : 0a000101

[07:52:27.898] [bmv2] [D] [thread 13631] [6.0] [cxt 0] Table 'MyIngress.ipv4_lpm': hit with handle 1
[07:52:27.898] [bmv2] [D] [thread 13631] [6.0] [cxt 0] Dumping entry 1
Match key:
* hdr.ipv4.dstAddr    : LPM       0a000100/24
Action entry: MyIngress.ecmp_group - 1,4,

[07:52:27.898] [bmv2] [D] [thread 13631] [6.0] [cxt 0] Action entry is MyIngress.ecmp_group - 1,4,
[07:52:27.898] [bmv2] [T] [thread 13631] [6.0] [cxt 0] Action MyIngress.ecmp_group
[07:52:27.898] [bmv2] [T] [thread 13631] [6.0] [cxt 0] p4src/ecmp.p4(30) Primitive hash(meta.ecmp_hash , HashAlgorithm.crc16, (bit<1>)0, {hdr.ipv4.srcAddr, hdr.ipv4.dstAddr, hdr.tcp.srcPort, hdr.tcp.dstPort , hdr.ipv4.protocol}, num_nhops)
[07:52:27.898] [bmv2] [T] [thread 13631] [6.0] [cxt 0] hash(base=0, max=4) = 0
[07:52:27.898] [bmv2] [T] [thread 13631] [6.0] [cxt 0] p4src/ecmp.p4(31) Primitive meta.ecmp_group_id = ecmp_group_id
[07:52:27.898] [bmv2] [T] [thread 13631] [6.0] [cxt 0] Applying table 'MyIngress.ecmp_group_to_nhop'
[07:52:27.899] [bmv2] [D] [thread 13631] [6.0] [cxt 0] Looking up key:
* meta.ecmp_group_id  : 0001
* meta.ecmp_hash      : 0000

[07:52:27.899] [bmv2] [D] [thread 13631] [6.0] [cxt 0] Table 'MyIngress.ecmp_group_to_nhop': hit with handle 0
[07:52:27.899] [bmv2] [D] [thread 13631] [6.0] [cxt 0] Dumping entry 0
Match key:
* meta.ecmp_group_id  : EXACT     0001
* meta.ecmp_hash      : EXACT     0000
Action entry: MyIngress.set_nhop - 20600,2,

[07:52:27.899] [bmv2] [D] [thread 13631] [6.0] [cxt 0] Action entry is MyIngress.set_nhop - 20600,2,
[07:52:27.899] [bmv2] [T] [thread 13631] [6.0] [cxt 0] Action MyIngress.set_nhop
[07:52:27.899] [bmv2] [T] [thread 13631] [6.0] [cxt 0] p4src/ecmp.p4(36) Primitive hdr.ethernet.srcAddr = hdr.ethernet.dstAddr
[07:52:27.899] [bmv2] [T] [thread 13631] [6.0] [cxt 0] p4src/ecmp.p4(37) Primitive hdr.ethernet.dstAddr = dstAddr
[07:52:27.899] [bmv2] [T] [thread 13631] [6.0] [cxt 0] p4src/ecmp.p4(38) Primitive standard_metadata.egress_spec = port
[07:52:27.899] [bmv2] [T] [thread 13631] [6.0] [cxt 0] p4src/ecmp.p4(39) Primitive hdr.ipv4.ttl = hdr.ipv4.ttl-1
[07:52:27.899] [bmv2] [D] [thread 13631] [6.0] [cxt 0] Pipeline 'ingress': end
[07:52:27.899] [bmv2] [D] [thread 13631] [6.0] [cxt 0] Egress port is 2
[07:52:27.899] [bmv2] [D] [thread 13634] [6.0] [cxt 0] Pipeline 'egress': start
[07:52:27.899] [bmv2] [D] [thread 13634] [6.0] [cxt 0] Pipeline 'egress': end
[07:52:27.899] [bmv2] [D] [thread 13634] [6.0] [cxt 0] Deparser 'deparser': start
[07:52:27.899] [bmv2] [D] [thread 13634] [6.0] [cxt 0] Updating checksum 'cksum'
[07:52:27.899] [bmv2] [D] [thread 13634] [6.0] [cxt 0] Deparsing header 'ethernet'
[07:52:27.899] [bmv2] [D] [thread 13634] [6.0] [cxt 0] Deparsing header 'ipv4'
[07:52:27.899] [bmv2] [D] [thread 13634] [6.0] [cxt 0] Deparser 'deparser': end
[07:52:27.899] [bmv2] [D] [thread 13636] [6.0] [cxt 0] Transmitting packet of size 98 out of port 2
[07:52:27.903] [bmv2] [D] [thread 13631] [7.0] [cxt 0] Processing packet received on port 1
[07:52:27.903] [bmv2] [D] [thread 13631] [7.0] [cxt 0] Parser 'parser': start
[07:52:27.903] [bmv2] [D] [thread 13631] [7.0] [cxt 0] Parser 'parser' entering state 'start'
[07:52:27.903] [bmv2] [D] [thread 13631] [7.0] [cxt 0] Extracting header 'ethernet'
[07:52:27.903] [bmv2] [D] [thread 13631] [7.0] [cxt 0] Parser state 'start': key is 0800
[07:52:27.903] [bmv2] [T] [thread 13631] [7.0] [cxt 0] Bytes parsed: 14
[07:52:27.903] [bmv2] [D] [thread 13631] [7.0] [cxt 0] Parser 'parser' entering state 'parse_ipv4'
[07:52:27.903] [bmv2] [D] [thread 13631] [7.0] [cxt 0] Extracting header 'ipv4'
[07:52:27.903] [bmv2] [D] [thread 13631] [7.0] [cxt 0] Parser state 'parse_ipv4': key is 01
[07:52:27.903] [bmv2] [T] [thread 13631] [7.0] [cxt 0] Bytes parsed: 34
[07:52:27.903] [bmv2] [D] [thread 13631] [7.0] [cxt 0] Parser 'parser': end
[07:52:27.903] [bmv2] [D] [thread 13631] [7.0] [cxt 0] Pipeline 'ingress': start
[07:52:27.903] [bmv2] [T] [thread 13631] [7.0] [cxt 0] p4src/ecmp.p4(76) Condition "hdr.ipv4.isValid()" (node_2) is true
[07:52:27.903] [bmv2] [T] [thread 13631] [7.0] [cxt 0] Applying table 'MyIngress.ipv4_lpm'
[07:52:27.903] [bmv2] [D] [thread 13631] [7.0] [cxt 0] Looking up key:
* hdr.ipv4.dstAddr    : 0a000101

[07:52:27.904] [bmv2] [D] [thread 13631] [7.0] [cxt 0] Table 'MyIngress.ipv4_lpm': hit with handle 1
[07:52:27.904] [bmv2] [D] [thread 13631] [7.0] [cxt 0] Dumping entry 1
Match key:
* hdr.ipv4.dstAddr    : LPM       0a000100/24
Action entry: MyIngress.ecmp_group - 1,4,

[07:52:27.904] [bmv2] [D] [thread 13631] [7.0] [cxt 0] Action entry is MyIngress.ecmp_group - 1,4,
[07:52:27.904] [bmv2] [T] [thread 13631] [7.0] [cxt 0] Action MyIngress.ecmp_group
[07:52:27.904] [bmv2] [T] [thread 13631] [7.0] [cxt 0] p4src/ecmp.p4(30) Primitive hash(meta.ecmp_hash , HashAlgorithm.crc16, (bit<1>)0, {hdr.ipv4.srcAddr, hdr.ipv4.dstAddr, hdr.tcp.srcPort, hdr.tcp.dstPort , hdr.ipv4.protocol}, num_nhops)
[07:52:27.904] [bmv2] [T] [thread 13631] [7.0] [cxt 0] hash(base=0, max=4) = 0
[07:52:27.904] [bmv2] [T] [thread 13631] [7.0] [cxt 0] p4src/ecmp.p4(31) Primitive meta.ecmp_group_id = ecmp_group_id
[07:52:27.904] [bmv2] [T] [thread 13631] [7.0] [cxt 0] Applying table 'MyIngress.ecmp_group_to_nhop'
[07:52:27.904] [bmv2] [D] [thread 13631] [7.0] [cxt 0] Looking up key:
* meta.ecmp_group_id  : 0001
* meta.ecmp_hash      : 0000

[07:52:27.904] [bmv2] [D] [thread 13631] [7.0] [cxt 0] Table 'MyIngress.ecmp_group_to_nhop': hit with handle 0
[07:52:27.904] [bmv2] [D] [thread 13631] [7.0] [cxt 0] Dumping entry 0
Match key:
* meta.ecmp_group_id  : EXACT     0001
* meta.ecmp_hash      : EXACT     0000
Action entry: MyIngress.set_nhop - 20600,2,

[07:52:27.904] [bmv2] [D] [thread 13631] [7.0] [cxt 0] Action entry is MyIngress.set_nhop - 20600,2,
[07:52:27.904] [bmv2] [T] [thread 13631] [7.0] [cxt 0] Action MyIngress.set_nhop
[07:52:27.904] [bmv2] [T] [thread 13631] [7.0] [cxt 0] p4src/ecmp.p4(36) Primitive hdr.ethernet.srcAddr = hdr.ethernet.dstAddr
[07:52:27.904] [bmv2] [T] [thread 13631] [7.0] [cxt 0] p4src/ecmp.p4(37) Primitive hdr.ethernet.dstAddr = dstAddr
[07:52:27.904] [bmv2] [T] [thread 13631] [7.0] [cxt 0] p4src/ecmp.p4(38) Primitive standard_metadata.egress_spec = port
[07:52:27.904] [bmv2] [T] [thread 13631] [7.0] [cxt 0] p4src/ecmp.p4(39) Primitive hdr.ipv4.ttl = hdr.ipv4.ttl-1
[07:52:27.904] [bmv2] [D] [thread 13631] [7.0] [cxt 0] Pipeline 'ingress': end
[07:52:27.904] [bmv2] [D] [thread 13631] [7.0] [cxt 0] Egress port is 2
[07:52:27.904] [bmv2] [D] [thread 13634] [7.0] [cxt 0] Pipeline 'egress': start
[07:52:27.904] [bmv2] [D] [thread 13634] [7.0] [cxt 0] Pipeline 'egress': end
[07:52:27.904] [bmv2] [D] [thread 13634] [7.0] [cxt 0] Deparser 'deparser': start
[07:52:27.904] [bmv2] [D] [thread 13634] [7.0] [cxt 0] Updating checksum 'cksum'
[07:52:27.904] [bmv2] [D] [thread 13634] [7.0] [cxt 0] Deparsing header 'ethernet'
[07:52:27.904] [bmv2] [D] [thread 13634] [7.0] [cxt 0] Deparsing header 'ipv4'
[07:52:27.904] [bmv2] [D] [thread 13634] [7.0] [cxt 0] Deparser 'deparser': end
[07:52:27.904] [bmv2] [D] [thread 13636] [7.0] [cxt 0] Transmitting packet of size 98 out of port 2
[07:52:27.909] [bmv2] [D] [thread 13631] [8.0] [cxt 0] Processing packet received on port 5
[07:52:27.909] [bmv2] [D] [thread 13631] [8.0] [cxt 0] Parser 'parser': start
[07:52:27.909] [bmv2] [D] [thread 13631] [8.0] [cxt 0] Parser 'parser' entering state 'start'
[07:52:27.909] [bmv2] [D] [thread 13631] [8.0] [cxt 0] Extracting header 'ethernet'
[07:52:27.909] [bmv2] [D] [thread 13631] [8.0] [cxt 0] Parser state 'start': key is 0800
[07:52:27.909] [bmv2] [T] [thread 13631] [8.0] [cxt 0] Bytes parsed: 14
[07:52:27.909] [bmv2] [D] [thread 13631] [8.0] [cxt 0] Parser 'parser' entering state 'parse_ipv4'
[07:52:27.909] [bmv2] [D] [thread 13631] [8.0] [cxt 0] Extracting header 'ipv4'
[07:52:27.909] [bmv2] [D] [thread 13631] [8.0] [cxt 0] Parser state 'parse_ipv4': key is 01
[07:52:27.909] [bmv2] [T] [thread 13631] [8.0] [cxt 0] Bytes parsed: 34
[07:52:27.909] [bmv2] [D] [thread 13631] [8.0] [cxt 0] Parser 'parser': end
[07:52:27.909] [bmv2] [D] [thread 13631] [8.0] [cxt 0] Pipeline 'ingress': start
[07:52:27.909] [bmv2] [T] [thread 13631] [8.0] [cxt 0] p4src/ecmp.p4(76) Condition "hdr.ipv4.isValid()" (node_2) is true
[07:52:27.909] [bmv2] [T] [thread 13631] [8.0] [cxt 0] Applying table 'MyIngress.ipv4_lpm'
[07:52:27.909] [bmv2] [D] [thread 13631] [8.0] [cxt 0] Looking up key:
* hdr.ipv4.dstAddr    : 0a000602

[07:52:27.909] [bmv2] [D] [thread 13631] [8.0] [cxt 0] Table 'MyIngress.ipv4_lpm': hit with handle 0
[07:52:27.909] [bmv2] [D] [thread 13631] [8.0] [cxt 0] Dumping entry 0
Match key:
* hdr.ipv4.dstAddr    : LPM       0a000602/32
Action entry: MyIngress.set_nhop - a000602,1,

[07:52:27.909] [bmv2] [D] [thread 13631] [8.0] [cxt 0] Action entry is MyIngress.set_nhop - a000602,1,
[07:52:27.909] [bmv2] [T] [thread 13631] [8.0] [cxt 0] Action MyIngress.set_nhop
[07:52:27.909] [bmv2] [T] [thread 13631] [8.0] [cxt 0] p4src/ecmp.p4(36) Primitive hdr.ethernet.srcAddr = hdr.ethernet.dstAddr
[07:52:27.909] [bmv2] [T] [thread 13631] [8.0] [cxt 0] p4src/ecmp.p4(37) Primitive hdr.ethernet.dstAddr = dstAddr
[07:52:27.909] [bmv2] [T] [thread 13631] [8.0] [cxt 0] p4src/ecmp.p4(38) Primitive standard_metadata.egress_spec = port
[07:52:27.909] [bmv2] [T] [thread 13631] [8.0] [cxt 0] p4src/ecmp.p4(39) Primitive hdr.ipv4.ttl = hdr.ipv4.ttl-1
[07:52:27.909] [bmv2] [D] [thread 13631] [8.0] [cxt 0] Pipeline 'ingress': end
[07:52:27.909] [bmv2] [D] [thread 13631] [8.0] [cxt 0] Egress port is 1
[07:52:27.909] [bmv2] [D] [thread 13633] [8.0] [cxt 0] Pipeline 'egress': start
[07:52:27.909] [bmv2] [D] [thread 13633] [8.0] [cxt 0] Pipeline 'egress': end
[07:52:27.909] [bmv2] [D] [thread 13633] [8.0] [cxt 0] Deparser 'deparser': start
[07:52:27.909] [bmv2] [D] [thread 13633] [8.0] [cxt 0] Updating checksum 'cksum'
[07:52:27.909] [bmv2] [D] [thread 13633] [8.0] [cxt 0] Deparsing header 'ethernet'
[07:52:27.909] [bmv2] [D] [thread 13633] [8.0] [cxt 0] Deparsing header 'ipv4'
[07:52:27.909] [bmv2] [D] [thread 13633] [8.0] [cxt 0] Deparser 'deparser': end
[07:52:27.909] [bmv2] [D] [thread 13636] [8.0] [cxt 0] Transmitting packet of size 98 out of port 1
open: No such file or directory
open: No such file or directory
open: No such file or directory
open: No such file or directory
open: No such file or directory
open: No such file or directory
open: No such file or directory
open: No such file or directory
open: No such file or directory
open: No such file or directory
open: No such file or directory
open: No such file or directory
open: No such file or directory
open: No such file or directory
open: No such file or directory
