Warning: you requested the nanomsg event logger, but bmv2 was compiled without -DBMELOG, and the event logger cannot be activated
Calling target program-options parser
[08:15:18.077] [bmv2] [D] [thread 25606] Set default default entry for table 'MyIngress.myTable': MyIngress.drop - 
Adding interface s1-eth1 as port 1
[08:15:18.079] [bmv2] [D] [thread 25606] Adding interface s1-eth1 as port 1
Adding interface s1-eth2 as port 2
[08:15:18.106] [bmv2] [D] [thread 25606] Adding interface s1-eth2 as port 2
Adding interface s1-eth3 as port 3
[08:15:18.134] [bmv2] [D] [thread 25606] Adding interface s1-eth3 as port 3
Adding interface s1-eth4 as port 4
[08:15:18.159] [bmv2] [D] [thread 25606] Adding interface s1-eth4 as port 4
[08:15:18.187] [bmv2] [I] [thread 25606] Starting Thrift server on port 9090
[08:15:18.188] [bmv2] [I] [thread 25606] Thrift server was started
[08:15:18.330] [bmv2] [D] [thread 25612] [0.0] [cxt 0] Processing packet received on port 1
[08:15:18.330] [bmv2] [D] [thread 25612] [0.0] [cxt 0] Parser 'parser': start
[08:15:18.330] [bmv2] [D] [thread 25612] [0.0] [cxt 0] Parser 'parser' entering state 'start'
[08:15:18.330] [bmv2] [D] [thread 25612] [0.0] [cxt 0] Extracting header 'ethernet'
[08:15:18.330] [bmv2] [D] [thread 25612] [0.0] [cxt 0] Parser state 'start' has no switch, going to default next state
[08:15:18.330] [bmv2] [T] [thread 25612] [0.0] [cxt 0] Bytes parsed: 14
[08:15:18.330] [bmv2] [D] [thread 25612] [0.0] [cxt 0] Parser 'parser': end
[08:15:18.330] [bmv2] [D] [thread 25612] [0.0] [cxt 0] Pipeline 'ingress': start
[08:15:18.330] [bmv2] [T] [thread 25612] [0.0] [cxt 0] Applying table 'MyIngress.myTable'
[08:15:18.330] [bmv2] [D] [thread 25612] [0.0] [cxt 0] Looking up key:
* hdr.ethernet.dstAddr: 3333ff000001

[08:15:18.330] [bmv2] [D] [thread 25612] [0.0] [cxt 0] Table 'MyIngress.myTable': miss
[08:15:18.330] [bmv2] [D] [thread 25612] [0.0] [cxt 0] Action entry is MyIngress.drop - 
[08:15:18.330] [bmv2] [T] [thread 25612] [0.0] [cxt 0] Action MyIngress.drop
[08:15:18.331] [bmv2] [T] [thread 25612] [0.0] [cxt 0] p4src/l2_basic_forwarding.p4(63) Primitive mark_to_drop(standard_metadata)
[08:15:18.331] [bmv2] [D] [thread 25612] [0.0] [cxt 0] Pipeline 'ingress': end
[08:15:18.331] [bmv2] [D] [thread 25612] [0.0] [cxt 0] Egress port is 511
[08:15:18.331] [bmv2] [D] [thread 25612] [0.0] [cxt 0] Dropping packet at the end of ingress
[08:15:18.354] [bmv2] [D] [thread 25612] [1.0] [cxt 0] Processing packet received on port 3
[08:15:18.354] [bmv2] [D] [thread 25612] [1.0] [cxt 0] Parser 'parser': start
[08:15:18.354] [bmv2] [D] [thread 25612] [1.0] [cxt 0] Parser 'parser' entering state 'start'
[08:15:18.354] [bmv2] [D] [thread 25612] [1.0] [cxt 0] Extracting header 'ethernet'
[08:15:18.354] [bmv2] [D] [thread 25612] [1.0] [cxt 0] Parser state 'start' has no switch, going to default next state
[08:15:18.354] [bmv2] [T] [thread 25612] [1.0] [cxt 0] Bytes parsed: 14
[08:15:18.354] [bmv2] [D] [thread 25612] [1.0] [cxt 0] Parser 'parser': end
[08:15:18.354] [bmv2] [D] [thread 25612] [1.0] [cxt 0] Pipeline 'ingress': start
[08:15:18.355] [bmv2] [T] [thread 25612] [1.0] [cxt 0] Applying table 'MyIngress.myTable'
[08:15:18.355] [bmv2] [D] [thread 25612] [1.0] [cxt 0] Looking up key:
* hdr.ethernet.dstAddr: 3333ff000003

[08:15:18.355] [bmv2] [D] [thread 25612] [1.0] [cxt 0] Table 'MyIngress.myTable': miss
[08:15:18.355] [bmv2] [D] [thread 25612] [1.0] [cxt 0] Action entry is MyIngress.drop - 
[08:15:18.355] [bmv2] [T] [thread 25612] [1.0] [cxt 0] Action MyIngress.drop
[08:15:18.355] [bmv2] [T] [thread 25612] [1.0] [cxt 0] p4src/l2_basic_forwarding.p4(63) Primitive mark_to_drop(standard_metadata)
[08:15:18.355] [bmv2] [D] [thread 25612] [1.0] [cxt 0] Pipeline 'ingress': end
[08:15:18.355] [bmv2] [D] [thread 25612] [1.0] [cxt 0] Egress port is 511
[08:15:18.355] [bmv2] [D] [thread 25612] [1.0] [cxt 0] Dropping packet at the end of ingress
[08:15:18.397] [bmv2] [D] [thread 25612] [2.0] [cxt 0] Processing packet received on port 2
[08:15:18.397] [bmv2] [D] [thread 25612] [2.0] [cxt 0] Parser 'parser': start
[08:15:18.397] [bmv2] [D] [thread 25612] [2.0] [cxt 0] Parser 'parser' entering state 'start'
[08:15:18.397] [bmv2] [D] [thread 25612] [2.0] [cxt 0] Extracting header 'ethernet'
[08:15:18.397] [bmv2] [D] [thread 25612] [2.0] [cxt 0] Parser state 'start' has no switch, going to default next state
[08:15:18.397] [bmv2] [T] [thread 25612] [2.0] [cxt 0] Bytes parsed: 14
[08:15:18.397] [bmv2] [D] [thread 25612] [2.0] [cxt 0] Parser 'parser': end
[08:15:18.397] [bmv2] [D] [thread 25612] [2.0] [cxt 0] Pipeline 'ingress': start
[08:15:18.398] [bmv2] [T] [thread 25612] [2.0] [cxt 0] Applying table 'MyIngress.myTable'
[08:15:18.398] [bmv2] [D] [thread 25612] [2.0] [cxt 0] Looking up key:
* hdr.ethernet.dstAddr: 3333ff000002

[08:15:18.398] [bmv2] [D] [thread 25612] [2.0] [cxt 0] Table 'MyIngress.myTable': miss
[08:15:18.398] [bmv2] [D] [thread 25612] [2.0] [cxt 0] Action entry is MyIngress.drop - 
[08:15:18.398] [bmv2] [T] [thread 25612] [2.0] [cxt 0] Action MyIngress.drop
[08:15:18.398] [bmv2] [T] [thread 25612] [2.0] [cxt 0] p4src/l2_basic_forwarding.p4(63) Primitive mark_to_drop(standard_metadata)
[08:15:18.398] [bmv2] [D] [thread 25612] [2.0] [cxt 0] Pipeline 'ingress': end
[08:15:18.398] [bmv2] [D] [thread 25612] [2.0] [cxt 0] Egress port is 511
[08:15:18.398] [bmv2] [D] [thread 25612] [2.0] [cxt 0] Dropping packet at the end of ingress
[08:15:18.497] [bmv2] [D] [thread 25612] [3.0] [cxt 0] Processing packet received on port 3
[08:15:18.497] [bmv2] [D] [thread 25612] [3.0] [cxt 0] Parser 'parser': start
[08:15:18.497] [bmv2] [D] [thread 25612] [3.0] [cxt 0] Parser 'parser' entering state 'start'
[08:15:18.497] [bmv2] [D] [thread 25612] [3.0] [cxt 0] Extracting header 'ethernet'
[08:15:18.497] [bmv2] [D] [thread 25612] [3.0] [cxt 0] Parser state 'start' has no switch, going to default next state
[08:15:18.497] [bmv2] [T] [thread 25612] [3.0] [cxt 0] Bytes parsed: 14
[08:15:18.497] [bmv2] [D] [thread 25612] [3.0] [cxt 0] Parser 'parser': end
[08:15:18.497] [bmv2] [D] [thread 25612] [3.0] [cxt 0] Pipeline 'ingress': start
[08:15:18.497] [bmv2] [T] [thread 25612] [3.0] [cxt 0] Applying table 'MyIngress.myTable'
[08:15:18.497] [bmv2] [D] [thread 25612] [3.0] [cxt 0] Looking up key:
* hdr.ethernet.dstAddr: 333300000016

[08:15:18.497] [bmv2] [D] [thread 25612] [3.0] [cxt 0] Table 'MyIngress.myTable': miss
[08:15:18.497] [bmv2] [D] [thread 25612] [3.0] [cxt 0] Action entry is MyIngress.drop - 
[08:15:18.498] [bmv2] [T] [thread 25612] [3.0] [cxt 0] Action MyIngress.drop
[08:15:18.498] [bmv2] [T] [thread 25612] [3.0] [cxt 0] p4src/l2_basic_forwarding.p4(63) Primitive mark_to_drop(standard_metadata)
[08:15:18.498] [bmv2] [D] [thread 25612] [3.0] [cxt 0] Pipeline 'ingress': end
[08:15:18.498] [bmv2] [D] [thread 25612] [3.0] [cxt 0] Egress port is 511
[08:15:18.498] [bmv2] [D] [thread 25612] [3.0] [cxt 0] Dropping packet at the end of ingress
[08:15:18.742] [bmv2] [D] [thread 25612] [4.0] [cxt 0] Processing packet received on port 1
[08:15:18.742] [bmv2] [D] [thread 25612] [4.0] [cxt 0] Parser 'parser': start
[08:15:18.742] [bmv2] [D] [thread 25612] [4.0] [cxt 0] Parser 'parser' entering state 'start'
[08:15:18.742] [bmv2] [D] [thread 25612] [4.0] [cxt 0] Extracting header 'ethernet'
[08:15:18.742] [bmv2] [D] [thread 25612] [4.0] [cxt 0] Parser state 'start' has no switch, going to default next state
[08:15:18.742] [bmv2] [T] [thread 25612] [4.0] [cxt 0] Bytes parsed: 14
[08:15:18.742] [bmv2] [D] [thread 25612] [4.0] [cxt 0] Parser 'parser': end
[08:15:18.742] [bmv2] [D] [thread 25612] [4.0] [cxt 0] Pipeline 'ingress': start
[08:15:18.742] [bmv2] [T] [thread 25612] [4.0] [cxt 0] Applying table 'MyIngress.myTable'
[08:15:18.742] [bmv2] [D] [thread 25612] [4.0] [cxt 0] Looking up key:
* hdr.ethernet.dstAddr: 333300000016

[08:15:18.742] [bmv2] [D] [thread 25612] [4.0] [cxt 0] Table 'MyIngress.myTable': miss
[08:15:18.742] [bmv2] [D] [thread 25612] [4.0] [cxt 0] Action entry is MyIngress.drop - 
[08:15:18.742] [bmv2] [T] [thread 25612] [4.0] [cxt 0] Action MyIngress.drop
[08:15:18.742] [bmv2] [T] [thread 25612] [4.0] [cxt 0] p4src/l2_basic_forwarding.p4(63) Primitive mark_to_drop(standard_metadata)
[08:15:18.742] [bmv2] [D] [thread 25612] [4.0] [cxt 0] Pipeline 'ingress': end
[08:15:18.742] [bmv2] [D] [thread 25612] [4.0] [cxt 0] Egress port is 511
[08:15:18.742] [bmv2] [D] [thread 25612] [4.0] [cxt 0] Dropping packet at the end of ingress
[08:15:18.787] [bmv2] [D] [thread 25612] [5.0] [cxt 0] Processing packet received on port 2
[08:15:18.787] [bmv2] [D] [thread 25612] [5.0] [cxt 0] Parser 'parser': start
[08:15:18.787] [bmv2] [D] [thread 25612] [5.0] [cxt 0] Parser 'parser' entering state 'start'
[08:15:18.787] [bmv2] [D] [thread 25612] [5.0] [cxt 0] Extracting header 'ethernet'
[08:15:18.787] [bmv2] [D] [thread 25612] [5.0] [cxt 0] Parser state 'start' has no switch, going to default next state
[08:15:18.788] [bmv2] [T] [thread 25612] [5.0] [cxt 0] Bytes parsed: 14
[08:15:18.788] [bmv2] [D] [thread 25612] [5.0] [cxt 0] Parser 'parser': end
[08:15:18.788] [bmv2] [D] [thread 25612] [5.0] [cxt 0] Pipeline 'ingress': start
[08:15:18.788] [bmv2] [T] [thread 25612] [5.0] [cxt 0] Applying table 'MyIngress.myTable'
[08:15:18.788] [bmv2] [D] [thread 25612] [5.0] [cxt 0] Looking up key:
* hdr.ethernet.dstAddr: 333300000016

[08:15:18.788] [bmv2] [D] [thread 25612] [5.0] [cxt 0] Table 'MyIngress.myTable': miss
[08:15:18.788] [bmv2] [D] [thread 25612] [5.0] [cxt 0] Action entry is MyIngress.drop - 
[08:15:18.788] [bmv2] [T] [thread 25612] [5.0] [cxt 0] Action MyIngress.drop
[08:15:18.788] [bmv2] [T] [thread 25612] [5.0] [cxt 0] p4src/l2_basic_forwarding.p4(63) Primitive mark_to_drop(standard_metadata)
[08:15:18.788] [bmv2] [D] [thread 25612] [5.0] [cxt 0] Pipeline 'ingress': end
[08:15:18.788] [bmv2] [D] [thread 25612] [5.0] [cxt 0] Egress port is 511
[08:15:18.788] [bmv2] [D] [thread 25612] [5.0] [cxt 0] Dropping packet at the end of ingress
[08:15:18.881] [bmv2] [D] [thread 25612] [6.0] [cxt 0] Processing packet received on port 4
[08:15:18.881] [bmv2] [D] [thread 25612] [6.0] [cxt 0] Parser 'parser': start
[08:15:18.881] [bmv2] [D] [thread 25612] [6.0] [cxt 0] Parser 'parser' entering state 'start'
[08:15:18.881] [bmv2] [D] [thread 25612] [6.0] [cxt 0] Extracting header 'ethernet'
[08:15:18.881] [bmv2] [D] [thread 25612] [6.0] [cxt 0] Parser state 'start' has no switch, going to default next state
[08:15:18.881] [bmv2] [T] [thread 25612] [6.0] [cxt 0] Bytes parsed: 14
[08:15:18.881] [bmv2] [D] [thread 25612] [6.0] [cxt 0] Parser 'parser': end
[08:15:18.881] [bmv2] [D] [thread 25612] [6.0] [cxt 0] Pipeline 'ingress': start
[08:15:18.881] [bmv2] [T] [thread 25612] [6.0] [cxt 0] Applying table 'MyIngress.myTable'
[08:15:18.881] [bmv2] [D] [thread 25612] [6.0] [cxt 0] Looking up key:
* hdr.ethernet.dstAddr: 3333ff000004

[08:15:18.881] [bmv2] [D] [thread 25612] [6.0] [cxt 0] Table 'MyIngress.myTable': miss
[08:15:18.881] [bmv2] [D] [thread 25612] [6.0] [cxt 0] Action entry is MyIngress.drop - 
[08:15:18.881] [bmv2] [T] [thread 25612] [6.0] [cxt 0] Action MyIngress.drop
[08:15:18.881] [bmv2] [T] [thread 25612] [6.0] [cxt 0] p4src/l2_basic_forwarding.p4(63) Primitive mark_to_drop(standard_metadata)
[08:15:18.881] [bmv2] [D] [thread 25612] [6.0] [cxt 0] Pipeline 'ingress': end
[08:15:18.881] [bmv2] [D] [thread 25612] [6.0] [cxt 0] Egress port is 511
[08:15:18.881] [bmv2] [D] [thread 25612] [6.0] [cxt 0] Dropping packet at the end of ingress
[08:15:18.991] [bmv2] [D] [thread 25612] [7.0] [cxt 0] Processing packet received on port 4
[08:15:18.991] [bmv2] [D] [thread 25612] [7.0] [cxt 0] Parser 'parser': start
[08:15:18.991] [bmv2] [D] [thread 25612] [7.0] [cxt 0] Parser 'parser' entering state 'start'
[08:15:18.991] [bmv2] [D] [thread 25612] [7.0] [cxt 0] Extracting header 'ethernet'
[08:15:18.991] [bmv2] [D] [thread 25612] [7.0] [cxt 0] Parser state 'start' has no switch, going to default next state
[08:15:18.991] [bmv2] [T] [thread 25612] [7.0] [cxt 0] Bytes parsed: 14
[08:15:18.991] [bmv2] [D] [thread 25612] [7.0] [cxt 0] Parser 'parser': end
[08:15:18.991] [bmv2] [D] [thread 25612] [7.0] [cxt 0] Pipeline 'ingress': start
[08:15:18.991] [bmv2] [T] [thread 25612] [7.0] [cxt 0] Applying table 'MyIngress.myTable'
[08:15:18.991] [bmv2] [D] [thread 25612] [7.0] [cxt 0] Looking up key:
* hdr.ethernet.dstAddr: 333300000016

[08:15:18.991] [bmv2] [D] [thread 25612] [7.0] [cxt 0] Table 'MyIngress.myTable': miss
[08:15:18.991] [bmv2] [D] [thread 25612] [7.0] [cxt 0] Action entry is MyIngress.drop - 
[08:15:18.991] [bmv2] [T] [thread 25612] [7.0] [cxt 0] Action MyIngress.drop
[08:15:18.991] [bmv2] [T] [thread 25612] [7.0] [cxt 0] p4src/l2_basic_forwarding.p4(63) Primitive mark_to_drop(standard_metadata)
[08:15:18.991] [bmv2] [D] [thread 25612] [7.0] [cxt 0] Pipeline 'ingress': end
[08:15:18.991] [bmv2] [D] [thread 25612] [7.0] [cxt 0] Egress port is 511
[08:15:18.991] [bmv2] [D] [thread 25612] [7.0] [cxt 0] Dropping packet at the end of ingress
[08:15:20.542] [bmv2] [T] [thread 25658] bm_get_config
[08:15:20.544] [bmv2] [T] [thread 25658] bm_table_add_entry
[08:15:20.544] [bmv2] [D] [thread 25658] Entry 0 added to table 'MyIngress.myTable'
[08:15:20.544] [bmv2] [D] [thread 25658] Dumping entry 0
Match key:
* hdr.ethernet.dstAddr: EXACT     00000a000001
Action entry: MyIngress.setEgressSpec - 1,

[08:15:20.545] [bmv2] [T] [thread 25658] bm_table_add_entry
[08:15:20.545] [bmv2] [D] [thread 25658] Entry 1 added to table 'MyIngress.myTable'
[08:15:20.545] [bmv2] [D] [thread 25658] Dumping entry 1
Match key:
* hdr.ethernet.dstAddr: EXACT     00000a000002
Action entry: MyIngress.setEgressSpec - 2,

[08:15:20.546] [bmv2] [T] [thread 25658] bm_table_add_entry
[08:15:20.546] [bmv2] [D] [thread 25658] Entry 2 added to table 'MyIngress.myTable'
[08:15:20.546] [bmv2] [D] [thread 25658] Dumping entry 2
Match key:
* hdr.ethernet.dstAddr: EXACT     00000a000003
Action entry: MyIngress.setEgressSpec - 3,

[08:15:20.546] [bmv2] [T] [thread 25658] bm_table_add_entry
[08:15:20.547] [bmv2] [D] [thread 25658] Entry 3 added to table 'MyIngress.myTable'
[08:15:20.547] [bmv2] [D] [thread 25658] Dumping entry 3
Match key:
* hdr.ethernet.dstAddr: EXACT     00000a000004
Action entry: MyIngress.setEgressSpec - 4,

[08:15:25.322] [bmv2] [D] [thread 25612] [8.0] [cxt 0] Processing packet received on port 1
[08:15:25.322] [bmv2] [D] [thread 25612] [8.0] [cxt 0] Parser 'parser': start
[08:15:25.322] [bmv2] [D] [thread 25612] [8.0] [cxt 0] Parser 'parser' entering state 'start'
[08:15:25.322] [bmv2] [D] [thread 25612] [8.0] [cxt 0] Extracting header 'ethernet'
[08:15:25.322] [bmv2] [D] [thread 25612] [8.0] [cxt 0] Parser state 'start' has no switch, going to default next state
[08:15:25.322] [bmv2] [T] [thread 25612] [8.0] [cxt 0] Bytes parsed: 14
[08:15:25.322] [bmv2] [D] [thread 25612] [8.0] [cxt 0] Parser 'parser': end
[08:15:25.322] [bmv2] [D] [thread 25612] [8.0] [cxt 0] Pipeline 'ingress': start
[08:15:25.322] [bmv2] [T] [thread 25612] [8.0] [cxt 0] Applying table 'MyIngress.myTable'
[08:15:25.322] [bmv2] [D] [thread 25612] [8.0] [cxt 0] Looking up key:
* hdr.ethernet.dstAddr: 00000a000002

[08:15:25.322] [bmv2] [D] [thread 25612] [8.0] [cxt 0] Table 'MyIngress.myTable': hit with handle 1
[08:15:25.322] [bmv2] [D] [thread 25612] [8.0] [cxt 0] Dumping entry 1
Match key:
* hdr.ethernet.dstAddr: EXACT     00000a000002
Action entry: MyIngress.setEgressSpec - 2,

[08:15:25.322] [bmv2] [D] [thread 25612] [8.0] [cxt 0] Action entry is MyIngress.setEgressSpec - 2,
[08:15:25.322] [bmv2] [T] [thread 25612] [8.0] [cxt 0] Action MyIngress.setEgressSpec
[08:15:25.322] [bmv2] [T] [thread 25612] [8.0] [cxt 0] p4src/l2_basic_forwarding.p4(68) Primitive standard_metadata.egress_spec = param
[08:15:25.322] [bmv2] [D] [thread 25612] [8.0] [cxt 0] Pipeline 'ingress': end
[08:15:25.322] [bmv2] [D] [thread 25612] [8.0] [cxt 0] Egress port is 2
[08:15:25.322] [bmv2] [D] [thread 25615] [8.0] [cxt 0] Pipeline 'egress': start
[08:15:25.322] [bmv2] [D] [thread 25615] [8.0] [cxt 0] Pipeline 'egress': end
[08:15:25.322] [bmv2] [D] [thread 25615] [8.0] [cxt 0] Deparser 'deparser': start
[08:15:25.322] [bmv2] [D] [thread 25615] [8.0] [cxt 0] Deparsing header 'ethernet'
[08:15:25.322] [bmv2] [D] [thread 25615] [8.0] [cxt 0] Deparser 'deparser': end
[08:15:25.322] [bmv2] [D] [thread 25617] [8.0] [cxt 0] Transmitting packet of size 98 out of port 2
[08:15:25.322] [bmv2] [D] [thread 25612] [9.0] [cxt 0] Processing packet received on port 2
[08:15:25.322] [bmv2] [D] [thread 25612] [9.0] [cxt 0] Parser 'parser': start
[08:15:25.322] [bmv2] [D] [thread 25612] [9.0] [cxt 0] Parser 'parser' entering state 'start'
[08:15:25.322] [bmv2] [D] [thread 25612] [9.0] [cxt 0] Extracting header 'ethernet'
[08:15:25.322] [bmv2] [D] [thread 25612] [9.0] [cxt 0] Parser state 'start' has no switch, going to default next state
[08:15:25.322] [bmv2] [T] [thread 25612] [9.0] [cxt 0] Bytes parsed: 14
[08:15:25.322] [bmv2] [D] [thread 25612] [9.0] [cxt 0] Parser 'parser': end
[08:15:25.322] [bmv2] [D] [thread 25612] [9.0] [cxt 0] Pipeline 'ingress': start
[08:15:25.322] [bmv2] [T] [thread 25612] [9.0] [cxt 0] Applying table 'MyIngress.myTable'
[08:15:25.322] [bmv2] [D] [thread 25612] [9.0] [cxt 0] Looking up key:
* hdr.ethernet.dstAddr: 00000a000001

[08:15:25.322] [bmv2] [D] [thread 25612] [9.0] [cxt 0] Table 'MyIngress.myTable': hit with handle 0
[08:15:25.322] [bmv2] [D] [thread 25612] [9.0] [cxt 0] Dumping entry 0
Match key:
* hdr.ethernet.dstAddr: EXACT     00000a000001
Action entry: MyIngress.setEgressSpec - 1,

[08:15:25.322] [bmv2] [D] [thread 25612] [9.0] [cxt 0] Action entry is MyIngress.setEgressSpec - 1,
[08:15:25.322] [bmv2] [T] [thread 25612] [9.0] [cxt 0] Action MyIngress.setEgressSpec
[08:15:25.322] [bmv2] [T] [thread 25612] [9.0] [cxt 0] p4src/l2_basic_forwarding.p4(68) Primitive standard_metadata.egress_spec = param
[08:15:25.322] [bmv2] [D] [thread 25612] [9.0] [cxt 0] Pipeline 'ingress': end
[08:15:25.322] [bmv2] [D] [thread 25612] [9.0] [cxt 0] Egress port is 1
[08:15:25.322] [bmv2] [D] [thread 25614] [9.0] [cxt 0] Pipeline 'egress': start
[08:15:25.323] [bmv2] [D] [thread 25614] [9.0] [cxt 0] Pipeline 'egress': end
[08:15:25.323] [bmv2] [D] [thread 25614] [9.0] [cxt 0] Deparser 'deparser': start
[08:15:25.323] [bmv2] [D] [thread 25614] [9.0] [cxt 0] Deparsing header 'ethernet'
[08:15:25.323] [bmv2] [D] [thread 25614] [9.0] [cxt 0] Deparser 'deparser': end
[08:15:25.323] [bmv2] [D] [thread 25617] [9.0] [cxt 0] Transmitting packet of size 98 out of port 1
[08:15:25.325] [bmv2] [D] [thread 25612] [10.0] [cxt 0] Processing packet received on port 1
[08:15:25.325] [bmv2] [D] [thread 25612] [10.0] [cxt 0] Parser 'parser': start
[08:15:25.325] [bmv2] [D] [thread 25612] [10.0] [cxt 0] Parser 'parser' entering state 'start'
[08:15:25.325] [bmv2] [D] [thread 25612] [10.0] [cxt 0] Extracting header 'ethernet'
[08:15:25.325] [bmv2] [D] [thread 25612] [10.0] [cxt 0] Parser state 'start' has no switch, going to default next state
[08:15:25.325] [bmv2] [T] [thread 25612] [10.0] [cxt 0] Bytes parsed: 14
[08:15:25.325] [bmv2] [D] [thread 25612] [10.0] [cxt 0] Parser 'parser': end
[08:15:25.325] [bmv2] [D] [thread 25612] [10.0] [cxt 0] Pipeline 'ingress': start
[08:15:25.325] [bmv2] [T] [thread 25612] [10.0] [cxt 0] Applying table 'MyIngress.myTable'
[08:15:25.325] [bmv2] [D] [thread 25612] [10.0] [cxt 0] Looking up key:
* hdr.ethernet.dstAddr: 00000a000003

[08:15:25.325] [bmv2] [D] [thread 25612] [10.0] [cxt 0] Table 'MyIngress.myTable': hit with handle 2
[08:15:25.325] [bmv2] [D] [thread 25612] [10.0] [cxt 0] Dumping entry 2
Match key:
* hdr.ethernet.dstAddr: EXACT     00000a000003
Action entry: MyIngress.setEgressSpec - 3,

[08:15:25.325] [bmv2] [D] [thread 25612] [10.0] [cxt 0] Action entry is MyIngress.setEgressSpec - 3,
[08:15:25.325] [bmv2] [T] [thread 25612] [10.0] [cxt 0] Action MyIngress.setEgressSpec
[08:15:25.325] [bmv2] [T] [thread 25612] [10.0] [cxt 0] p4src/l2_basic_forwarding.p4(68) Primitive standard_metadata.egress_spec = param
[08:15:25.325] [bmv2] [D] [thread 25612] [10.0] [cxt 0] Pipeline 'ingress': end
[08:15:25.325] [bmv2] [D] [thread 25612] [10.0] [cxt 0] Egress port is 3
[08:15:25.325] [bmv2] [D] [thread 25616] [10.0] [cxt 0] Pipeline 'egress': start
[08:15:25.325] [bmv2] [D] [thread 25616] [10.0] [cxt 0] Pipeline 'egress': end
[08:15:25.325] [bmv2] [D] [thread 25616] [10.0] [cxt 0] Deparser 'deparser': start
[08:15:25.325] [bmv2] [D] [thread 25616] [10.0] [cxt 0] Deparsing header 'ethernet'
[08:15:25.325] [bmv2] [D] [thread 25616] [10.0] [cxt 0] Deparser 'deparser': end
[08:15:25.325] [bmv2] [D] [thread 25617] [10.0] [cxt 0] Transmitting packet of size 98 out of port 3
[08:15:25.325] [bmv2] [D] [thread 25612] [11.0] [cxt 0] Processing packet received on port 3
[08:15:25.325] [bmv2] [D] [thread 25612] [11.0] [cxt 0] Parser 'parser': start
[08:15:25.325] [bmv2] [D] [thread 25612] [11.0] [cxt 0] Parser 'parser' entering state 'start'
[08:15:25.325] [bmv2] [D] [thread 25612] [11.0] [cxt 0] Extracting header 'ethernet'
[08:15:25.325] [bmv2] [D] [thread 25612] [11.0] [cxt 0] Parser state 'start' has no switch, going to default next state
[08:15:25.325] [bmv2] [T] [thread 25612] [11.0] [cxt 0] Bytes parsed: 14
[08:15:25.325] [bmv2] [D] [thread 25612] [11.0] [cxt 0] Parser 'parser': end
[08:15:25.325] [bmv2] [D] [thread 25612] [11.0] [cxt 0] Pipeline 'ingress': start
[08:15:25.325] [bmv2] [T] [thread 25612] [11.0] [cxt 0] Applying table 'MyIngress.myTable'
[08:15:25.325] [bmv2] [D] [thread 25612] [11.0] [cxt 0] Looking up key:
* hdr.ethernet.dstAddr: 00000a000001

[08:15:25.325] [bmv2] [D] [thread 25612] [11.0] [cxt 0] Table 'MyIngress.myTable': hit with handle 0
[08:15:25.325] [bmv2] [D] [thread 25612] [11.0] [cxt 0] Dumping entry 0
Match key:
* hdr.ethernet.dstAddr: EXACT     00000a000001
Action entry: MyIngress.setEgressSpec - 1,

[08:15:25.325] [bmv2] [D] [thread 25612] [11.0] [cxt 0] Action entry is MyIngress.setEgressSpec - 1,
[08:15:25.325] [bmv2] [T] [thread 25612] [11.0] [cxt 0] Action MyIngress.setEgressSpec
[08:15:25.325] [bmv2] [T] [thread 25612] [11.0] [cxt 0] p4src/l2_basic_forwarding.p4(68) Primitive standard_metadata.egress_spec = param
[08:15:25.325] [bmv2] [D] [thread 25612] [11.0] [cxt 0] Pipeline 'ingress': end
[08:15:25.325] [bmv2] [D] [thread 25612] [11.0] [cxt 0] Egress port is 1
[08:15:25.325] [bmv2] [D] [thread 25614] [11.0] [cxt 0] Pipeline 'egress': start
[08:15:25.325] [bmv2] [D] [thread 25614] [11.0] [cxt 0] Pipeline 'egress': end
[08:15:25.325] [bmv2] [D] [thread 25614] [11.0] [cxt 0] Deparser 'deparser': start
[08:15:25.325] [bmv2] [D] [thread 25614] [11.0] [cxt 0] Deparsing header 'ethernet'
[08:15:25.325] [bmv2] [D] [thread 25614] [11.0] [cxt 0] Deparser 'deparser': end
[08:15:25.325] [bmv2] [D] [thread 25617] [11.0] [cxt 0] Transmitting packet of size 98 out of port 1
[08:15:25.327] [bmv2] [D] [thread 25612] [12.0] [cxt 0] Processing packet received on port 1
[08:15:25.327] [bmv2] [D] [thread 25612] [12.0] [cxt 0] Parser 'parser': start
[08:15:25.327] [bmv2] [D] [thread 25612] [12.0] [cxt 0] Parser 'parser' entering state 'start'
[08:15:25.327] [bmv2] [D] [thread 25612] [12.0] [cxt 0] Extracting header 'ethernet'
[08:15:25.327] [bmv2] [D] [thread 25612] [12.0] [cxt 0] Parser state 'start' has no switch, going to default next state
[08:15:25.327] [bmv2] [T] [thread 25612] [12.0] [cxt 0] Bytes parsed: 14
[08:15:25.327] [bmv2] [D] [thread 25612] [12.0] [cxt 0] Parser 'parser': end
[08:15:25.327] [bmv2] [D] [thread 25612] [12.0] [cxt 0] Pipeline 'ingress': start
[08:15:25.327] [bmv2] [T] [thread 25612] [12.0] [cxt 0] Applying table 'MyIngress.myTable'
[08:15:25.327] [bmv2] [D] [thread 25612] [12.0] [cxt 0] Looking up key:
* hdr.ethernet.dstAddr: 00000a000004

[08:15:25.327] [bmv2] [D] [thread 25612] [12.0] [cxt 0] Table 'MyIngress.myTable': hit with handle 3
[08:15:25.327] [bmv2] [D] [thread 25612] [12.0] [cxt 0] Dumping entry 3
Match key:
* hdr.ethernet.dstAddr: EXACT     00000a000004
Action entry: MyIngress.setEgressSpec - 4,

[08:15:25.327] [bmv2] [D] [thread 25612] [12.0] [cxt 0] Action entry is MyIngress.setEgressSpec - 4,
[08:15:25.327] [bmv2] [T] [thread 25612] [12.0] [cxt 0] Action MyIngress.setEgressSpec
[08:15:25.327] [bmv2] [T] [thread 25612] [12.0] [cxt 0] p4src/l2_basic_forwarding.p4(68) Primitive standard_metadata.egress_spec = param
[08:15:25.327] [bmv2] [D] [thread 25612] [12.0] [cxt 0] Pipeline 'ingress': end
[08:15:25.327] [bmv2] [D] [thread 25612] [12.0] [cxt 0] Egress port is 4
[08:15:25.327] [bmv2] [D] [thread 25613] [12.0] [cxt 0] Pipeline 'egress': start
[08:15:25.327] [bmv2] [D] [thread 25613] [12.0] [cxt 0] Pipeline 'egress': end
[08:15:25.327] [bmv2] [D] [thread 25613] [12.0] [cxt 0] Deparser 'deparser': start
[08:15:25.327] [bmv2] [D] [thread 25613] [12.0] [cxt 0] Deparsing header 'ethernet'
[08:15:25.327] [bmv2] [D] [thread 25613] [12.0] [cxt 0] Deparser 'deparser': end
[08:15:25.327] [bmv2] [D] [thread 25617] [12.0] [cxt 0] Transmitting packet of size 98 out of port 4
[08:15:25.327] [bmv2] [D] [thread 25612] [13.0] [cxt 0] Processing packet received on port 4
[08:15:25.327] [bmv2] [D] [thread 25612] [13.0] [cxt 0] Parser 'parser': start
[08:15:25.327] [bmv2] [D] [thread 25612] [13.0] [cxt 0] Parser 'parser' entering state 'start'
[08:15:25.327] [bmv2] [D] [thread 25612] [13.0] [cxt 0] Extracting header 'ethernet'
[08:15:25.327] [bmv2] [D] [thread 25612] [13.0] [cxt 0] Parser state 'start' has no switch, going to default next state
[08:15:25.327] [bmv2] [T] [thread 25612] [13.0] [cxt 0] Bytes parsed: 14
[08:15:25.328] [bmv2] [D] [thread 25612] [13.0] [cxt 0] Parser 'parser': end
[08:15:25.328] [bmv2] [D] [thread 25612] [13.0] [cxt 0] Pipeline 'ingress': start
[08:15:25.328] [bmv2] [T] [thread 25612] [13.0] [cxt 0] Applying table 'MyIngress.myTable'
[08:15:25.328] [bmv2] [D] [thread 25612] [13.0] [cxt 0] Looking up key:
* hdr.ethernet.dstAddr: 00000a000001

[08:15:25.328] [bmv2] [D] [thread 25612] [13.0] [cxt 0] Table 'MyIngress.myTable': hit with handle 0
[08:15:25.328] [bmv2] [D] [thread 25612] [13.0] [cxt 0] Dumping entry 0
Match key:
* hdr.ethernet.dstAddr: EXACT     00000a000001
Action entry: MyIngress.setEgressSpec - 1,

[08:15:25.328] [bmv2] [D] [thread 25612] [13.0] [cxt 0] Action entry is MyIngress.setEgressSpec - 1,
[08:15:25.328] [bmv2] [T] [thread 25612] [13.0] [cxt 0] Action MyIngress.setEgressSpec
[08:15:25.328] [bmv2] [T] [thread 25612] [13.0] [cxt 0] p4src/l2_basic_forwarding.p4(68) Primitive standard_metadata.egress_spec = param
[08:15:25.328] [bmv2] [D] [thread 25612] [13.0] [cxt 0] Pipeline 'ingress': end
[08:15:25.328] [bmv2] [D] [thread 25612] [13.0] [cxt 0] Egress port is 1
[08:15:25.328] [bmv2] [D] [thread 25614] [13.0] [cxt 0] Pipeline 'egress': start
[08:15:25.328] [bmv2] [D] [thread 25614] [13.0] [cxt 0] Pipeline 'egress': end
[08:15:25.328] [bmv2] [D] [thread 25614] [13.0] [cxt 0] Deparser 'deparser': start
[08:15:25.328] [bmv2] [D] [thread 25614] [13.0] [cxt 0] Deparsing header 'ethernet'
[08:15:25.328] [bmv2] [D] [thread 25614] [13.0] [cxt 0] Deparser 'deparser': end
[08:15:25.328] [bmv2] [D] [thread 25617] [13.0] [cxt 0] Transmitting packet of size 98 out of port 1
[08:15:25.330] [bmv2] [D] [thread 25612] [14.0] [cxt 0] Processing packet received on port 2
[08:15:25.330] [bmv2] [D] [thread 25612] [14.0] [cxt 0] Parser 'parser': start
[08:15:25.330] [bmv2] [D] [thread 25612] [14.0] [cxt 0] Parser 'parser' entering state 'start'
[08:15:25.330] [bmv2] [D] [thread 25612] [14.0] [cxt 0] Extracting header 'ethernet'
[08:15:25.330] [bmv2] [D] [thread 25612] [14.0] [cxt 0] Parser state 'start' has no switch, going to default next state
[08:15:25.330] [bmv2] [T] [thread 25612] [14.0] [cxt 0] Bytes parsed: 14
[08:15:25.330] [bmv2] [D] [thread 25612] [14.0] [cxt 0] Parser 'parser': end
[08:15:25.330] [bmv2] [D] [thread 25612] [14.0] [cxt 0] Pipeline 'ingress': start
[08:15:25.330] [bmv2] [T] [thread 25612] [14.0] [cxt 0] Applying table 'MyIngress.myTable'
[08:15:25.330] [bmv2] [D] [thread 25612] [14.0] [cxt 0] Looking up key:
* hdr.ethernet.dstAddr: 00000a000001

[08:15:25.330] [bmv2] [D] [thread 25612] [14.0] [cxt 0] Table 'MyIngress.myTable': hit with handle 0
[08:15:25.330] [bmv2] [D] [thread 25612] [14.0] [cxt 0] Dumping entry 0
Match key:
* hdr.ethernet.dstAddr: EXACT     00000a000001
Action entry: MyIngress.setEgressSpec - 1,

[08:15:25.330] [bmv2] [D] [thread 25612] [14.0] [cxt 0] Action entry is MyIngress.setEgressSpec - 1,
[08:15:25.330] [bmv2] [T] [thread 25612] [14.0] [cxt 0] Action MyIngress.setEgressSpec
[08:15:25.330] [bmv2] [T] [thread 25612] [14.0] [cxt 0] p4src/l2_basic_forwarding.p4(68) Primitive standard_metadata.egress_spec = param
[08:15:25.330] [bmv2] [D] [thread 25612] [14.0] [cxt 0] Pipeline 'ingress': end
[08:15:25.330] [bmv2] [D] [thread 25612] [14.0] [cxt 0] Egress port is 1
[08:15:25.330] [bmv2] [D] [thread 25614] [14.0] [cxt 0] Pipeline 'egress': start
[08:15:25.330] [bmv2] [D] [thread 25614] [14.0] [cxt 0] Pipeline 'egress': end
[08:15:25.330] [bmv2] [D] [thread 25614] [14.0] [cxt 0] Deparser 'deparser': start
[08:15:25.330] [bmv2] [D] [thread 25614] [14.0] [cxt 0] Deparsing header 'ethernet'
[08:15:25.330] [bmv2] [D] [thread 25614] [14.0] [cxt 0] Deparser 'deparser': end
[08:15:25.331] [bmv2] [D] [thread 25617] [14.0] [cxt 0] Transmitting packet of size 98 out of port 1
[08:15:25.331] [bmv2] [D] [thread 25612] [15.0] [cxt 0] Processing packet received on port 1
[08:15:25.331] [bmv2] [D] [thread 25612] [15.0] [cxt 0] Parser 'parser': start
[08:15:25.331] [bmv2] [D] [thread 25612] [15.0] [cxt 0] Parser 'parser' entering state 'start'
[08:15:25.331] [bmv2] [D] [thread 25612] [15.0] [cxt 0] Extracting header 'ethernet'
[08:15:25.331] [bmv2] [D] [thread 25612] [15.0] [cxt 0] Parser state 'start' has no switch, going to default next state
[08:15:25.331] [bmv2] [T] [thread 25612] [15.0] [cxt 0] Bytes parsed: 14
[08:15:25.331] [bmv2] [D] [thread 25612] [15.0] [cxt 0] Parser 'parser': end
[08:15:25.331] [bmv2] [D] [thread 25612] [15.0] [cxt 0] Pipeline 'ingress': start
[08:15:25.331] [bmv2] [T] [thread 25612] [15.0] [cxt 0] Applying table 'MyIngress.myTable'
[08:15:25.331] [bmv2] [D] [thread 25612] [15.0] [cxt 0] Looking up key:
* hdr.ethernet.dstAddr: 00000a000002

[08:15:25.331] [bmv2] [D] [thread 25612] [15.0] [cxt 0] Table 'MyIngress.myTable': hit with handle 1
[08:15:25.331] [bmv2] [D] [thread 25612] [15.0] [cxt 0] Dumping entry 1
Match key:
* hdr.ethernet.dstAddr: EXACT     00000a000002
Action entry: MyIngress.setEgressSpec - 2,

[08:15:25.331] [bmv2] [D] [thread 25612] [15.0] [cxt 0] Action entry is MyIngress.setEgressSpec - 2,
[08:15:25.331] [bmv2] [T] [thread 25612] [15.0] [cxt 0] Action MyIngress.setEgressSpec
[08:15:25.331] [bmv2] [T] [thread 25612] [15.0] [cxt 0] p4src/l2_basic_forwarding.p4(68) Primitive standard_metadata.egress_spec = param
[08:15:25.331] [bmv2] [D] [thread 25612] [15.0] [cxt 0] Pipeline 'ingress': end
[08:15:25.331] [bmv2] [D] [thread 25612] [15.0] [cxt 0] Egress port is 2
[08:15:25.331] [bmv2] [D] [thread 25615] [15.0] [cxt 0] Pipeline 'egress': start
[08:15:25.331] [bmv2] [D] [thread 25615] [15.0] [cxt 0] Pipeline 'egress': end
[08:15:25.331] [bmv2] [D] [thread 25615] [15.0] [cxt 0] Deparser 'deparser': start
[08:15:25.331] [bmv2] [D] [thread 25615] [15.0] [cxt 0] Deparsing header 'ethernet'
[08:15:25.331] [bmv2] [D] [thread 25615] [15.0] [cxt 0] Deparser 'deparser': end
[08:15:25.331] [bmv2] [D] [thread 25617] [15.0] [cxt 0] Transmitting packet of size 98 out of port 2
[08:15:25.333] [bmv2] [D] [thread 25612] [16.0] [cxt 0] Processing packet received on port 2
[08:15:25.333] [bmv2] [D] [thread 25612] [16.0] [cxt 0] Parser 'parser': start
[08:15:25.333] [bmv2] [D] [thread 25612] [16.0] [cxt 0] Parser 'parser' entering state 'start'
[08:15:25.334] [bmv2] [D] [thread 25612] [16.0] [cxt 0] Extracting header 'ethernet'
[08:15:25.334] [bmv2] [D] [thread 25612] [16.0] [cxt 0] Parser state 'start' has no switch, going to default next state
[08:15:25.334] [bmv2] [T] [thread 25612] [16.0] [cxt 0] Bytes parsed: 14
[08:15:25.334] [bmv2] [D] [thread 25612] [16.0] [cxt 0] Parser 'parser': end
[08:15:25.334] [bmv2] [D] [thread 25612] [16.0] [cxt 0] Pipeline 'ingress': start
[08:15:25.334] [bmv2] [T] [thread 25612] [16.0] [cxt 0] Applying table 'MyIngress.myTable'
[08:15:25.334] [bmv2] [D] [thread 25612] [16.0] [cxt 0] Looking up key:
* hdr.ethernet.dstAddr: 00000a000003

[08:15:25.334] [bmv2] [D] [thread 25612] [16.0] [cxt 0] Table 'MyIngress.myTable': hit with handle 2
[08:15:25.334] [bmv2] [D] [thread 25612] [16.0] [cxt 0] Dumping entry 2
Match key:
* hdr.ethernet.dstAddr: EXACT     00000a000003
Action entry: MyIngress.setEgressSpec - 3,

[08:15:25.334] [bmv2] [D] [thread 25612] [16.0] [cxt 0] Action entry is MyIngress.setEgressSpec - 3,
[08:15:25.334] [bmv2] [T] [thread 25612] [16.0] [cxt 0] Action MyIngress.setEgressSpec
[08:15:25.334] [bmv2] [T] [thread 25612] [16.0] [cxt 0] p4src/l2_basic_forwarding.p4(68) Primitive standard_metadata.egress_spec = param
[08:15:25.334] [bmv2] [D] [thread 25612] [16.0] [cxt 0] Pipeline 'ingress': end
[08:15:25.334] [bmv2] [D] [thread 25612] [16.0] [cxt 0] Egress port is 3
[08:15:25.334] [bmv2] [D] [thread 25616] [16.0] [cxt 0] Pipeline 'egress': start
[08:15:25.334] [bmv2] [D] [thread 25616] [16.0] [cxt 0] Pipeline 'egress': end
[08:15:25.334] [bmv2] [D] [thread 25616] [16.0] [cxt 0] Deparser 'deparser': start
[08:15:25.334] [bmv2] [D] [thread 25616] [16.0] [cxt 0] Deparsing header 'ethernet'
[08:15:25.334] [bmv2] [D] [thread 25616] [16.0] [cxt 0] Deparser 'deparser': end
[08:15:25.334] [bmv2] [D] [thread 25617] [16.0] [cxt 0] Transmitting packet of size 98 out of port 3
[08:15:25.334] [bmv2] [D] [thread 25612] [17.0] [cxt 0] Processing packet received on port 3
[08:15:25.334] [bmv2] [D] [thread 25612] [17.0] [cxt 0] Parser 'parser': start
[08:15:25.334] [bmv2] [D] [thread 25612] [17.0] [cxt 0] Parser 'parser' entering state 'start'
[08:15:25.334] [bmv2] [D] [thread 25612] [17.0] [cxt 0] Extracting header 'ethernet'
[08:15:25.334] [bmv2] [D] [thread 25612] [17.0] [cxt 0] Parser state 'start' has no switch, going to default next state
[08:15:25.334] [bmv2] [T] [thread 25612] [17.0] [cxt 0] Bytes parsed: 14
[08:15:25.334] [bmv2] [D] [thread 25612] [17.0] [cxt 0] Parser 'parser': end
[08:15:25.334] [bmv2] [D] [thread 25612] [17.0] [cxt 0] Pipeline 'ingress': start
[08:15:25.334] [bmv2] [T] [thread 25612] [17.0] [cxt 0] Applying table 'MyIngress.myTable'
[08:15:25.334] [bmv2] [D] [thread 25612] [17.0] [cxt 0] Looking up key:
* hdr.ethernet.dstAddr: 00000a000002

[08:15:25.334] [bmv2] [D] [thread 25612] [17.0] [cxt 0] Table 'MyIngress.myTable': hit with handle 1
[08:15:25.334] [bmv2] [D] [thread 25612] [17.0] [cxt 0] Dumping entry 1
Match key:
* hdr.ethernet.dstAddr: EXACT     00000a000002
Action entry: MyIngress.setEgressSpec - 2,

[08:15:25.334] [bmv2] [D] [thread 25612] [17.0] [cxt 0] Action entry is MyIngress.setEgressSpec - 2,
[08:15:25.334] [bmv2] [T] [thread 25612] [17.0] [cxt 0] Action MyIngress.setEgressSpec
[08:15:25.334] [bmv2] [T] [thread 25612] [17.0] [cxt 0] p4src/l2_basic_forwarding.p4(68) Primitive standard_metadata.egress_spec = param
[08:15:25.334] [bmv2] [D] [thread 25612] [17.0] [cxt 0] Pipeline 'ingress': end
[08:15:25.334] [bmv2] [D] [thread 25612] [17.0] [cxt 0] Egress port is 2
[08:15:25.334] [bmv2] [D] [thread 25615] [17.0] [cxt 0] Pipeline 'egress': start
[08:15:25.334] [bmv2] [D] [thread 25615] [17.0] [cxt 0] Pipeline 'egress': end
[08:15:25.334] [bmv2] [D] [thread 25615] [17.0] [cxt 0] Deparser 'deparser': start
[08:15:25.334] [bmv2] [D] [thread 25615] [17.0] [cxt 0] Deparsing header 'ethernet'
[08:15:25.334] [bmv2] [D] [thread 25615] [17.0] [cxt 0] Deparser 'deparser': end
[08:15:25.334] [bmv2] [D] [thread 25617] [17.0] [cxt 0] Transmitting packet of size 98 out of port 2
[08:15:25.336] [bmv2] [D] [thread 25612] [18.0] [cxt 0] Processing packet received on port 2
[08:15:25.336] [bmv2] [D] [thread 25612] [18.0] [cxt 0] Parser 'parser': start
[08:15:25.336] [bmv2] [D] [thread 25612] [18.0] [cxt 0] Parser 'parser' entering state 'start'
[08:15:25.336] [bmv2] [D] [thread 25612] [18.0] [cxt 0] Extracting header 'ethernet'
[08:15:25.336] [bmv2] [D] [thread 25612] [18.0] [cxt 0] Parser state 'start' has no switch, going to default next state
[08:15:25.336] [bmv2] [T] [thread 25612] [18.0] [cxt 0] Bytes parsed: 14
[08:15:25.336] [bmv2] [D] [thread 25612] [18.0] [cxt 0] Parser 'parser': end
[08:15:25.336] [bmv2] [D] [thread 25612] [18.0] [cxt 0] Pipeline 'ingress': start
[08:15:25.336] [bmv2] [T] [thread 25612] [18.0] [cxt 0] Applying table 'MyIngress.myTable'
[08:15:25.336] [bmv2] [D] [thread 25612] [18.0] [cxt 0] Looking up key:
* hdr.ethernet.dstAddr: 00000a000004

[08:15:25.336] [bmv2] [D] [thread 25612] [18.0] [cxt 0] Table 'MyIngress.myTable': hit with handle 3
[08:15:25.336] [bmv2] [D] [thread 25612] [18.0] [cxt 0] Dumping entry 3
Match key:
* hdr.ethernet.dstAddr: EXACT     00000a000004
Action entry: MyIngress.setEgressSpec - 4,

[08:15:25.336] [bmv2] [D] [thread 25612] [18.0] [cxt 0] Action entry is MyIngress.setEgressSpec - 4,
[08:15:25.336] [bmv2] [T] [thread 25612] [18.0] [cxt 0] Action MyIngress.setEgressSpec
[08:15:25.336] [bmv2] [T] [thread 25612] [18.0] [cxt 0] p4src/l2_basic_forwarding.p4(68) Primitive standard_metadata.egress_spec = param
[08:15:25.336] [bmv2] [D] [thread 25612] [18.0] [cxt 0] Pipeline 'ingress': end
[08:15:25.336] [bmv2] [D] [thread 25612] [18.0] [cxt 0] Egress port is 4
[08:15:25.336] [bmv2] [D] [thread 25613] [18.0] [cxt 0] Pipeline 'egress': start
[08:15:25.336] [bmv2] [D] [thread 25613] [18.0] [cxt 0] Pipeline 'egress': end
[08:15:25.336] [bmv2] [D] [thread 25613] [18.0] [cxt 0] Deparser 'deparser': start
[08:15:25.336] [bmv2] [D] [thread 25613] [18.0] [cxt 0] Deparsing header 'ethernet'
[08:15:25.336] [bmv2] [D] [thread 25613] [18.0] [cxt 0] Deparser 'deparser': end
[08:15:25.336] [bmv2] [D] [thread 25617] [18.0] [cxt 0] Transmitting packet of size 98 out of port 4
[08:15:25.336] [bmv2] [D] [thread 25612] [19.0] [cxt 0] Processing packet received on port 4
[08:15:25.336] [bmv2] [D] [thread 25612] [19.0] [cxt 0] Parser 'parser': start
[08:15:25.336] [bmv2] [D] [thread 25612] [19.0] [cxt 0] Parser 'parser' entering state 'start'
[08:15:25.336] [bmv2] [D] [thread 25612] [19.0] [cxt 0] Extracting header 'ethernet'
[08:15:25.336] [bmv2] [D] [thread 25612] [19.0] [cxt 0] Parser state 'start' has no switch, going to default next state
[08:15:25.336] [bmv2] [T] [thread 25612] [19.0] [cxt 0] Bytes parsed: 14
[08:15:25.336] [bmv2] [D] [thread 25612] [19.0] [cxt 0] Parser 'parser': end
[08:15:25.336] [bmv2] [D] [thread 25612] [19.0] [cxt 0] Pipeline 'ingress': start
[08:15:25.336] [bmv2] [T] [thread 25612] [19.0] [cxt 0] Applying table 'MyIngress.myTable'
[08:15:25.336] [bmv2] [D] [thread 25612] [19.0] [cxt 0] Looking up key:
* hdr.ethernet.dstAddr: 00000a000002

[08:15:25.336] [bmv2] [D] [thread 25612] [19.0] [cxt 0] Table 'MyIngress.myTable': hit with handle 1
[08:15:25.336] [bmv2] [D] [thread 25612] [19.0] [cxt 0] Dumping entry 1
Match key:
* hdr.ethernet.dstAddr: EXACT     00000a000002
Action entry: MyIngress.setEgressSpec - 2,

[08:15:25.336] [bmv2] [D] [thread 25612] [19.0] [cxt 0] Action entry is MyIngress.setEgressSpec - 2,
[08:15:25.336] [bmv2] [T] [thread 25612] [19.0] [cxt 0] Action MyIngress.setEgressSpec
[08:15:25.336] [bmv2] [T] [thread 25612] [19.0] [cxt 0] p4src/l2_basic_forwarding.p4(68) Primitive standard_metadata.egress_spec = param
[08:15:25.336] [bmv2] [D] [thread 25612] [19.0] [cxt 0] Pipeline 'ingress': end
[08:15:25.336] [bmv2] [D] [thread 25612] [19.0] [cxt 0] Egress port is 2
[08:15:25.336] [bmv2] [D] [thread 25615] [19.0] [cxt 0] Pipeline 'egress': start
[08:15:25.336] [bmv2] [D] [thread 25615] [19.0] [cxt 0] Pipeline 'egress': end
[08:15:25.336] [bmv2] [D] [thread 25615] [19.0] [cxt 0] Deparser 'deparser': start
[08:15:25.337] [bmv2] [D] [thread 25615] [19.0] [cxt 0] Deparsing header 'ethernet'
[08:15:25.337] [bmv2] [D] [thread 25615] [19.0] [cxt 0] Deparser 'deparser': end
[08:15:25.337] [bmv2] [D] [thread 25617] [19.0] [cxt 0] Transmitting packet of size 98 out of port 2
[08:15:25.338] [bmv2] [D] [thread 25612] [20.0] [cxt 0] Processing packet received on port 3
[08:15:25.338] [bmv2] [D] [thread 25612] [20.0] [cxt 0] Parser 'parser': start
[08:15:25.338] [bmv2] [D] [thread 25612] [20.0] [cxt 0] Parser 'parser' entering state 'start'
[08:15:25.338] [bmv2] [D] [thread 25612] [20.0] [cxt 0] Extracting header 'ethernet'
[08:15:25.338] [bmv2] [D] [thread 25612] [20.0] [cxt 0] Parser state 'start' has no switch, going to default next state
[08:15:25.338] [bmv2] [T] [thread 25612] [20.0] [cxt 0] Bytes parsed: 14
[08:15:25.338] [bmv2] [D] [thread 25612] [20.0] [cxt 0] Parser 'parser': end
[08:15:25.338] [bmv2] [D] [thread 25612] [20.0] [cxt 0] Pipeline 'ingress': start
[08:15:25.338] [bmv2] [T] [thread 25612] [20.0] [cxt 0] Applying table 'MyIngress.myTable'
[08:15:25.338] [bmv2] [D] [thread 25612] [20.0] [cxt 0] Looking up key:
* hdr.ethernet.dstAddr: 00000a000001

[08:15:25.338] [bmv2] [D] [thread 25612] [20.0] [cxt 0] Table 'MyIngress.myTable': hit with handle 0
[08:15:25.338] [bmv2] [D] [thread 25612] [20.0] [cxt 0] Dumping entry 0
Match key:
* hdr.ethernet.dstAddr: EXACT     00000a000001
Action entry: MyIngress.setEgressSpec - 1,

[08:15:25.338] [bmv2] [D] [thread 25612] [20.0] [cxt 0] Action entry is MyIngress.setEgressSpec - 1,
[08:15:25.338] [bmv2] [T] [thread 25612] [20.0] [cxt 0] Action MyIngress.setEgressSpec
[08:15:25.338] [bmv2] [T] [thread 25612] [20.0] [cxt 0] p4src/l2_basic_forwarding.p4(68) Primitive standard_metadata.egress_spec = param
[08:15:25.338] [bmv2] [D] [thread 25612] [20.0] [cxt 0] Pipeline 'ingress': end
[08:15:25.338] [bmv2] [D] [thread 25612] [20.0] [cxt 0] Egress port is 1
[08:15:25.339] [bmv2] [D] [thread 25614] [20.0] [cxt 0] Pipeline 'egress': start
[08:15:25.339] [bmv2] [D] [thread 25614] [20.0] [cxt 0] Pipeline 'egress': end
[08:15:25.339] [bmv2] [D] [thread 25614] [20.0] [cxt 0] Deparser 'deparser': start
[08:15:25.339] [bmv2] [D] [thread 25614] [20.0] [cxt 0] Deparsing header 'ethernet'
[08:15:25.339] [bmv2] [D] [thread 25614] [20.0] [cxt 0] Deparser 'deparser': end
[08:15:25.339] [bmv2] [D] [thread 25617] [20.0] [cxt 0] Transmitting packet of size 98 out of port 1
[08:15:25.339] [bmv2] [D] [thread 25612] [21.0] [cxt 0] Processing packet received on port 1
[08:15:25.339] [bmv2] [D] [thread 25612] [21.0] [cxt 0] Parser 'parser': start
[08:15:25.339] [bmv2] [D] [thread 25612] [21.0] [cxt 0] Parser 'parser' entering state 'start'
[08:15:25.339] [bmv2] [D] [thread 25612] [21.0] [cxt 0] Extracting header 'ethernet'
[08:15:25.339] [bmv2] [D] [thread 25612] [21.0] [cxt 0] Parser state 'start' has no switch, going to default next state
[08:15:25.339] [bmv2] [T] [thread 25612] [21.0] [cxt 0] Bytes parsed: 14
[08:15:25.339] [bmv2] [D] [thread 25612] [21.0] [cxt 0] Parser 'parser': end
[08:15:25.339] [bmv2] [D] [thread 25612] [21.0] [cxt 0] Pipeline 'ingress': start
[08:15:25.339] [bmv2] [T] [thread 25612] [21.0] [cxt 0] Applying table 'MyIngress.myTable'
[08:15:25.339] [bmv2] [D] [thread 25612] [21.0] [cxt 0] Looking up key:
* hdr.ethernet.dstAddr: 00000a000003

[08:15:25.339] [bmv2] [D] [thread 25612] [21.0] [cxt 0] Table 'MyIngress.myTable': hit with handle 2
[08:15:25.339] [bmv2] [D] [thread 25612] [21.0] [cxt 0] Dumping entry 2
Match key:
* hdr.ethernet.dstAddr: EXACT     00000a000003
Action entry: MyIngress.setEgressSpec - 3,

[08:15:25.339] [bmv2] [D] [thread 25612] [21.0] [cxt 0] Action entry is MyIngress.setEgressSpec - 3,
[08:15:25.339] [bmv2] [T] [thread 25612] [21.0] [cxt 0] Action MyIngress.setEgressSpec
[08:15:25.339] [bmv2] [T] [thread 25612] [21.0] [cxt 0] p4src/l2_basic_forwarding.p4(68) Primitive standard_metadata.egress_spec = param
[08:15:25.339] [bmv2] [D] [thread 25612] [21.0] [cxt 0] Pipeline 'ingress': end
[08:15:25.339] [bmv2] [D] [thread 25612] [21.0] [cxt 0] Egress port is 3
[08:15:25.339] [bmv2] [D] [thread 25616] [21.0] [cxt 0] Pipeline 'egress': start
[08:15:25.339] [bmv2] [D] [thread 25616] [21.0] [cxt 0] Pipeline 'egress': end
[08:15:25.339] [bmv2] [D] [thread 25616] [21.0] [cxt 0] Deparser 'deparser': start
[08:15:25.339] [bmv2] [D] [thread 25616] [21.0] [cxt 0] Deparsing header 'ethernet'
[08:15:25.339] [bmv2] [D] [thread 25616] [21.0] [cxt 0] Deparser 'deparser': end
[08:15:25.339] [bmv2] [D] [thread 25617] [21.0] [cxt 0] Transmitting packet of size 98 out of port 3
[08:15:25.341] [bmv2] [D] [thread 25612] [22.0] [cxt 0] Processing packet received on port 3
[08:15:25.341] [bmv2] [D] [thread 25612] [22.0] [cxt 0] Parser 'parser': start
[08:15:25.341] [bmv2] [D] [thread 25612] [22.0] [cxt 0] Parser 'parser' entering state 'start'
[08:15:25.341] [bmv2] [D] [thread 25612] [22.0] [cxt 0] Extracting header 'ethernet'
[08:15:25.341] [bmv2] [D] [thread 25612] [22.0] [cxt 0] Parser state 'start' has no switch, going to default next state
[08:15:25.341] [bmv2] [T] [thread 25612] [22.0] [cxt 0] Bytes parsed: 14
[08:15:25.341] [bmv2] [D] [thread 25612] [22.0] [cxt 0] Parser 'parser': end
[08:15:25.341] [bmv2] [D] [thread 25612] [22.0] [cxt 0] Pipeline 'ingress': start
[08:15:25.341] [bmv2] [T] [thread 25612] [22.0] [cxt 0] Applying table 'MyIngress.myTable'
[08:15:25.341] [bmv2] [D] [thread 25612] [22.0] [cxt 0] Looking up key:
* hdr.ethernet.dstAddr: 00000a000002

[08:15:25.341] [bmv2] [D] [thread 25612] [22.0] [cxt 0] Table 'MyIngress.myTable': hit with handle 1
[08:15:25.341] [bmv2] [D] [thread 25612] [22.0] [cxt 0] Dumping entry 1
Match key:
* hdr.ethernet.dstAddr: EXACT     00000a000002
Action entry: MyIngress.setEgressSpec - 2,

[08:15:25.341] [bmv2] [D] [thread 25612] [22.0] [cxt 0] Action entry is MyIngress.setEgressSpec - 2,
[08:15:25.341] [bmv2] [T] [thread 25612] [22.0] [cxt 0] Action MyIngress.setEgressSpec
[08:15:25.341] [bmv2] [T] [thread 25612] [22.0] [cxt 0] p4src/l2_basic_forwarding.p4(68) Primitive standard_metadata.egress_spec = param
[08:15:25.341] [bmv2] [D] [thread 25612] [22.0] [cxt 0] Pipeline 'ingress': end
[08:15:25.341] [bmv2] [D] [thread 25612] [22.0] [cxt 0] Egress port is 2
[08:15:25.341] [bmv2] [D] [thread 25615] [22.0] [cxt 0] Pipeline 'egress': start
[08:15:25.341] [bmv2] [D] [thread 25615] [22.0] [cxt 0] Pipeline 'egress': end
[08:15:25.341] [bmv2] [D] [thread 25615] [22.0] [cxt 0] Deparser 'deparser': start
[08:15:25.341] [bmv2] [D] [thread 25615] [22.0] [cxt 0] Deparsing header 'ethernet'
[08:15:25.341] [bmv2] [D] [thread 25615] [22.0] [cxt 0] Deparser 'deparser': end
[08:15:25.341] [bmv2] [D] [thread 25617] [22.0] [cxt 0] Transmitting packet of size 98 out of port 2
[08:15:25.341] [bmv2] [D] [thread 25612] [23.0] [cxt 0] Processing packet received on port 2
[08:15:25.341] [bmv2] [D] [thread 25612] [23.0] [cxt 0] Parser 'parser': start
[08:15:25.341] [bmv2] [D] [thread 25612] [23.0] [cxt 0] Parser 'parser' entering state 'start'
[08:15:25.341] [bmv2] [D] [thread 25612] [23.0] [cxt 0] Extracting header 'ethernet'
[08:15:25.341] [bmv2] [D] [thread 25612] [23.0] [cxt 0] Parser state 'start' has no switch, going to default next state
[08:15:25.341] [bmv2] [T] [thread 25612] [23.0] [cxt 0] Bytes parsed: 14
[08:15:25.341] [bmv2] [D] [thread 25612] [23.0] [cxt 0] Parser 'parser': end
[08:15:25.341] [bmv2] [D] [thread 25612] [23.0] [cxt 0] Pipeline 'ingress': start
[08:15:25.341] [bmv2] [T] [thread 25612] [23.0] [cxt 0] Applying table 'MyIngress.myTable'
[08:15:25.341] [bmv2] [D] [thread 25612] [23.0] [cxt 0] Looking up key:
* hdr.ethernet.dstAddr: 00000a000003

[08:15:25.341] [bmv2] [D] [thread 25612] [23.0] [cxt 0] Table 'MyIngress.myTable': hit with handle 2
[08:15:25.341] [bmv2] [D] [thread 25612] [23.0] [cxt 0] Dumping entry 2
Match key:
* hdr.ethernet.dstAddr: EXACT     00000a000003
Action entry: MyIngress.setEgressSpec - 3,

[08:15:25.341] [bmv2] [D] [thread 25612] [23.0] [cxt 0] Action entry is MyIngress.setEgressSpec - 3,
[08:15:25.341] [bmv2] [T] [thread 25612] [23.0] [cxt 0] Action MyIngress.setEgressSpec
[08:15:25.341] [bmv2] [T] [thread 25612] [23.0] [cxt 0] p4src/l2_basic_forwarding.p4(68) Primitive standard_metadata.egress_spec = param
[08:15:25.341] [bmv2] [D] [thread 25612] [23.0] [cxt 0] Pipeline 'ingress': end
[08:15:25.341] [bmv2] [D] [thread 25612] [23.0] [cxt 0] Egress port is 3
[08:15:25.342] [bmv2] [D] [thread 25616] [23.0] [cxt 0] Pipeline 'egress': start
[08:15:25.342] [bmv2] [D] [thread 25616] [23.0] [cxt 0] Pipeline 'egress': end
[08:15:25.342] [bmv2] [D] [thread 25616] [23.0] [cxt 0] Deparser 'deparser': start
[08:15:25.342] [bmv2] [D] [thread 25616] [23.0] [cxt 0] Deparsing header 'ethernet'
[08:15:25.342] [bmv2] [D] [thread 25616] [23.0] [cxt 0] Deparser 'deparser': end
[08:15:25.342] [bmv2] [D] [thread 25617] [23.0] [cxt 0] Transmitting packet of size 98 out of port 3
[08:15:25.343] [bmv2] [D] [thread 25612] [24.0] [cxt 0] Processing packet received on port 3
[08:15:25.343] [bmv2] [D] [thread 25612] [24.0] [cxt 0] Parser 'parser': start
[08:15:25.343] [bmv2] [D] [thread 25612] [24.0] [cxt 0] Parser 'parser' entering state 'start'
[08:15:25.343] [bmv2] [D] [thread 25612] [24.0] [cxt 0] Extracting header 'ethernet'
[08:15:25.343] [bmv2] [D] [thread 25612] [24.0] [cxt 0] Parser state 'start' has no switch, going to default next state
[08:15:25.343] [bmv2] [T] [thread 25612] [24.0] [cxt 0] Bytes parsed: 14
[08:15:25.343] [bmv2] [D] [thread 25612] [24.0] [cxt 0] Parser 'parser': end
[08:15:25.343] [bmv2] [D] [thread 25612] [24.0] [cxt 0] Pipeline 'ingress': start
[08:15:25.343] [bmv2] [T] [thread 25612] [24.0] [cxt 0] Applying table 'MyIngress.myTable'
[08:15:25.343] [bmv2] [D] [thread 25612] [24.0] [cxt 0] Looking up key:
* hdr.ethernet.dstAddr: 00000a000004

[08:15:25.343] [bmv2] [D] [thread 25612] [24.0] [cxt 0] Table 'MyIngress.myTable': hit with handle 3
[08:15:25.343] [bmv2] [D] [thread 25612] [24.0] [cxt 0] Dumping entry 3
Match key:
* hdr.ethernet.dstAddr: EXACT     00000a000004
Action entry: MyIngress.setEgressSpec - 4,

[08:15:25.343] [bmv2] [D] [thread 25612] [24.0] [cxt 0] Action entry is MyIngress.setEgressSpec - 4,
[08:15:25.343] [bmv2] [T] [thread 25612] [24.0] [cxt 0] Action MyIngress.setEgressSpec
[08:15:25.343] [bmv2] [T] [thread 25612] [24.0] [cxt 0] p4src/l2_basic_forwarding.p4(68) Primitive standard_metadata.egress_spec = param
[08:15:25.343] [bmv2] [D] [thread 25612] [24.0] [cxt 0] Pipeline 'ingress': end
[08:15:25.343] [bmv2] [D] [thread 25612] [24.0] [cxt 0] Egress port is 4
[08:15:25.344] [bmv2] [D] [thread 25613] [24.0] [cxt 0] Pipeline 'egress': start
[08:15:25.344] [bmv2] [D] [thread 25613] [24.0] [cxt 0] Pipeline 'egress': end
[08:15:25.344] [bmv2] [D] [thread 25613] [24.0] [cxt 0] Deparser 'deparser': start
[08:15:25.344] [bmv2] [D] [thread 25613] [24.0] [cxt 0] Deparsing header 'ethernet'
[08:15:25.344] [bmv2] [D] [thread 25613] [24.0] [cxt 0] Deparser 'deparser': end
[08:15:25.344] [bmv2] [D] [thread 25617] [24.0] [cxt 0] Transmitting packet of size 98 out of port 4
[08:15:25.344] [bmv2] [D] [thread 25612] [25.0] [cxt 0] Processing packet received on port 4
[08:15:25.344] [bmv2] [D] [thread 25612] [25.0] [cxt 0] Parser 'parser': start
[08:15:25.344] [bmv2] [D] [thread 25612] [25.0] [cxt 0] Parser 'parser' entering state 'start'
[08:15:25.344] [bmv2] [D] [thread 25612] [25.0] [cxt 0] Extracting header 'ethernet'
[08:15:25.344] [bmv2] [D] [thread 25612] [25.0] [cxt 0] Parser state 'start' has no switch, going to default next state
[08:15:25.344] [bmv2] [T] [thread 25612] [25.0] [cxt 0] Bytes parsed: 14
[08:15:25.344] [bmv2] [D] [thread 25612] [25.0] [cxt 0] Parser 'parser': end
[08:15:25.344] [bmv2] [D] [thread 25612] [25.0] [cxt 0] Pipeline 'ingress': start
[08:15:25.344] [bmv2] [T] [thread 25612] [25.0] [cxt 0] Applying table 'MyIngress.myTable'
[08:15:25.344] [bmv2] [D] [thread 25612] [25.0] [cxt 0] Looking up key:
* hdr.ethernet.dstAddr: 00000a000003

[08:15:25.344] [bmv2] [D] [thread 25612] [25.0] [cxt 0] Table 'MyIngress.myTable': hit with handle 2
[08:15:25.344] [bmv2] [D] [thread 25612] [25.0] [cxt 0] Dumping entry 2
Match key:
* hdr.ethernet.dstAddr: EXACT     00000a000003
Action entry: MyIngress.setEgressSpec - 3,

[08:15:25.344] [bmv2] [D] [thread 25612] [25.0] [cxt 0] Action entry is MyIngress.setEgressSpec - 3,
[08:15:25.344] [bmv2] [T] [thread 25612] [25.0] [cxt 0] Action MyIngress.setEgressSpec
[08:15:25.344] [bmv2] [T] [thread 25612] [25.0] [cxt 0] p4src/l2_basic_forwarding.p4(68) Primitive standard_metadata.egress_spec = param
[08:15:25.344] [bmv2] [D] [thread 25612] [25.0] [cxt 0] Pipeline 'ingress': end
[08:15:25.344] [bmv2] [D] [thread 25612] [25.0] [cxt 0] Egress port is 3
[08:15:25.344] [bmv2] [D] [thread 25616] [25.0] [cxt 0] Pipeline 'egress': start
[08:15:25.344] [bmv2] [D] [thread 25616] [25.0] [cxt 0] Pipeline 'egress': end
[08:15:25.344] [bmv2] [D] [thread 25616] [25.0] [cxt 0] Deparser 'deparser': start
[08:15:25.344] [bmv2] [D] [thread 25616] [25.0] [cxt 0] Deparsing header 'ethernet'
[08:15:25.344] [bmv2] [D] [thread 25616] [25.0] [cxt 0] Deparser 'deparser': end
[08:15:25.344] [bmv2] [D] [thread 25617] [25.0] [cxt 0] Transmitting packet of size 98 out of port 3
[08:15:25.346] [bmv2] [D] [thread 25612] [26.0] [cxt 0] Processing packet received on port 4
[08:15:25.346] [bmv2] [D] [thread 25612] [26.0] [cxt 0] Parser 'parser': start
[08:15:25.346] [bmv2] [D] [thread 25612] [26.0] [cxt 0] Parser 'parser' entering state 'start'
[08:15:25.346] [bmv2] [D] [thread 25612] [26.0] [cxt 0] Extracting header 'ethernet'
[08:15:25.346] [bmv2] [D] [thread 25612] [26.0] [cxt 0] Parser state 'start' has no switch, going to default next state
[08:15:25.346] [bmv2] [T] [thread 25612] [26.0] [cxt 0] Bytes parsed: 14
[08:15:25.346] [bmv2] [D] [thread 25612] [26.0] [cxt 0] Parser 'parser': end
[08:15:25.346] [bmv2] [D] [thread 25612] [26.0] [cxt 0] Pipeline 'ingress': start
[08:15:25.346] [bmv2] [T] [thread 25612] [26.0] [cxt 0] Applying table 'MyIngress.myTable'
[08:15:25.346] [bmv2] [D] [thread 25612] [26.0] [cxt 0] Looking up key:
* hdr.ethernet.dstAddr: 00000a000001

[08:15:25.346] [bmv2] [D] [thread 25612] [26.0] [cxt 0] Table 'MyIngress.myTable': hit with handle 0
[08:15:25.346] [bmv2] [D] [thread 25612] [26.0] [cxt 0] Dumping entry 0
Match key:
* hdr.ethernet.dstAddr: EXACT     00000a000001
Action entry: MyIngress.setEgressSpec - 1,

[08:15:25.346] [bmv2] [D] [thread 25612] [26.0] [cxt 0] Action entry is MyIngress.setEgressSpec - 1,
[08:15:25.346] [bmv2] [T] [thread 25612] [26.0] [cxt 0] Action MyIngress.setEgressSpec
[08:15:25.346] [bmv2] [T] [thread 25612] [26.0] [cxt 0] p4src/l2_basic_forwarding.p4(68) Primitive standard_metadata.egress_spec = param
[08:15:25.346] [bmv2] [D] [thread 25612] [26.0] [cxt 0] Pipeline 'ingress': end
[08:15:25.346] [bmv2] [D] [thread 25612] [26.0] [cxt 0] Egress port is 1
[08:15:25.346] [bmv2] [D] [thread 25614] [26.0] [cxt 0] Pipeline 'egress': start
[08:15:25.346] [bmv2] [D] [thread 25614] [26.0] [cxt 0] Pipeline 'egress': end
[08:15:25.346] [bmv2] [D] [thread 25614] [26.0] [cxt 0] Deparser 'deparser': start
[08:15:25.346] [bmv2] [D] [thread 25614] [26.0] [cxt 0] Deparsing header 'ethernet'
[08:15:25.346] [bmv2] [D] [thread 25614] [26.0] [cxt 0] Deparser 'deparser': end
[08:15:25.346] [bmv2] [D] [thread 25617] [26.0] [cxt 0] Transmitting packet of size 98 out of port 1
[08:15:25.346] [bmv2] [D] [thread 25612] [27.0] [cxt 0] Processing packet received on port 1
[08:15:25.346] [bmv2] [D] [thread 25612] [27.0] [cxt 0] Parser 'parser': start
[08:15:25.346] [bmv2] [D] [thread 25612] [27.0] [cxt 0] Parser 'parser' entering state 'start'
[08:15:25.346] [bmv2] [D] [thread 25612] [27.0] [cxt 0] Extracting header 'ethernet'
[08:15:25.346] [bmv2] [D] [thread 25612] [27.0] [cxt 0] Parser state 'start' has no switch, going to default next state
[08:15:25.347] [bmv2] [T] [thread 25612] [27.0] [cxt 0] Bytes parsed: 14
[08:15:25.347] [bmv2] [D] [thread 25612] [27.0] [cxt 0] Parser 'parser': end
[08:15:25.347] [bmv2] [D] [thread 25612] [27.0] [cxt 0] Pipeline 'ingress': start
[08:15:25.347] [bmv2] [T] [thread 25612] [27.0] [cxt 0] Applying table 'MyIngress.myTable'
[08:15:25.347] [bmv2] [D] [thread 25612] [27.0] [cxt 0] Looking up key:
* hdr.ethernet.dstAddr: 00000a000004

[08:15:25.347] [bmv2] [D] [thread 25612] [27.0] [cxt 0] Table 'MyIngress.myTable': hit with handle 3
[08:15:25.347] [bmv2] [D] [thread 25612] [27.0] [cxt 0] Dumping entry 3
Match key:
* hdr.ethernet.dstAddr: EXACT     00000a000004
Action entry: MyIngress.setEgressSpec - 4,

[08:15:25.347] [bmv2] [D] [thread 25612] [27.0] [cxt 0] Action entry is MyIngress.setEgressSpec - 4,
[08:15:25.347] [bmv2] [T] [thread 25612] [27.0] [cxt 0] Action MyIngress.setEgressSpec
[08:15:25.347] [bmv2] [T] [thread 25612] [27.0] [cxt 0] p4src/l2_basic_forwarding.p4(68) Primitive standard_metadata.egress_spec = param
[08:15:25.347] [bmv2] [D] [thread 25612] [27.0] [cxt 0] Pipeline 'ingress': end
[08:15:25.347] [bmv2] [D] [thread 25612] [27.0] [cxt 0] Egress port is 4
[08:15:25.347] [bmv2] [D] [thread 25613] [27.0] [cxt 0] Pipeline 'egress': start
[08:15:25.347] [bmv2] [D] [thread 25613] [27.0] [cxt 0] Pipeline 'egress': end
[08:15:25.347] [bmv2] [D] [thread 25613] [27.0] [cxt 0] Deparser 'deparser': start
[08:15:25.347] [bmv2] [D] [thread 25613] [27.0] [cxt 0] Deparsing header 'ethernet'
[08:15:25.347] [bmv2] [D] [thread 25613] [27.0] [cxt 0] Deparser 'deparser': end
[08:15:25.347] [bmv2] [D] [thread 25617] [27.0] [cxt 0] Transmitting packet of size 98 out of port 4
[08:15:25.349] [bmv2] [D] [thread 25612] [28.0] [cxt 0] Processing packet received on port 4
[08:15:25.349] [bmv2] [D] [thread 25612] [28.0] [cxt 0] Parser 'parser': start
[08:15:25.349] [bmv2] [D] [thread 25612] [28.0] [cxt 0] Parser 'parser' entering state 'start'
[08:15:25.349] [bmv2] [D] [thread 25612] [28.0] [cxt 0] Extracting header 'ethernet'
[08:15:25.349] [bmv2] [D] [thread 25612] [28.0] [cxt 0] Parser state 'start' has no switch, going to default next state
[08:15:25.349] [bmv2] [T] [thread 25612] [28.0] [cxt 0] Bytes parsed: 14
[08:15:25.349] [bmv2] [D] [thread 25612] [28.0] [cxt 0] Parser 'parser': end
[08:15:25.349] [bmv2] [D] [thread 25612] [28.0] [cxt 0] Pipeline 'ingress': start
[08:15:25.349] [bmv2] [T] [thread 25612] [28.0] [cxt 0] Applying table 'MyIngress.myTable'
[08:15:25.349] [bmv2] [D] [thread 25612] [28.0] [cxt 0] Looking up key:
* hdr.ethernet.dstAddr: 00000a000002

[08:15:25.349] [bmv2] [D] [thread 25612] [28.0] [cxt 0] Table 'MyIngress.myTable': hit with handle 1
[08:15:25.349] [bmv2] [D] [thread 25612] [28.0] [cxt 0] Dumping entry 1
Match key:
* hdr.ethernet.dstAddr: EXACT     00000a000002
Action entry: MyIngress.setEgressSpec - 2,

[08:15:25.349] [bmv2] [D] [thread 25612] [28.0] [cxt 0] Action entry is MyIngress.setEgressSpec - 2,
[08:15:25.349] [bmv2] [T] [thread 25612] [28.0] [cxt 0] Action MyIngress.setEgressSpec
[08:15:25.349] [bmv2] [T] [thread 25612] [28.0] [cxt 0] p4src/l2_basic_forwarding.p4(68) Primitive standard_metadata.egress_spec = param
[08:15:25.349] [bmv2] [D] [thread 25612] [28.0] [cxt 0] Pipeline 'ingress': end
[08:15:25.349] [bmv2] [D] [thread 25612] [28.0] [cxt 0] Egress port is 2
[08:15:25.349] [bmv2] [D] [thread 25615] [28.0] [cxt 0] Pipeline 'egress': start
[08:15:25.349] [bmv2] [D] [thread 25615] [28.0] [cxt 0] Pipeline 'egress': end
[08:15:25.349] [bmv2] [D] [thread 25615] [28.0] [cxt 0] Deparser 'deparser': start
[08:15:25.349] [bmv2] [D] [thread 25615] [28.0] [cxt 0] Deparsing header 'ethernet'
[08:15:25.349] [bmv2] [D] [thread 25615] [28.0] [cxt 0] Deparser 'deparser': end
[08:15:25.349] [bmv2] [D] [thread 25617] [28.0] [cxt 0] Transmitting packet of size 98 out of port 2
[08:15:25.349] [bmv2] [D] [thread 25612] [29.0] [cxt 0] Processing packet received on port 2
[08:15:25.349] [bmv2] [D] [thread 25612] [29.0] [cxt 0] Parser 'parser': start
[08:15:25.349] [bmv2] [D] [thread 25612] [29.0] [cxt 0] Parser 'parser' entering state 'start'
[08:15:25.349] [bmv2] [D] [thread 25612] [29.0] [cxt 0] Extracting header 'ethernet'
[08:15:25.349] [bmv2] [D] [thread 25612] [29.0] [cxt 0] Parser state 'start' has no switch, going to default next state
[08:15:25.349] [bmv2] [T] [thread 25612] [29.0] [cxt 0] Bytes parsed: 14
[08:15:25.349] [bmv2] [D] [thread 25612] [29.0] [cxt 0] Parser 'parser': end
[08:15:25.349] [bmv2] [D] [thread 25612] [29.0] [cxt 0] Pipeline 'ingress': start
[08:15:25.349] [bmv2] [T] [thread 25612] [29.0] [cxt 0] Applying table 'MyIngress.myTable'
[08:15:25.349] [bmv2] [D] [thread 25612] [29.0] [cxt 0] Looking up key:
* hdr.ethernet.dstAddr: 00000a000004

[08:15:25.349] [bmv2] [D] [thread 25612] [29.0] [cxt 0] Table 'MyIngress.myTable': hit with handle 3
[08:15:25.349] [bmv2] [D] [thread 25612] [29.0] [cxt 0] Dumping entry 3
Match key:
* hdr.ethernet.dstAddr: EXACT     00000a000004
Action entry: MyIngress.setEgressSpec - 4,

[08:15:25.349] [bmv2] [D] [thread 25612] [29.0] [cxt 0] Action entry is MyIngress.setEgressSpec - 4,
[08:15:25.349] [bmv2] [T] [thread 25612] [29.0] [cxt 0] Action MyIngress.setEgressSpec
[08:15:25.349] [bmv2] [T] [thread 25612] [29.0] [cxt 0] p4src/l2_basic_forwarding.p4(68) Primitive standard_metadata.egress_spec = param
[08:15:25.349] [bmv2] [D] [thread 25612] [29.0] [cxt 0] Pipeline 'ingress': end
[08:15:25.349] [bmv2] [D] [thread 25612] [29.0] [cxt 0] Egress port is 4
[08:15:25.349] [bmv2] [D] [thread 25613] [29.0] [cxt 0] Pipeline 'egress': start
[08:15:25.349] [bmv2] [D] [thread 25613] [29.0] [cxt 0] Pipeline 'egress': end
[08:15:25.349] [bmv2] [D] [thread 25613] [29.0] [cxt 0] Deparser 'deparser': start
[08:15:25.349] [bmv2] [D] [thread 25613] [29.0] [cxt 0] Deparsing header 'ethernet'
[08:15:25.349] [bmv2] [D] [thread 25613] [29.0] [cxt 0] Deparser 'deparser': end
[08:15:25.349] [bmv2] [D] [thread 25617] [29.0] [cxt 0] Transmitting packet of size 98 out of port 4
[08:15:25.351] [bmv2] [D] [thread 25612] [30.0] [cxt 0] Processing packet received on port 4
[08:15:25.351] [bmv2] [D] [thread 25612] [30.0] [cxt 0] Parser 'parser': start
[08:15:25.351] [bmv2] [D] [thread 25612] [30.0] [cxt 0] Parser 'parser' entering state 'start'
[08:15:25.351] [bmv2] [D] [thread 25612] [30.0] [cxt 0] Extracting header 'ethernet'
[08:15:25.351] [bmv2] [D] [thread 25612] [30.0] [cxt 0] Parser state 'start' has no switch, going to default next state
[08:15:25.351] [bmv2] [T] [thread 25612] [30.0] [cxt 0] Bytes parsed: 14
[08:15:25.351] [bmv2] [D] [thread 25612] [30.0] [cxt 0] Parser 'parser': end
[08:15:25.351] [bmv2] [D] [thread 25612] [30.0] [cxt 0] Pipeline 'ingress': start
[08:15:25.351] [bmv2] [T] [thread 25612] [30.0] [cxt 0] Applying table 'MyIngress.myTable'
[08:15:25.351] [bmv2] [D] [thread 25612] [30.0] [cxt 0] Looking up key:
* hdr.ethernet.dstAddr: 00000a000003

[08:15:25.351] [bmv2] [D] [thread 25612] [30.0] [cxt 0] Table 'MyIngress.myTable': hit with handle 2
[08:15:25.351] [bmv2] [D] [thread 25612] [30.0] [cxt 0] Dumping entry 2
Match key:
* hdr.ethernet.dstAddr: EXACT     00000a000003
Action entry: MyIngress.setEgressSpec - 3,

[08:15:25.351] [bmv2] [D] [thread 25612] [30.0] [cxt 0] Action entry is MyIngress.setEgressSpec - 3,
[08:15:25.351] [bmv2] [T] [thread 25612] [30.0] [cxt 0] Action MyIngress.setEgressSpec
[08:15:25.351] [bmv2] [T] [thread 25612] [30.0] [cxt 0] p4src/l2_basic_forwarding.p4(68) Primitive standard_metadata.egress_spec = param
[08:15:25.351] [bmv2] [D] [thread 25612] [30.0] [cxt 0] Pipeline 'ingress': end
[08:15:25.351] [bmv2] [D] [thread 25612] [30.0] [cxt 0] Egress port is 3
[08:15:25.351] [bmv2] [D] [thread 25616] [30.0] [cxt 0] Pipeline 'egress': start
[08:15:25.351] [bmv2] [D] [thread 25616] [30.0] [cxt 0] Pipeline 'egress': end
[08:15:25.351] [bmv2] [D] [thread 25616] [30.0] [cxt 0] Deparser 'deparser': start
[08:15:25.351] [bmv2] [D] [thread 25616] [30.0] [cxt 0] Deparsing header 'ethernet'
[08:15:25.351] [bmv2] [D] [thread 25616] [30.0] [cxt 0] Deparser 'deparser': end
[08:15:25.352] [bmv2] [D] [thread 25617] [30.0] [cxt 0] Transmitting packet of size 98 out of port 3
[08:15:25.352] [bmv2] [D] [thread 25612] [31.0] [cxt 0] Processing packet received on port 3
[08:15:25.352] [bmv2] [D] [thread 25612] [31.0] [cxt 0] Parser 'parser': start
[08:15:25.352] [bmv2] [D] [thread 25612] [31.0] [cxt 0] Parser 'parser' entering state 'start'
[08:15:25.352] [bmv2] [D] [thread 25612] [31.0] [cxt 0] Extracting header 'ethernet'
[08:15:25.352] [bmv2] [D] [thread 25612] [31.0] [cxt 0] Parser state 'start' has no switch, going to default next state
[08:15:25.352] [bmv2] [T] [thread 25612] [31.0] [cxt 0] Bytes parsed: 14
[08:15:25.352] [bmv2] [D] [thread 25612] [31.0] [cxt 0] Parser 'parser': end
[08:15:25.352] [bmv2] [D] [thread 25612] [31.0] [cxt 0] Pipeline 'ingress': start
[08:15:25.352] [bmv2] [T] [thread 25612] [31.0] [cxt 0] Applying table 'MyIngress.myTable'
[08:15:25.352] [bmv2] [D] [thread 25612] [31.0] [cxt 0] Looking up key:
* hdr.ethernet.dstAddr: 00000a000004

[08:15:25.352] [bmv2] [D] [thread 25612] [31.0] [cxt 0] Table 'MyIngress.myTable': hit with handle 3
[08:15:25.352] [bmv2] [D] [thread 25612] [31.0] [cxt 0] Dumping entry 3
Match key:
* hdr.ethernet.dstAddr: EXACT     00000a000004
Action entry: MyIngress.setEgressSpec - 4,

[08:15:25.352] [bmv2] [D] [thread 25612] [31.0] [cxt 0] Action entry is MyIngress.setEgressSpec - 4,
[08:15:25.352] [bmv2] [T] [thread 25612] [31.0] [cxt 0] Action MyIngress.setEgressSpec
[08:15:25.352] [bmv2] [T] [thread 25612] [31.0] [cxt 0] p4src/l2_basic_forwarding.p4(68) Primitive standard_metadata.egress_spec = param
[08:15:25.352] [bmv2] [D] [thread 25612] [31.0] [cxt 0] Pipeline 'ingress': end
[08:15:25.352] [bmv2] [D] [thread 25612] [31.0] [cxt 0] Egress port is 4
[08:15:25.352] [bmv2] [D] [thread 25613] [31.0] [cxt 0] Pipeline 'egress': start
[08:15:25.352] [bmv2] [D] [thread 25613] [31.0] [cxt 0] Pipeline 'egress': end
[08:15:25.352] [bmv2] [D] [thread 25613] [31.0] [cxt 0] Deparser 'deparser': start
[08:15:25.352] [bmv2] [D] [thread 25613] [31.0] [cxt 0] Deparsing header 'ethernet'
[08:15:25.352] [bmv2] [D] [thread 25613] [31.0] [cxt 0] Deparser 'deparser': end
[08:15:25.352] [bmv2] [D] [thread 25617] [31.0] [cxt 0] Transmitting packet of size 98 out of port 4
